148158111.35276866 -292977655.9912282 260165106.78991696 -66930025.09986046 -114660424.65484764 -547693303.8995517
537637006.944153 -537078734.2718629 -396826705.9678947 -125354416.8091315 260957123.53908998 -321757848.46737283
493561113.3217618 112878166.9778251 -563187604.6592554 103916817.93971705 100168971.84332815 -167799277.19943005
-684266677.4030442 200791611.47605976 222924594.843609 29791391.4415157 -130183172.94970414 -581460951.9479796
193164558.7356596 206088570.17201352 469895699.4307314 659610236.4715412 -120257653.13978897 312895549.8225611
-881056045.2423728 85938210.34333977 425598406.6208388 -218479018.23554462 -83077902.85429622 -183679252.55285197
-229020463.01270127 -378755587.4665175 617125605.7939091 -610940849.5851078 197881908.88937992 -724435071.6249701
-622705572.8655467 -406192387.06394064 165925676.92638502 889758771.2838044 164624249.62598187 -265899012.99079573
-769035031.515918 -494640269.24390644 -50814647.44407023 -508952641.84754467 -721544308.4397517 -106749315.34518805
-274683641.3133989 -466181502.68425703 -65057185.4547098 -162326558.63360655 -235208731.2496951 361985336.2101682
-17125576.655218273 314540041.50445175 526100929.792312 -44493289.92553522 281116413.2555883 274027371.8779562
-378677413.97049236 45531483.383512616 -391107272.2625682 -56015499.746051446 -198287296.74015006 -44497866.12866965
-606507909.7365408 -24764501.710203946 -30858878.7888175 -476266726.21840656 90961734.00067294 -269274320.5049765
395610982.79497 433239867.4577245 550389490.6899586 -811319781.2517791 -379032380.6892735 606723655.5577024
-43746445.7592651 216072569.87646252 249714899.68492395 413412474.80875593 -413040999.4403936 126010286.2545265
249398351.74832243 -742520602.8564789 167776171.40257415 -84701301.66745058 54952996.14658451 14667915.607658684
-536930984.0856898 -782250358.2582481 -105647784.03706259 286355942.3425332 -627284569.5912534 489344496.83464783
2154680.739452347 -530255706.6499965 77462201.82550621 -282313963.8319757 -557507312.5811387 821049308.2039689
106300349.93149716 -404454742.40352774 -147257510.3075099 485640491.491236 218174514.48982647 95779696.72735617
-659645826.7548028 504002380.1192785 -500211707.8764372 501084627.1951568 751579440.6756171 -278419726.75141186
-522876713.0350079 -529370763.3564634 -359091753.66047895 -380005126.17654836 -79929277.66612476 242833986.28849494
