1144798152.168053 727723308.9331322 -1014461207.8970195 -1311561673.4718242 155171952.14714473 306370229.59810024 598411528.6235757
-4469588.104742304 -27186633.871909 1069060178.3661548 274072904.5484233 -162682719.43740278 -93715762.15768848 -60131876.69251996
-166470887.05891842 -1192501175.6316235 127006529.39595294 215970868.05088356 848190792.1030304 320652521.3781432 615405830.4747761
-601729616.9047348 762587471.0306171 739149805.7551956 -306516186.8101894 -443660902.18575203 -800764354.5026329 -52403682.42701991
-868200001.7315717 -115925483.19237727 -244538228.07470256 -661943861.0514231 -181492069.27652484 298139484.06323814 -704286509.8490185
646167018.1245675 -489373861.7082439 1272716550.048912 1095364087.71001 -1271945144.8175716 -28840608.826851163 1045664731.2423266
243710030.72574848 -899978973.6826702 123468391.38911797 -155939078.3549501 537455628.5771896 -1027841792.9885107 -215165393.00696826
767170827.9212261 -618565861.2708706 -815746318.308624 -475818120.6950636 870460612.5626693 142746948.1728888 -480928189.7222264
-284385302.79130006 -1316668489.2489455 -1249655561.8403382 -161808015.22932434 26190979.5551402 -850911804.6783272 5077390.139947433
707845670.9000353 660320959.4193373 -1663813167.0880356 -906754767.2764311 993073432.5447768 -461821133.43352497 -249149366.28167665
-825153491.4416976 -631076065.6724759 278419562.619751 -420025388.53559107 -1284307386.233639 -1435465906.2591908 -518266374.9894781
415761885.63913584 -496443314.24585336 -872134958.4727103 470848646.94317937 995071079.1565555 201259264.80225125 -96995087.89682327
-587069063.6276853 -122914476.54281613 -1025697608.604079 -316212935.7383208 957260900.3593293 185928975.99445707 823876509.9168493
-1687883893.366381 -813929109.5737845 343931926.53842723 254779719.96283522 -793473587.2328964 1026335681.9315985 230400189.82487196
123139821.90657131 88317301.16186102 -182204907.73840287 -175153396.25488618 568160111.5414562 -1738827947.8629715 -1805749995.0645947
-1278829677.6326017 -21872951.862783402 -129524607.46949029 1037378592.2038707 836761816.9371614 -938004034.9069449 -249882158.52293065
942404946.1570917 646442604.114325 -349805999.0583377 -360992317.981358 -149927891.7661235 -609844765.1787671 136161363.41654816
-211127011.47254372 1761806522.5587978 -927021905.061649 590116248.3147037 264293926.72488374 91247697.86999425 -698665787.6873747
-431485343.67730355 -133980163.29361787 118917033.62741202 -1116733583.528051 789561256.0828167 200339707.12070897 -296874477.7983567
632694715.1615118 -416235975.5801109 -2282897107.984737 75458791.11217046 -135675101.3198342 -17431707.046445627 -212686510.06317106
-38239680.936729014 -103475778.52317648 747342478.9559032 -1047097650.7754902 1199253539.049033 244638862.54457754 -265203762.4822881
550755962.4560678 -387683724.80610883 420242581.80639684 -118671880.40207362 711163411.9155697 -444330248.70055515 6407454.975325458
128094048.78721794 -213794493.26424143 672063985.5182037 494574115.23985684 637532295.4961094 590227621.2470137 482977475.25844795
512581.1308796033 -282148408.5229675 1140885793.6195068 424042473.9501627 -1109975631.325707 362917733.65550655 -862164824.0082254
-165059870.8172407 -867252745.2522379 259777876.83517992 1042900634.0675064 471534410.9478226 309936199.6126438 475800158.29498005
121486727.31472331 -424925410.3110981 -540291931.1117443 -840734.7766816318 -244104597.977691 -1104697260.7807674 241277060.03787217
-564222673.1267242 -570025155.2777071 -304715322.68115 436832966.6158042 622766801.7511746 -701929726.9845173 -233760140.87116915
690946427.1688619 958663886.1290104 127757957.14409849 -296910574.2088823 -740427702.6637083 719038145.9021927 1074987176.910767
-607411581.5366564 424078289.65622014 -539140478.4754605 205656845.43965855 850779331.989934 -113076270.61677575 342474761.0444932
1535143297.8431616 801563545.7431295 -518820416.34278446 849638015.0182154 -269077862.8385408 1047822644.5423844 1377177593.0024006
473875816.5217003 -610379893.1098129 -317301625.38027555 64110522.26522944 1299658932.8059397 983758606.5451009 -1296876093.472239
199168721.5246146 -115376588.51648049 642089443.2100549 317527221.43927526 -452753562.0806393 -378648982.02332824 -362220556.35750604
-101891410.41796038 -126101489.5303168 527957832.4945473 -963861267.0416484 38314858.7185529 790415703.015809 -595980282.1050075
-903962807.5853888 -557989445.4614565 433800123.71528685 1578644623.313519 -1093964765.1267753 1049059699.5669013 41819292.41841286
1041476388.1050388 480836258.88067853 -382918632.95919716 182782401.60883614 -83655168.23706867 330701997.2294802 1179580602.4282923
-606085452.3867391 -1054126506.1794873 -690696233.463854 766400417.8565332 541274085.8756493 946480716.1685538 -285967931.4936202
448231594.2878449 -1888989921.7523894 1609420854.4778883 861587842.4045516 149653119.2881013 -848233128.9562906 302949589.7310845
341835413.9842765 -442445142.00075054 830268881.3509028 -257380048.64200714 -3738516.664874098 326435056.7870022 918397281.6232747
-730333794.5688605 -549015313.0837492 23456459.68431866 -1223688728.5015905 513697840.1511644 -88027164.76820837 -657784045.2525568
-784825665.8260612 -146864975.15558517 65563380.815652475 759937153.5697725 -336030901.3907134 214397737.32109728 498338242.1026008
-41165901.37014273 -582290304.3977865 88989207.40422313 -291295921.67636573 -524141999.1163639 -1984590596.5832422 498831997.2566722
1033058291.3000711 -56389767.27221434 689366499.2253348 -518266133.58119774 -225134846.1029525 -814192979.9282916 -1370674547.264652
-590285025.1923244 -177296574.31013253 1210785198.9046571 618857011.0367514 -947810592.6689752 1209352058.859771 95473388.55801253
-63089606.05694186 430885323.44284195 848853875.7734365 659550507.2152861 778745534.8970302 1467379257.2546217 -1203705487.9260397
28109710.77835615 109439360.25991485 -1375813444.9769232 246041484.9130258 932292295.0039612 199909937.5471902 619012520.1026876
-35754094.3115759 -97485925.84304233 725326857.2300503 473756193.1869903 473138110.3187541 -871691146.6708124 -522986333.80538684
-272786588.92000747 -530488206.665847 99514631.4208225 -7972420.089601681 -355428181.3466131 -131340696.64190412 403056502.5407031
-6930819.268040188 126631834.73306224 -836245737.3490167 -852548158.1497344 337415647.7665293 -1272109267.6300662 -761568264.1425847
-248630498.39082152 2124068565.1641653 -1119721158.1884613 -1146877850.7482035 -581463764.4884726 717857075.1776043 234443772.54784986
-666338030.6138072 -1045867735.8335569 261011674.41606662 -835250063.1356683 -133168838.57312776 -951332402.573979 562308232.6937505
-856233936.6302694 670646086.6295383 -954481281.501725 -549891587.0692921 682790855.0920154 383508998.9889991 626718213.320142
-779536580.521609 -923015509.9683954 -1298504856.4501796 -215022643.9277622 -408369432.4287822 -463013151.5238151 448065262.984717
584870065.0947263 -189539285.7191637 -872043762.5854106 -2298918790.869894 464754474.7750097 -236045441.38251817 -1405835033.2620075
136053437.1280925 986810357.3057389 598809550.2983168 -1153025597.1299922 -47742410.68924338 375155863.7437735 -370884391.2182115
-1251629365.5552945 1392269798.7484322 -318390574.7376692 1351386809.481115 -1514825500.3982518 402182873.9420854 -66473322.76119929
1518976679.972729 -531721791.9540793 1147127419.1862183 -412908200.5914122 -348173746.00857824 344276874.5718296 501901063.1455689
370141523.6755302 300638189.2342537 -17400730.245304592 -406586815.99103725 615683359.3566848 473823721.721587 560255662.989058
1557212097.9760852 267509304.27934307 1382195332.1095507 613391328.4453081 -1162657048.0013053 -135581269.17265925 714120284.561882
-1434396688.2401068 -12228859.500512604 -97861633.30428551 -475002020.36850506 -1224993139.9770472 -308619420.2250979 -1183057356.0678937
1245723758.4597118 -1083736380.8680105 816289604.8551292 364391466.58005595 239719285.40399662 -401931127.3688078 776438425.2763336
-1307184637.4610796 -110689931.11617954 76747793.72865829 280708485.0677689 1238620940.4839778 -1085089216.9029696 -726995866.1077602
-272573014.16977054 -398137929.98568153 -963820019.6441253 308353827.607747 -293860419.57134676 270620637.4316789 -432888252.15444946
103377992.96215636 78897451.90942235 1664962415.958213 -103131897.42807361 -1335750380.6632655 -444104359.92501503 128498802.57373813
776418464.0929917 790163360.0374851 -116832152.74743026 -486924875.96876335 -182691724.0068851 -122863094.74279273 -430894296.5674361
-1247476210.9739668 -36458865.00051521 -437893831.62620384 64556015.74186689 -266309827.9941603 206461398.10869312 -652717247.7069784
-129101138.17140615 -115424087.15975742 -391656392.3496601 -681522898.001966 -839768098.3376454 1000612139.0683776 847033334.6602454
-364753213.81996506 -509582279.68097883 -836540726.2591741 -96568305.75573245 -2532560118.423061 324137095.13793516 -235307596.72457156
295590590.49510777 -462645651.8258848 -108072459.0661635 -1028713461.2965672 -96334260.92585944 -353173891.74793965 -143464510.0860424
1082767088.5626202 424845063.15828264 -2518116801.277108 -120983052.15175548 -113105147.35497747 -971591999.0819218 -176326114.47325823
-61862831.69190604 452093.9194922745 317692819.4155139 -846623619.4148086 -139768367.74390107 -1324891983.6890452 672636151.9109132
74954115.7396693 336504366.0322211 -421430409.4993052 -1414867497.7511473 -990306971.481698 -804443911.8765914 1134849492.7218585
682185891.2873479 -704217019.6474681 44692698.62747336 668979252.4825072 -1506949743.1670313 591003747.5260102 1463589238.8354218
-470624238.49750745 -567356222.3644817 -261328799.28984192 333545495.6451606 -3319529.094627605 738736585.9433297 -85024425.66326253
21490629.507523213 -373578477.11349374 343368590.4331274 -290047654.2167963 353853238.86509943 392938919.88386 -240368623.63656628
-470321556.2274922 -668310101.8550018 -124760485.84978175 -764960598.0300128 401699227.0952607 -679483616.3450505 -1229305793.1946955
54975347.73777348 -593761804.064719 376637853.58922523 756159599.803634 338518503.29649585 -578460660.2891275 -1130839297.7441103
349359286.42798114 554979598.3669175 -54124693.55377031 -418159283.5911644 550668971.391774 375140180.6396123 -1525405236.458458
-208780112.87504882 -968219337.8925784 -1252877476.9357893 -562371458.0315123 642676067.4023412 156084685.90863854 1319231697.3080692
-820310465.2597343 1203755855.439295 1173494488.16242 -841455165.4130329 104662160.64310266 -525606696.27068114 -882585437.9095604
721988583.6914566 -428414690.2153473 212819146.9392472 515773320.7500725 -222667567.219312 1228000152.1152246 1294172284.3922904
1621266764.9934273 205389400.39453807 558237734.2755841 824097671.3306148 -1174682577.8897893 -711278855.4346454 -969841139.3709879
62337848.712780856 -477073604.23291034 -1251145735.2442698 -2263898681.0637856 1477960647.5535538 -518816398.5674433 -449812133.3042983
-421800099.1324774 162467793.88467938 -823053364.3179808 257958960.39291862 1352632885.423943 260605401.609612 57131772.6033867
-586141371.6442616 376290419.3428438 -717712547.4844526 -367514619.2893107 -533030205.7117814 130034451.69060542 400905819.91337967
-181358020.51847985 1079048099.0961523 -651248700.4009484 1960046784.0947034 -980897869.9672501 172853830.13851655 -34237713.716237724
-538262311.852613 1165912292.979744 638790053.0023919 -1565930616.8137827 480209830.9473915 122289227.20308179 18412355.881516248
-538502319.5579987 -947478722.5794898 -375737896.0218292 378697754.467389 -713916460.2499324 -1671057469.241915 684272796.1170149
320271899.5395394 -308157594.97481513 1305118548.182959 -463585741.3106977 178431056.47349167 404923914.4645776 204990981.34738255
594975323.6530696 -647763347.8610657 933378950.7614244 344259640.36678183 62218849.98970221 751925120.5790594 -963615750.7859731
485564808.10542285 -255214753.31567436 -275881132.6707566 -787113925.6668952 -719679937.1213291 -856152930.3758026 534408481.07608974
-396519723.822447 -777458444.353592 -205428280.486472 203275001.03264144 -621705470.1569401 554302584.8443261 -1815115686.194632
-255183157.45525783 1051471401.1686579 -748371041.0357627 264626526.3966319 -882178213.5495533 483988938.482743 -1071278323.3147961
-340778243.1106036 -591060086.505372 519721311.33602023 -869628484.121109 -121221447.7258091 626665534.6944636 1164016203.6704001
-1384724714.491331 -601729725.6806775 -199979250.72542065 794499664.2870797 -296332097.9894801 552277602.6923662 -555687341.060035
-287469371.7515181 106429759.84283683 7457508.458461896 277463209.48421264 -65589576.59130159 -418329991.37656546 412195629.5172252
-282933529.60517263 -258524398.05560964 619497060.5673743 -160486122.11523542 1315735230.9468582 28046673.8590334 96289260.20607375
810401180.3433441 991924178.7338407 276048791.02279615 1257781490.901746 -278148174.52191633 355310865.492525 -1126327785.4754448
-66384762.14579203 -1047280248.1957841 -298724904.8114338 -846777125.3153602 -491334821.65868765 123084575.98533228 307301559.2628864
282051878.82246596 -623458478.7444124 -849443974.3255811 -551166059.0080353 -211231855.6684248 659868094.524988 117749589.71076095
-326608257.48500925 -724375132.8697783 1142861297.9988737 877613641.4803665 -1098739023.0612614 -472161740.7732333 18963829.128996022
970171025.9805213 775598449.576929 287126970.2784595 286209665.8886419 151419125.87525415 -485206842.9705109 1045651021.464272
-688197113.0625279 -557120258.0628556 -1222200775.8840203 -110471374.93342254 626804697.259508 1671938.739952758 -1248257539.2828221
-62293016.336928725 -283638746.5327967 -76162415.32374561 2158165432.327292 -54083025.98476246 -829487272.1449134 -90879005.37574215
-466888408.5489833 -665465504.4276727 -555545634.8899695 -492021468.74842066 451068344.2790946 1003964729.9425764 883842138.7433097
1159951478.8613157 790574829.1967559 -261373656.88959616 -371660171.4641853 -221729484.24376068 -1120230963.0935173 318953742.60272264
966933646.925274 21660482.55354795 615703990.9837135 578407970.7050147 -250838979.45328566 223287607.2728492 -419913971.3179831
-745935721.836619 -22998006.7108913 -105529067.72612894 791403648.5300003 -470575515.41893995 -309479659.90774316 464344377.9684325
346457872.7338001 597014344.0458556 138189870.30110216 -69014806.21250384 411325161.3106457 1039062287.706003 -399126776.0716647
-682327236.2030623 10102357.118177641 346198133.6531124 717568094.4821168 -253448231.56544384 1326889776.649346 -470950056.0428968
870117426.663834 1119602252.1627855 1177673120.6100168 488993602.1163128 48151025.671253614 -1344080290.7235477 226245034.38647732
-160243322.149323 418298563.0293163 1736022585.8838387 213572279.1577882 -375139805.9529215 -1023459380.9497771 -307170961.94362974
562199047.0369083 35436195.22733111 779621231.7171633 545841204.5884595 378466497.86284846 368561813.39642036 -53488684.27720456
-430945817.2559185 -546010828.8613405 180320779.1887411 456182092.98885596 898043324.3438264 -39305059.11652408 526080519.8836357
732736327.5353011 1011213532.5117526 440432954.136794 -1430182864.1004145 -617132793.6755953 798786778.0778534 731732427.2201302
532144290.301952 1077823232.6859932 48579075.930252776 1162042560.2104244 -697740613.0851442 662017407.9932892 221436991.6159706
1095029937.1543534 -490268493.0959442 -178719967.56882867 401831298.026808 1486414600.7083106 -791876951.6756736 324906391.56547654
1325274426.0486293 -133479519.60151452 -6521198.359631337 -276493634.479989 332477252.6761566 -842557276.8378797 -587613392.8356917
-792024526.9832532 -230208121.83832803 -201078657.8052527 1253203699.8640852 -435341059.5410617 1188047182.0288866 -609033587.5650231
780723086.1534805 -454458007.5303179 -95199560.06730701 731214121.7957437 -943252961.351208 -1024764778.2460359 -884702684.9203067
-555664102.7174962 -324137854.6692365 324490033.235842 22377462.76827679 1032895506.0912911 2370305753.072386 -855673923.0084764
155413401.404285 157724407.16032493 -932857468.1435344 -752132734.988386 -1704811248.0489104 -122588497.85884997 373592786.0408678
877715239.3852475 -1056819744.1942204 -826651094.8990797 -149310365.4351682 -561038908.0583068 317725328.47768015 42533543.94609386
-289906954.11003226 -852480182.0696462 371536071.4839034 273218374.03694934 29775152.691692833 -292876700.72414184 -389585588.8606385
-728069746.3139367 1443976585.5244992 -1104534016.8778236 -944680349.5761759 -342977059.09734005 1517162304.5110316 -790467234.4133333
-399716670.988573 -412874320.136982 1121607512.741845 -539140661.5065479 -81239309.33139631 133142735.39384551 -1052670659.1682957
395106301.50690186 -1316232243.560446 -252157485.9870345 714106924.7570871 -969086698.8058184 -1111406384.6480184 521405381.5778906
169418903.7217862 146544189.20557225 214356043.1497356 685805392.4885426 1448306272.3627107 -365231252.9736943 -1105329109.731553
-115520145.73585209 -1113484705.8875957 -248201430.4367063 1416606999.5378823 -892485522.5079324 21039085.34307359 -641283400.8093897
765864703.38852 -965838663.5931969 567611871.6231086 1132531024.585366 -202166016.55122086 -30878151.785995428 -762222858.1504651
422042695.3979182 668476607.8344338 -523960348.4083119 698142142.5495181 -1051419602.2223834 -491257366.1732807 -1500211343.0599864
89702260.11095122 1075091445.9557343 -216097112.4216749 787394834.1301311 -58545285.552915156 -119036648.3008003 -328878085.4591946
-29845576.591729958 345231522.43989456 -194853078.13889903 -146368314.18521288 155506504.49967152 265591916.60900027 -152581528.71326888
-894683069.1083534 -329033876.7271128 -164718332.1591544 896790020.87797 625393607.4841623 -165806406.7243122 -428234158.7538564
748774602.3206695 200092542.34150612 495923837.30643916 357678621.24113667 -695372829.1646646 -163757363.1956218 457508582.19849277
-854334596.5358603 321912486.79296565 -589892132.3357791 -1024189757.5888218 319643833.6509826 -61222646.89939093 303157931.6796353
285301820.5421844 -801242092.0764039 1178180940.0616076 -212829843.06247061 129048214.92959557 -343690164.84638774 555678573.1121054
267936077.58212623 -332657176.77709657 -80528153.37168588 655372745.7833004 -1160595961.166941 -437238514.77206683 368497121.1926257
85787476.01685196 -1577049150.8895931 192360392.21176696 -275506675.7762361 -309422131.4059203 -477985455.79457533 -767315793.6602103
-592699041.4409723 -829480682.3757877 -231167469.75649694 1347427102.762167 -836121312.8570999 826484468.8068799 856670390.30484
24812607.112951115 56409234.24386905 367293092.88192 -770526431.6549194 823772357.0221663 647604148.6137432 -326762556.1363526
-1365568646.4836488 240800244.77563336 375407227.1614322 -98064084.9443627 116911579.64466986 48043667.53176127 174266404.38827342
-225069760.9158599 186710678.48439538 -757786792.8997581 -713444036.8390124 809293466.7805243 -87348957.15842043 -462465465.1172879
169506179.73132646 151677260.54535267 41504247.008472875 -964064942.8851017 -188177047.35153025 -1182704115.5714273 754530039.7172955
1221342663.9427047 848789679.35409 50760073.47582307 -269698138.41545224 -523576675.3186954 -145245426.97926578 177047634.79633224
-281807803.46035284 2654761386.8156986 64259120.2515095 -415658905.42553407 -841987620.1420351 1521919850.2898152 548364857.9742332
595681422.3242836 -62231111.50354143 -1113951147.6489 -825709727.2385638 1556016073.6535428 -1000250655.6324236 -604424425.5831395
-128118232.69731611 -98288610.86974452 -427939472.4730853 6554026.415205291 279719561.3756127 -524123469.20397365 -53696665.35097088
381382457.2914117 -1362227509.8759956 -860082856.9915954 946231753.122366 -908073866.0621703 -819564475.9548202 342423273.1663283
-102899688.37931065 -350231777.2480013 1109507466.817791 495422176.8371054 -740358011.958613 -585821490.2610604 -1633939327.7872438
-497311454.98338044 -1037676975.0132316 225524895.56657752 1542221520.3860543 1102791665.4732628 -386191063.9849134 1806868215.7881193
1445716298.592239 -800128497.3919857 481432704.8014253 208251564.72867465 1947972810.414478 -612382272.5769914 -867531900.0537188
-313400217.7788882 -54313113.10167447 1014479437.5663167 -445085026.382086 -78175257.66694112 -845325641.7598094 360566010.97020704
324686714.2061004 -325062978.6575428 -758795885.5929241 598396529.3377987 136675594.1825135 279361159.1359987 1288938167.0525348
981423571.8767904 588167295.0442855 -717935684.7653925 580769393.057494 140048686.04005495 -359398864.50964904 -1568764301.685074
560217914.8278342 26895217.964004956 -402525827.06596845 -610115395.3285903 -715432813.3635436 39845286.42879568 826991025.6244068
315912595.4435728 714305281.4495821 192146250.58020103 472362511.0201727 1133459879.8243155 -44542441.27942918 -141830511.4297342
-678897492.369301 -82937585.11394179 -748717155.9107422 313832461.54829264 426579911.26882523 5735675.470824303 -273658859.5496388
-1403376647.287172 257095944.9554324 266770430.90066516 175682418.0683123 743168152.9113848 -255050710.8577215 1083460932.820045
79938393.30919962 -1105883896.2111783 5235887.484335452 876903323.33604 -389197100.3880972 36603471.78566316 1396630039.5039659
-26901412.514321186 -118862222.78495608 -626322907.9030044 -233309782.09212983 -534330730.6427121 -215036187.0170405 -912663294.5223883
482705567.7288579 -298647587.8201101 68648168.02794342 -1508664133.952678 -723539593.7577974 735857615.4332814 727959380.9888089
616909063.1898392 208599382.8910833 -684148740.3383107 1537807190.3180583 351410402.6897901 685150541.1245234 -105942869.6817646
-709102416.4494039 -246201128.16410375 -371244786.13327295 -472289332.35554785 -131597666.66048673 -87681137.54049025 796863018.3444513
-117066460.51456279 -1382575013.5569985 1002453678.2078681 491242934.89840335 32428404.28079506 -844176679.6399068 -325742942.0724058
1206212158.5616598 910212130.2979503 415708712.5950137 336490153.635902 -921709634.6411554 -249002074.93161806 410093263.33345443
267870206.02637932 1142036516.7406006 -162341609.41675976 1258867827.4938831 184742787.7032441 95820314.68305512 -590260106.9558964
574304915.0468868 -182160569.81353906 -396961673.5367556 706694625.9419613 -476595348.74067354 1097870258.3795815 1013927351.9676632
250212575.63800195 -831858422.7707723 1044889389.035609 469575649.848508 1127654623.556955 288078879.2777349 775175966.0534803
444391955.4454146 9337523.73251205 -757783633.1558385 831120395.5200725 -550174054.4328417 986278627.447203 93901933.96236718
-195040746.73286426 144379653.12927318 751332335.7792234 -762161345.7646861 16834783.70964624 545361467.0859932 -1281309912.7294917
-1123121099.2526581 -524580034.3387057 461347843.0303575 1023603180.874573 40833861.30864599 -464805677.3008739 -911414115.4451586
771545107.6113358 902304394.1675864 -1402417898.4616416 191201528.95335808 -183028682.70122764 743460147.7890038 889854402.9479086
714239784.948645 -852573468.7416584 173584336.96702605 -647487825.2252833 -40694643.09832516 1356078374.7232 -488370199.66987205
1319547314.7944353 -296670700.6790413 -290441244.8130264 791778757.7956178 677184952.7835698 -163453389.8898181 1912007.138759219
256149096.20759413 -419805227.1569707 -335312724.0403254 383731044.291727 -362115760.870878 734894921.7680681 314658447.4549403
-791002867.9452547 975964595.5391704 998363422.2941096 435911649.5968957 -826841259.0681036 -537204848.9477942 277414859.2950981
-380953425.1289109 243317833.2074271 237884318.2552847 124920511.20456387 137100165.07366124 -323282088.6690899 -255097764.11478958
1930936958.5705428 -702142583.2345861 -1809370153.3128664 1001106550.1596564 118636053.13019782 -1092612904.0255654 -505558753.65676403
-986179144.5272818 -230165559.85060745 -143158263.69982713 -3297648.1744179092 39574068.37452095 984187540.9608599 -644896616.4395356
-503401537.18714136 205688347.53188765 -377838016.87532467 -100986454.58975545 1201182467.5880764 776232986.2169851 231341521.39618173
996177154.3884898 362127717.737871 199988225.22561017 -999275977.0647886 -736250359.421422 -876215873.0713885 -1017806865.346091
-45041550.57258544 866871914.2033546 -223272827.58024752 742905289.9026178 507279877.07461804 125076010.46251856 -358397752.42372584
-1186007104.1004024 -323957507.2229036 99453374.17819846 737151599.8040969 -1105407108.5416546 -61527973.54968271 81055826.5866728
763713158.8748152 298294091.9693686 -307602364.46990895 -132822957.21379155 597097602.9861078 813942883.6848865 121944917.81104147
-967231239.5670353 -520134971.2442814 1269165816.3664193 -4248307.388368793 485941467.4117256 864916671.5798022 -206307661.81684512
461823674.1036539 -233422163.46095845 4783331.853319153 57813907.72594969 665121066.9815712 -564014357.482368 -580334384.3234944
-123902080.04242072 -110636665.84251615 -892560818.447589 953315259.3149302 149121150.2207051 405323309.5908083 1502261220.2491777
-260979238.60866043 -802404513.6282078 584452908.8569366 107714472.92751688 -229727791.36984438 -830684875.4184382 464702761.07510597
575296638.5617725 -140401720.1026906 439464585.15888464 369123208.7763986 -1312575220.0221095 -1328858071.9904006 -1007572490.4166354
115912308.9495993 -220570992.79753494 -471440004.85135007 535278759.6257512 -312170338.63963205 -510016708.4745946 92777515.23961525
-859604455.1910216 562340993.2036952 1049597096.5072544 647869419.6595652 427218296.05950624 755285927.8864274 452564944.51076627
417748820.775437 -509219677.73153955 565759921.5593011 -57300383.10121314 858362071.9404116 -315859303.06209004 -138964670.64899528
-278831429.0401531 440375561.69715464 482516550.05271244 -205167317.50040752 -140886293.0300774 -1663384574.0588145 -259488970.62079176
1206287749.3142319 239991612.59748825 2138057734.4347625 -206894747.00800803 -140271425.48796612 -1366429434.7568307 891572409.7091639
252659811.2893806 -825329448.0917721 629904731.9795991 1011396150.5604239 724194281.9275088 -686152247.8717068 -548766395.5493526
-576049444.7710612 -963164924.5684183 -87021350.25250813 455141233.55784565 701476508.564244 -752075461.5497838 715229462.842872
1117639727.0233421 327622758.0886006 -383153826.08110696 94409724.23465183 539282973.813294 224486154.13475204 670780493.7835212
896469100.3602554 -368914349.9508123 282750011.993114 818128933.2967116 195220064.84006855 -1187279518.9515302 -648009337.3750774
-84833706.12449415 -251253698.0710369 201610279.70652413 250143148.98532268 173339822.32384393 127296957.31157741 -222801777.4773504
-958318518.7427824 -383523239.321857 354179841.9870458 678140195.869637 1011086190.2616382 -497182791.8994348 -424924845.46428454
34584791.083770625 -1316972669.7686462 -695944977.9174461 -196487344.8849489 712546567.7418286 -660574731.1896887 -1346658783.050412
717219634.0883428 248521326.11582953 608566604.1564941 -1646024723.3044941 282165175.1292655 -1238848013.3376799 -215227787.2499647
90534663.57392612 -177409726.51808926 -268975212.1355426 -174312030.29888207 803738733.9025481 308893166.0033575 132885228.65452266
-100519464.63625096 -1041042314.3611541 356217950.50755924 1745597989.4352062 658298426.8880776 -1561026298.3566067 142456548.08529034
66563679.81934236 -1018141863.8488141 -560198292.7262056 972629996.5278479 -1038963410.8110033 1816018551.2760684 1195900262.2355304
-191312840.86366904 -362651421.9603825 -230216980.39790863 157917073.01483312 -692189882.8515517 1437836335.3149097 270982976.35706747
-187959593.04348093 -416680176.3370161 -500289537.5281653 801365368.6954116 753894349.1059489 -597830348.233836 366903181.78071415
1186302650.604748 -396328652.4077915 745886466.2573913 181011769.2943433 -924659375.6384428 167772399.97562644 -672431303.238019
-15387316.392369851 -120239653.23930633 919558792.5866195 -15796523.774722464 866321048.5333964 -253547438.4656389 1152956390.0972526
-364134873.1754133 113995132.35093412 -680843862.0034004 735950427.3655354 1051905776.3123873 612004355.1054239 169353378.4809998
-152221664.1864629 821562881.9698484 -713098139.3929781 -63617286.09805855 558669777.4691623 502524909.50718486 -3616460.1318827793
779449248.3083276 -688274645.8120756 -55862076.14099805 -201632741.70532003 531159430.7978596 404946922.37028927 187754484.54981354
92768882.1522301 -1223526586.3641868 579329690.1571584 -313797240.86247635 -784357133.0071307 196421669.09804478 -1060311196.2961574
-123656731.85348554 -90354365.98782378 -162842466.9224381 -557916444.6989883 -1065722917.778578 308898906.4542876 1013036392.9021313
