-1821762.371091443 -1029321.3847836789
261288.3892242962 -858201.6209352327
-3105595.804938599 -1246333.5243331918
1860906.7959047074 -2947509.9046940575
1495147.9148956537 414921.89830580674
-2219826.351815825 -1946227.0312597589
-1295355.1736615698 1821614.632807489
-2541595.9815068417 1724903.0205323156
1919172.9269020236 1315965.8205976582
-3018116.9738383503 786645.5118472227
-2027161.7431066297 2304592.8583130767
1293839.0230553204 -1784846.1275648812
199811.4991321071 -2012825.7746115248
407362.63331692887 2200417.207176053
-1220181.5012717817 -1866232.320075283
1428373.0479716223 3006601.127325738
-866583.0477739403 2550779.1912160795
-3227411.888156171 1574993.3240466486
-1909538.2681436364 -1474836.5183871896
2430642.8825633996 1897050.2339878252
-1530597.2436700384 1444461.7186809422
1789690.2237673397 1994342.4294950187
-1148947.9611130157 729669.4834632976
3251468.1619273312 -1176362.881423602
3244435.9726831596 -15387.088042368756
-2900907.695067157 -877592.2043106945
-3199958.0057522114 1382669.6369791145
3022795.7669276786 436642.2270691347
-2919511.472288391 1647136.0653300837
2827693.71330901 -1133103.1133546212
1808969.6859327443 2512076.983764269
-2572205.6308088605 -2821170.733139639
