-268273.84336568695 887738.652414787 1723322.789453674 -1233556.249980644 329817.19753000006
75014.98613582511 1060635.9784371103 1547304.9595750982 -996413.2833491024 -2073064.2280751648
-424525.9406694785 301043.6143617858 955709.0852701511 -831833.6920106848 -1865502.4146022976
487886.93034039636 2212234.4382015206 296593.29852331814 -107285.33446670062 -274732.76563995564
-2315686.6547971787 -1573972.2969720948 2217341.686689405 -622733.1359482388 458871.9116438592
-416739.1094314104 75787.58307957304 -2304782.6729362523 -1981539.468416275 340014.4119723696
2216126.2103081625 -205593.54448919464 -1704278.2363661902 737889.6854237387 -33439.22499931459
-789834.4810554557 2006288.3096082958 359491.72316548147 -1354175.5918853907 -1159116.8032383628
-2103746.0544604366 -639714.6151318823 -234849.09542712985 1110404.3954726346 -230084.3579805152
2389250.923062124 -275650.72762322973 -2341828.1094653565 -2259825.968919186 1409192.2006527158
677626.1337642386 2205717.329660223 265953.94526816986 2090223.701514504 856524.2925939172
-1405144.955019635 1693275.9552388852 -978486.6345373804 -2032618.891636665 1292230.5302052156
-1609937.7970136788 529237.0479085732 -2403323.9457192007 2380209.590731121 1174382.9091797485
1168862.2489049253 1991197.507459915 332657.40167938836 238957.65779113735 -1721848.702762982
-1369456.8911224431 -1992703.289851595 893532.9950725706 1430157.2761833905 1251110.485309306
1616183.8575101965 60726.57349141601 -1777852.1636739203 365147.43677483546 -2391779.3384565404
1644276.6177760428 33428.933689381534 462028.20230968134 -490150.9033939842 724390.2339966596
-911289.8552027763 1209071.219450336 2056373.120669841 390030.6444094101 -2184390.6261987854
18414.403912398142 1366596.8335909215 1490133.457936286 -775787.3860292499 -1597299.6755993962
697995.5222753732 2040550.403716777 -142886.14450578066 -899588.9675590072 -159215.75050802613
-238448.80016850977 -730622.6443257463 2377280.558631508 2047392.4027099637 -81346.44276179066
-306594.7276991611 430748.2797954257 299163.19120989967 1056782.4416373575 853449.1013998499
-815398.2909442355 234567.94243131374 -757632.0339708073 946850.1528337182 1861180.5949068856
660608.3991983026 -1854569.4636690067 1015460.4617750151 630207.1839238488 -1512785.3970333482
1405385.553205712 1484257.1510137413 -548642.5434149987 -267104.5920503486 1015499.1600657465
-1274197.8830336349 -335188.80593099206 398882.6273284981 -2108602.891081561 -760338.3222532539
1152461.2983039261 530139.8577178321 1344144.7235420195 859477.3557748996 -963077.2554885212
-1279063.806537832 2034892.6594107568 1518553.1922744326 -1926755.4079314517 1389760.582146605
-1510621.6267853947 376826.52838910057 -2275025.3971260055 -1697140.3600279042 1190268.3064041242
-1938737.7407807345 2180536.492746137 1730704.397451325 -2281798.9992808946 -1980845.8622671925
1865352.6404893722 -1579634.1378364363 1920941.4028883062 1830427.0172609296 -665986.591539451
-2165920.5773037523 -1567651.5813620663 61717.013631693 251613.2479075517 951946.2786862856
368317.9107375955 -1605475.9407269463 -1007325.7251525733 2029452.210198032 274530.6964446827
1440412.2238297788 -2291298.3802834097 1670592.8943887572 -1037350.7250144876 96233.67714554654
-1854859.053292242 -1269574.6171491032 770178.942479886 1960699.1528025728 386542.88998914254
1845158.4333599233 -996592.3114362122 2129908.0336995875 -753305.3282529138 421489.0574347286
-847195.0811962625 -851596.4677969599 1304970.2067014088 -1082719.6243238703 638151.523869852
-221868.66967277267 -1109995.0075965605 -219491.51078025808 1002018.9393150432 1841076.4346767701
-1427930.6568120993 440212.5821744191 335731.61032265745 -726616.6359770767 -2341131.1704783686
2189455.9181431443 -359254.4223498752 367170.6412266033 -1013684.078145639 -1982333.873022115
-2290405.4721871396 1976016.4536429278 4924.398358994423 -1978036.3081744344 -1956439.3080926987
-972707.6582009002 -58451.44641173277 -1823950.5818683854 -742209.2647759994 -1596809.6893873485
931907.6863746436 -661526.8001554807 913896.7826653043 2272509.0524689793 2127283.6330930917
-1375348.094072763 1596001.7288871228 -585082.8514329682 -2074408.1940324213 -1100841.5623751613
-980740.5974352376 700162.3492854998 -461072.2224825185 -319494.8660292243 -1443690.0826711438
2038707.5436672727 -68164.20340128969 1703200.4289258663 53509.33099932308 -340460.9412431625
182908.96543938806 -1533954.4001665935 1985750.1046828907 369853.40264099644 2328434.475203901
963076.220213549 1372693.2420347177 -1467213.0727303792 2184353.02044603 -2043637.481086301
-1910038.5500068325 1793826.5605966807 -1887067.7629738038 1307867.4330525775 -1309022.3743016464
-1640901.5588611567 2071580.4324457622 554134.1163557774 -493635.3720983384 -37589.03026596585
-1139728.9588605308 871065.2303867053 2399387.4259815123 -972709.4139810718 -1314777.360704962
-1308980.0635965138 -1066074.418789303 -824865.456733963 -1404889.9950493344 -361419.6266270939
-63317.055914709534 2109887.3908818755 2046568.2178081705 -707323.3108401903 -947499.7648422937
768779.1172470645 1981619.601238761 1854411.7711735012 727750.2828143517 -781921.8431947628
2165714.472728127 1527761.9572397498 -2275031.4291964173 1339774.692932626 2132875.1527897436
-1377895.4507870807 -1352550.0855395305 -2012141.7462452196 -1213613.1237500883 -1730650.911766287
-846422.0322780489 1705159.4390777997 470258.32409093255 2096288.82103572 -2211803.1014530486
876406.7481909598 1248335.29786058 2288104.015863472 899180.7652551803 689940.4664658627
-1709453.595180404 -2355173.86887622 2265375.7327150027 2048357.451761685 2059848.3104777525
1916032.78003885 121788.73660756425 1116620.0541145226 -283122.15903433925 -972396.9611792171
514756.43339915085 -1175159.3298222816 521828.03901720734 -2231957.3688249676 -722267.4298644917
-1223006.7945433373 868023.2052174197 -1918414.298891796 958337.9474302593 139176.08070649815
24988.622681870263 -735476.3922734763 1398453.776159324 1299602.0784062685 -1715099.8293995198
-2176745.9117893185 1645518.5475142584 1457415.389054414 308976.3242799413 -1197160.1481227165
-1853871.7568503392 -1041554.220761395 1653176.897406443 -1456917.6504333904 -2092665.376281968
-389142.2232832337 -1507372.3933665329 144206.5306610975 1622932.3367492184 950695.6528048908
457533.16769483755 -84780.58082180172 2311144.7030821918 1967094.816190304 -1988218.4931730966
-572362.0909806003 -510633.96544981474 -1390299.7087618578 -2037625.1199738302 -2397552.977118251
1153314.724412777 1238635.3589971901 -1127479.3590559647 -1964936.6961572575 -126049.25227735151
2402299.5747483685 -980554.5957524843 -1326525.959035278 -532183.9337492941 -560058.4263399108
98350.37979330067 1175309.6076624426 -2332506.505280992 -426780.47214195225 -2300374.5826080865
-2121619.0337813296 -662842.3376810333 120555.7751374239 2017754.4429519144 984593.0135605499
-1912731.2302837097 2212881.057539856 278113.87758942123 -1771589.3097757893 -349422.00242140534
888663.7087094317 -1326689.268039452 -1394073.2704630175 96697.83860522954 -2116161.4766635257
-1042932.8863060464 2108275.3749435823 -748499.8562104122 -1077121.6837758506 498644.58543739596
2259647.1361039295 -1042788.130951828 1421076.769507559 -916479.9029641446 -2063970.2932809645
-940648.6139888354 -948361.9805556044 2317934.0499588167 1433853.7203603988 -23917.974677125516
1110881.9575440856 -445260.8505194886 -660648.976609351 -58681.062527242466 -1428905.4953214526
-256360.38579054648 -521690.3557643071 2010103.445335333 -1039265.4732016273 -612897.3646163755
1091317.2913900416 -1498608.0934766408 -2220954.176818069 1377707.0712130268 420257.168063161
-1738383.6955087846 -849204.2726720287 2239190.0952775134 847914.4776190127 -477733.60081883834
1628617.197967519 604310.3670554023 39666.552308461716 -592937.5632048249 1250945.901302472
1534140.0946800641 405516.648995048 636906.8492663634 929427.2726214321 2061291.1932117902
553622.5095350435 532702.9839241994 1156164.2574374382 2140465.912544799 -1999799.400995968
1672539.437822028 730652.5667554968 -1374468.4605454754 28743.012453295858 340235.8240210544
-187711.77361008257 -1922976.839157229 1774753.021757577 249041.58056313268 1409755.0424473588
1503506.5040399642 -521787.4836959894 -1540101.8916682976 -1724076.6898406304 2118040.6956491563
186077.5073793284 -2143146.622143266 884858.4684650695 1069695.431108531 223377.1574542019
1677327.0420791018 2080724.2908642646 -1751447.7199345762 1108795.1810010078 311027.2099776481
-1272460.6609485436 1225677.842319874 -1962626.2407338452 -492785.0286397481 -1250304.0432127842
679907.1870378478 -1512822.9666403227 -1912548.0239898511 -90207.24211656931 2258835.842785569
-58448.34111542802 -1760399.247654904 673554.7771711011 -2144867.5984667246 -544998.0732382836
1009120.7656532183 -407043.36118156643 739505.9386449357 2167981.2221423034 -1998572.8668500464
-2113266.094999037 -1668974.3590883398 -267726.712114479 2295294.264917273 1303992.5351804541
-1237687.8301015557 -285985.27054614376 1887249.1127591622 -84197.29010648355 1619528.7872966377
286685.58024775604 -754992.1481226125 -415019.4822713391 -782928.4137321122 2047652.6017496241
1416413.0409051997 -2237269.291149715 1902684.0393913249 -1699988.5984203946 -377947.0479001038
1750649.3829697936 -146726.7838029399 2104439.9769652057 -78053.60526198664 371212.45867490204
-2087604.8438525454 -1098136.747932578 -990677.7552680258 478240.71451567695 516862.4241492268
-669597.3678640197 2172673.569711091 -1524999.1307424607 801087.8492699113 1269724.0848849926
-1064243.9901806107 575337.4841823662 2157492.487987145 -2244619.7236982677 1137364.3828266107
-640957.4545930813 -186184.5457285053 1287406.5827708184 253267.80594801164 472233.07757272397
405055.8036250441 592658.0157605296 -1166477.044762988 605263.671303513 682645.2181065498
263748.39903948293 1300324.5218752676 2252666.1773582725 -1148818.4082082233 -1585541.8693934393
-2079092.5005715496 1777966.6479285785 528992.2199682844 1794473.5660182305 1422884.7908137501
-1991400.7932810583 312150.8163154477 1773516.2804058676 -52515.5802097526 -1450315.5930572823
361549.9076139698 1479909.7931236005 -708645.2695581546 -585906.8151936391 -832089.0777200973
-2032575.4085218196 -1139468.0190563274 -383917.61748137255 -220396.5454252575 -1157410.7248786527
-1735602.2256122576 -2314086.1621345174 1633325.9482929239 2290993.943735624 -2237743.81424737
577988.8791578661 -1870162.2667235497 -1482886.9377592413 968509.1457130896 -2028277.1907278372
2111661.0174030997 2051547.8241995317 469739.0118578438 905971.0062161156 -992340.8687459293
-185864.62111184146 -2316567.4304451104 -333424.2942788066 2238832.247910626 -497329.5910253114
-2155429.6080930145 210264.53489604843 1116234.2325944556 960907.2525546132 -1083124.3170848715
-981134.2112180068 978296.7468931703 -268234.8421307242 -526273.3409389597 -1409964.1873161762
-1706321.140831821 -2097802.864573769 -414427.5673363199 -347125.29612737417 2401002.0783645906
-325975.2738043926 933204.5578636233 678562.0204865385 -2319523.2337970845 1153020.2200974948
-714433.8223106995 -285700.9255002083 -1358791.1227545037 2009802.3754024496 1711675.4624087303
-756620.5835277464 -477505.77071851783 716263.6692018748 -2285180.6071565174 -2152390.3970971755
-1647099.1927211548 1111279.4539042565 1764673.0417658049 1433134.8264013818 -1333909.2786651528
-1648396.204746758 -684374.4280973909 1733744.4537692019 -1753700.8118529492 -976206.9113600886
2186569.219904473 768326.2808571126 88855.88238902115 548798.6494279705 1713992.2211330493
275986.7434259851 1712737.6663948838 -1268030.7972254786 -981276.9343868116 -1844186.8210662287
456498.35370418476 198233.2080402096 584355.094931175 1086712.7368198202 -4543.506427253925
-1063066.3389181488 -2063500.2181192157 -1232623.2682854065 -858204.7341026168 -453751.42785724584
2367913.1676076604 150985.42103021263 -164726.61988708726 -1406421.6054026382 798664.7081623973
1089226.6365848246 -596921.6037352893 -2167025.793838902 2230314.7038072175 -152314.64244425212
1717824.6632466281 814977.9062349966 -1231212.0601071538 -820352.7564739066 901630.5013324553
-2127085.2651343406 1069113.0008430178 586996.098175137 1955708.7021214657 -2118202.9446878284
1747557.5456278464 483629.8974533848 -877321.0134682705 -1572769.0104831844 -1474660.572687894
-1284707.0807908047 -1616190.040007015 1550862.9702840098 1495564.5095720582 -1844302.2668128829
216325.53977873767 -2343436.0545297633 -350882.9258865036 1666386.2614846786 1284651.0992604413
2227407.02988119 -159903.70187821583 -2335572.258398676 1856472.3400525444 2331057.6245105597
1110321.794532246 -1197722.2713981657 -2219893.806299225 1622805.7625692298 2213421.806050592
-1144136.2350248385 -74167.01761790554 60312.232401571106 1593509.1269838014 1595230.7349013058
1643399.447978554 909051.7400428691 6319.0593260138385 -1915598.6120720406 1750051.4867635686
-1305038.7687881738 1570981.4974450986 -2305567.662094209 1248967.9782790276 -2272831.430687855
-2247008.4551816764 -212486.50728503833 -1620366.5802010435 -416858.77907158923 -816204.995030097
1672733.5434175204 1755525.485310262 -1387380.6890811317 2263266.6329026585 2402982.7974204016
1619785.205650548 -1901290.5469657902 150399.04116557323 2408236.997492943 825192.7575309554
1360343.7007255033 1799443.124633302 2212166.4367647134 715515.3186697473 -1258641.6102974976
-1361978.838833887 1077040.5121294467 1261831.2047624853 1140929.2127837597 -1611923.7648721787
2057751.0189482295 1036253.50635712 -187514.88575814653 1561343.551499396 -2253189.87087497
1323600.589486549 947419.5716391829 -1954765.3545653413 -1964383.167025003 -2276860.361415594
-818306.7463318566 821652.0715177347 -1868525.0226625483 -519998.5867196168 -1613481.9494848207
1412775.1029579863 -2111391.3146036426 24692.457837073882 -2117850.813679362 57496.85114625666
1073086.5641780598 996244.4825476562 -40961.872709966505 2059338.7381973274 2006497.97915853
-1621494.5832267662 -626614.7754191408 2166334.2908573165 861757.3512922231 311695.7017778385
224918.726573998 -2138423.482335753 -1206033.6384902876 -1555024.994355727 69196.0918609808
-1611108.8966495183 613335.1472516886 298089.26119057107 2255367.029329474 459853.878386992
1276017.4986991521 -118668.85323680795 -1772050.2128202242 -1115346.7406766692 -730699.7936075923
-1707715.715602956 882030.4958359712 1543073.5663275016 -1577032.0947716008 1081139.8221565175
-1845244.9084283742 1654375.325666984 17704.13635513737 -460277.71036896564 -1239015.015645016
1682622.7536919503 580760.2437696217 -2010492.9258718314 -1910380.6198279005 337004.0033860231
-607381.19392685 -749363.8544589552 38980.17818885521 2074339.8019005652 2085013.8387368596
1871086.7367445258 -1583492.7484953708 -498381.1052930912 -1791657.0759953184 1382321.6656695819
1018950.5372923906 -376876.10369893577 2329275.567032418 -60558.86229176656 2315029.242250062
-1976146.4223137822 -1751160.2924358253 -937435.4890820828 -906118.1127460867 998452.7750841691
1384121.8239598987 2242029.019142525 -2050667.5813835512 -1352045.149602463 -2163501.368918803
