-460455.1467059247 -447977.113609516 -215585.42292446457 111780.82385341993 230034.8587870311 2951.915320107837 447893.5873356685 230828.8800120789
-233919.7724955548 51189.66451064696 345535.1840425378 321853.736534165 42147.880520078674 -534143.3835777328 -481833.98125301994 433225.25547353347
97802.56823948056 -285468.76983173675 -158322.99697064294 133630.29395990958 385249.4595535565 -180614.152199218 91852.79503919196 457568.86544387526
365908.97925076453 -416947.2639645227 -298285.05786459986 371044.36723286257 36373.88107519508 -96778.58794351373 67033.14073829033 161194.91741009286
297766.8001206569 -423549.7543666961 -346574.5383762611 -506086.95722828124 -171911.70609273214 241072.95396484976 512333.04667101376 467854.1529079318
433268.1527262627 113638.50373895472 337297.3759624711 -498950.2990733584 -525089.3040121411 233209.59667643876 -233996.52569947706 -127807.93233720426
-145494.7105452027 494379.21658457146 455122.1313295587 -389087.4624615585 162490.2357782717 240155.18103244813 339669.8242340109 399204.1890834583
70616.57215924833 316539.34083130216 -100044.61933398417 189148.81709066176 -5602.409716078196 -445778.6346380179 393670.48052899726 117955.64314075201
201385.31845204695 362252.04979728546 173.5887324450915 157446.743527715 -211788.86481743358 107404.31250260977 -109042.34241885369 -95563.88134743096
-302164.078213575 -405157.66608228575 528078.2772501617 -107881.12785018375 424635.8499372614 487306.96434428956 -84837.56736681741 -463766.0245331579
-456333.50990981207 -381361.6142319385 460598.05702583556 -33711.93714609311 -180091.25749645842 -184164.10367297343 -99155.20659845954 -326079.50034567696
-1127.3975175311634 -108612.38139868357 29038.011905518557 6217.83279745947 -260764.1797381854 145978.18182627455 -505737.5677655558 -285531.5216193113
-17077.355949912722 -466483.5384877064 -72024.97570554732 442962.1750373657 326446.32038523257 44527.50844145542 -449212.19700287905 -134725.0704079938
453129.0150046718 -137669.00434917357 -139719.5760575425 -139070.77407325828 -412360.06695911416 114530.92054946821 -166437.56856116327 -445689.67848053196
-324874.33614229126 37988.92173536064 117521.52529892954 -87378.54489439444 -210294.50217770957 454972.02704135556 186119.2731476479 -18560.87122580324
66511.56799185106 -176397.74771078562 83741.76529302135 -55510.292669195485 -323776.0707248322 -50668.71858180982 407136.3224655025 -375337.7747338551
404527.6861737828 -523479.96002099797 -527795.2957399854 -90371.83337866678 -358119.62952288537 407482.7400852581 411405.1626275 358386.6973834735
48330.000336209036 170581.56370203197 -526087.3091846879 403618.53522410046 -5376.2182651293115 -159028.2645730543 -402011.2814313744 404203.462301585
104662.07301412526 -2956.707699840946 103176.00347402706 -476535.1812136978 49916.666046683255 -98313.4735819314 73684.32268630166 184731.4038960435
-72286.11292457857 -334167.09085165214 362542.52996719186 -69623.67971914748 127158.18092413056 -164537.2608767798 -320797.0852422194 278061.25213708647
296424.05463303765 -96988.08423097974 341386.198671777 -511285.0974933108 -360976.1038415165 344584.73912082065 217332.84645882764 -435784.2348565605
534472.1238504187 515748.651577181 76930.15718098814 -443474.3345111555 -366528.55167661014 -468416.8614414214 -324892.20305775676 -499160.5571974766
216392.788214987 329724.26862002 200409.40768634988 56670.49696974431 339606.76417281706 18076.686753094746 -395539.1833808239 180003.38323783936
-199844.16855522056 64461.60878057233 -469900.56908648537 -22676.879058540108 -208143.90624181496 -381260.9422188696 102556.9591704517 424468.91803235473
-289092.31906405994 -520715.0474390103 231195.97330415042 -237544.42530775987 -13073.908759548058 -170222.69898822534 152252.25181703144 -92915.96788939276
504893.40575564647 355065.11052678584 181137.95384227374 220015.83503797906 361155.5760207799 -434228.3084764678 400803.17165626393 100770.57747226101
-206489.057034581 -67080.33494365426 -516735.146146765 -242102.44881274144 216238.79479845474 -477870.65985221264 -341737.6574564565 -538006.1250023328
-458103.0193606781 474200.1576876831 -249394.79225521465 -29460.75597838215 -465352.2267825246 236190.2245363356 442119.8165296238 -141342.89215209888
-440499.83062426344 406823.23940199567 -114892.53025277531 -247013.2366176506 56168.60114950786 -363589.7769757148 222782.75443499594 465938.3058284265
342498.47547907924 -364739.9943537108 268220.09275180264 61736.25978507081 401417.9130805015 381503.55560177966 -220402.39877596454 -305326.26167825464
-96391.42884711786 293720.0046524558 108258.94121273926 130669.3673254734 120879.55221701493 -152088.04875975623 -300750.20626896684 -182879.29461899598
-314979.90195898415 521870.0110962658 -80119.13553915182 -325989.3440238859 383741.6448163873 -33643.763008648144 -253588.99446499694 -148690.3581959534
56374.06833628753 -263932.1850984763 86423.98970153726 -107300.36114391412 -527282.9096207581 175499.01923965613 -362460.6378415298 -476596.56427747046
-249930.44167372645 -387939.7933021249 290203.6232985361 -435304.16063774686 295465.86175073584 490645.9873231766 112904.91664551325 -303148.6238286751
42084.701147801985 81256.72142047298 -335884.7172534422 -382565.0894556916 129455.21846001309 -277736.19698943023 380500.4135262193 7728.540150517134
-393168.4213391765 -163763.5156455908 104345.24521955138 250368.50193190933 -102348.71412883683 -283881.8213766963 -42615.54206095465 -449037.5408867158
41970.92516788396 169232.6506494001 375353.3987893713 -138847.63349866102 87856.04710228094 428223.02489408845 525444.0916583332 -178932.005996393
-187867.73736934498 527537.546259841 398144.518929741 398202.84155360534 -295703.8504603007 -299747.5033245118 219590.30976366322 15407.088957258657
-183373.27645709505 -284673.2818380358 -530765.8890489627 -454558.1302396148 -238714.4409082403 161599.0880138144 -440168.8090342835 470126.8557596897
343852.13510971 23242.085707962047 -512489.25562389824 134172.3565649737 441145.57127493294 -401218.7657991765 -381252.3517476031 199886.91647074773
349786.2050021011 -25468.794282508246 -191293.58104582113 -439619.58314689365 138275.10500890232 309519.51739149087 47896.410270204025 -404505.95422799146
-144849.23885617228 345309.2494139029 -337252.4909173053 -264323.06535569095 -441701.8963548617 -515168.0183135285 -403811.41496510507 -182101.28955491065
504502.0760696848 136276.58814567572 -213078.0942538884 124887.49537873079 17516.592843706265 -153682.73150966386 -225840.0764089013 -129862.50395092453
501784.2311644487 -450147.0392034311 453349.92694243265 200216.8447365702 309380.44708532066 338908.65984536783 -429252.6898177953 353062.55019441555
-40767.512680324064 410863.2262662145 284411.6589808386 428108.72721944266 301798.13689457637 -336196.894974291 -73147.98245227513 473661.76705353527
239597.76908595467 185455.95293405844 350081.04322009697 -124877.14847129697 -533542.9804410819 240392.50413884487 528629.2452835721 -108551.3227823366
448938.58344618557 -525594.834388231 238882.53327178492 155418.5752287303 -298312.63943396515 361813.42758705054 11702.432008518572 -247354.47540011647
-422129.842142894 -80459.63485373394 20449.87813350279 -389922.5418675693 -507524.82330386975 -421915.6553263737 -413877.1481204522 -319069.5143083856
-295262.3158259687 -35748.99137451336 154623.6205911974 -430956.3971132937 -12621.469382871224 -334608.2591265488 -500118.5934331379 401159.90165317914
-316902.274978055 -364202.9859258518 80188.07916851087 356934.05082486407 217236.04405597495 50369.694657820415 381915.9177178311 -201592.13448096326
-483468.741789325 160673.46147567124 38102.69475382397 317017.55121492164 453938.631853437 -157472.84129345173 -106288.65111300725 -528411.7712262071
233416.69422381755 13417.481077401571 528331.5987530252 163990.08272121832 -183581.58026669835 461085.97840625636 -504628.83610461606 -281119.36447436316
196435.95067442657 -406999.72423972335 -469930.2628223968 -162094.76674127253 -347491.6989593669 396654.4315459253 -168755.8123740058 399293.3236688258
379364.2956153881 -393958.0611634942 -90821.47651097977 186501.09450629714 -195608.13352364118 514508.973294788 240988.2808214778 529127.1352051428
-437537.6193455949 492661.0479136417 242822.82837347314 -68267.08289653093 236216.21754944386 -355601.6693546116 70624.223721242 -353560.47258399875
-248662.80520232354 -71656.72788812712 -228078.47949116037 58342.72779855522 154027.66269375975 237142.34343858104 519069.082918184 250317.61419561613
257186.6089796295 159041.50117736513 -13403.504664419635 -481218.1999307447 -515678.777127172 315728.8773749136 3281.525491563081 -334236.1208522723
-395909.04789516545 -415411.6001334271 -301271.8207501202 391958.2315844817 -82086.39043397443 -212964.7835023917 -269096.68326694844 122252.8361164514
-25223.92957236317 -431656.363418106 -276950.6560785084 -460768.0736434045 -220925.48299111158 -342286.99471814407 -443177.25663513923 340555.69044749363
-519447.02605173935 -454142.2542357736 -490936.93030481733 -319186.9196057486 -274690.4656184868 368706.5453077458 -401228.8435115516 22143.861819956463
-26320.209401208776 72427.00731379399 -87097.85638580358 290498.7260700723 35357.7130006443 -436768.06086815044 -316203.7798555586 333148.08303113567
211117.62251366742 459086.99396671774 -168325.84098278853 456282.3703189391 349329.08527402463 -235729.6166168325 344413.6142152153 -86052.1884530856
359247.95208424237 25286.349953023513 421423.86432244984 310807.83982030733 95825.57597695112 -10583.492801683344 489327.18089417426 -291708.6003778044
-488538.88137881923 -429178.9381060491 -454123.1433285443 -523631.18529241026 -408210.77562802087 85835.16671045161 -216665.34154190304 -338078.29293439153
-192515.55674071872 -277930.44399801554 -197612.84469388163 151339.66810731552 -16724.179191412954 170684.87860147716 136392.1833109755 -195738.2163544416
-3306.2628371672135 138741.19684032258 420142.9785091292 -389348.8860661834 352811.58676289185 201924.59277198542 -116065.35196125375 86192.78339186349
-355888.2752920723 358201.75910953654 196456.272800171 -88492.15677695657 239454.80818815666 62577.80248920764 295385.11917245766 -195190.44398335097
483091.1040907281 429379.16156301345 465208.87995483266 -453374.76586690365 58067.32688488354 234004.66280303453 323350.232457197 -17840.88299452385
158933.10617238944 -354169.7983525015 386775.3374428875 216473.59549113968 -426524.2236183602 67159.3568172519 414791.14621045056 -428153.5693916555
-439301.0564618532 371992.191444449 -390933.3244128332 -144355.3486995519 -308872.37443410093 -176639.45380472537 283028.2570080804 -100467.93142852142
-398541.0080842136 62012.76601884693 48805.95978204444 -219197.42839975585 -386108.89122303424 -537995.2165043296 20733.788579918222 294527.89419877034
69034.51283468885 -526962.6775617325 -224578.05149434286 437599.55043353094 -273190.9778611108 456981.354061057 438409.52346175286 83328.17920753833
106520.08508604586 256670.0976376433 268399.75336888985 155723.3034872129 132099.9755113499 430699.0608521225 -20117.4275672929 -166134.24032428698
321497.2798537369 160119.33117331623 -186854.05455904946 -466522.7939862069 -243248.27746821335 -365232.8674564524 301246.70557196095 338722.4463084113
126260.41742661265 68876.60967582784 61768.671000907576 280077.24163635075 -43241.67547685895 -507269.2690000898 203070.16381690855 -355954.9968346523
447461.93994224595 231855.55003421495 -244602.33671261073 523237.60272540356 154539.0383595602 238567.59909511879 370429.34130756283 415666.65695178416
-360033.56205436954 -512028.9005799348 443152.707146924 295880.7874010179 519903.74961407814 -150977.8993021594 412732.8829882203 -470309.4182928211
-162798.6936964099 312657.1978298224 -190946.87716096579 60368.068817973006 -25508.733766072943 418457.05603165604 -452848.60282205057 403831.59891952295
425473.02769475937 264768.3670392639 491045.909833188 -94158.64688733408 365124.23335549445 126092.85709595315 218741.6294081582 -305763.31467213505
513207.74628599576 -153796.56920856368 391174.0473406675 -103406.73632852935 173085.71285097394 -194202.43347462185 -346641.79001460463 -478078.40530535224
-132454.41107436526 325943.7190184177 8403.911713097921 -488441.78535415477 277089.91596031835 102559.09220623379 476566.9712476365 192661.31938940258
134730.3598908555 339057.49465625 388296.49575629615 -167760.15178814426 -161714.9359049938 -34811.05249587474 269388.493181855 111677.88936012097
-122240.93058116411 -510303.53944477043 -457255.1458373861 -512592.07606466336 -147482.30073271747 -283759.16410243534 220291.23813417513 127546.89227127591
-426798.91040587245 517477.8217157907 527252.4293433799 139242.4395020522 399151.8168897168 398631.73057126865 -356655.6670886877 -470817.0642649137
183788.0498404339 -328039.5804905526 69972.16697471405 427894.17637998046 -247882.9896566544 -205868.4525525631 375508.84577891655 -359975.69267875684
-62383.20335103867 -112492.17036227403 -53254.118971855234 -145825.36380107002 -283430.18244263594 -152128.37225435517 241256.1404688748 197225.28839294764
-447824.14125496696 -535962.2378395511 -32449.723773566995 482441.48392108135 514977.9759275518 328279.37264366384 -388072.46505856194 -220565.07191076354
-489902.80769611144 -522285.11761270877 499526.84023250034 392629.9931269008 349223.21961469896 -483392.3542124992 490708.4072173071 179347.80743495727
-127327.33339160704 535516.9229733649 -329812.23188209697 -466714.23580457293 -425069.0738151283 251567.84665512512 85226.92093250265 484212.2681402474
329421.5659768617 185443.63921120518 517089.15069060907 -530468.0110015906 -35654.84734189587 369875.6544368856 379884.2891502951 216051.05167667667
-116290.50840534759 385868.7553232431 -459770.20535813057 304718.3068592516 27049.86286927435 180948.99938273552 299922.7415206423 482470.8587410249
528567.860884175 -77608.54158450391 -463278.7701447926 -145641.41429721753 327029.3271426639 -40341.13286325374 -319642.6711010316 -469283.35243873496
429510.49833316274 -400893.8337379087 60015.55631932522 63290.693549621705 -3300.521418949082 -367870.2092781504 -382004.0779930351 183702.97946509658
-202411.41189887695 207870.96110648042 -445557.8976937928 -106764.21128718065 471568.4540313622 -210011.99741770694 233743.44480742596 232183.09150583114
-238549.5919709539 -420717.7262994994 -197899.18164510455 -435661.3679552593 62795.34635614522 406812.53344266926 -414247.9695707763 -19994.252533667277
98986.12804153659 299374.389340079 128901.52130114027 355758.81081180787 58989.6794346531 -352757.31219037203 -500307.6498692873 56434.57826674033
266111.2865714497 -130924.29865624485 310899.1873238381 351859.207243723 -500015.49632345274 -192269.93994851317 493670.7639221819 -322418.3264138919
519544.9491332239 260693.24082953256 -467567.1373027157 192826.5269836371 310923.6241810461 79664.35841771188 175224.27977513042 66098.54172988294
245455.42894612838 -59795.26332988404 270426.04496655165 -247467.18014003482 44063.4173900067 203835.2825003828 -346544.59406427934 315464.6227122647
-332328.7577208387 85930.6259495314 351847.72395236493 444370.72357338015 233976.01678201047 -220711.2346697711 345033.4347558148 -169639.64384599312
447927.6280428876 -124991.0889489169 232243.34298419612 461288.71627876366 316478.20804036845 -189307.03055421112 504800.52275091986 -189421.71420791824
433298.65101494733 138822.59217046772 145890.18418786942 -38833.11249522517 13922.249451728612 -324951.2093646756 -281547.674311239 -222857.87968452738
-432051.2297073373 -279915.2914943533 200636.35619152448 361808.2215028911 316255.87956156285 -242557.58284756143 397335.90651928977 -352239.68413402094
127988.37059728618 -280993.6279622212 58541.30670254434 457909.7315101779 423667.78065627353 88098.77021596015 -8809.42867630167 132396.56405814452
213879.76852987165 -240181.55960953914 -301599.46703873295 -314835.3944463141 200442.38907549452 -275443.6396270182 256235.25172792614 234929.97988655922
-185587.30393551328 -330068.8492635559 -145053.68945888858 367738.67665948137 56454.63150597687 371486.01044901286 272506.6026086925 -495006.0234138189
-358751.42943441105 523527.21760776796 -465627.4928926027 -86427.9677182277 -296395.4625431613 446330.1677076908 273199.7393109234 -499087.54137426
-465845.2053399294 353140.09827062866 -183789.13681811685 -109445.10196681775 507936.24144173006 81231.34496283792 21934.291446897867 -129260.22489234955
40493.334829588275 -491008.17334415833 516890.5087589314 454635.2161168292 202140.27107792444 -484654.14613686124 -54637.69464668082 191357.4796625349
208313.63457589826 18508.585427335078 239916.46555008285 -17878.84845312763 233869.84495585065 -251036.7618806968 310024.6507928226 267542.350222929
64178.30349023707 97630.6880508958 -158215.8882614141 -263617.9407171227 168883.31156045743 -163254.18465010746 -66764.80327748615 -394761.5296871662
-156363.39062753547 -384172.50500863907 121772.52936653483 110606.07831511262 536798.0688955676 -349816.25802762434 275982.11738527304 -226926.33179312805
333912.3480248134 -297555.7755554293 -351021.36009071214 451481.08316137915 -159410.21767960992 -71056.07520938021 -490059.82764310855 -334871.552616659
514703.2656016691 -260770.28347709615 -513824.41930820287 151651.42824731144 132346.94579116697 -209289.18056201315 264370.14301115304 333206.9473779286
472361.77012781205 -141424.60606831237 80187.61245603689 288685.7032391162 151826.97098740883 -408080.41564656195 511108.6153153588 -258896.32181605088
-21901.76495768299 499664.0517532299 -506229.36658586847 224956.6589188302 5781.242213398929 -429724.4482124751 288110.9688343504 533492.9434106362
-226153.23238148735 330134.6327988637 308212.3426004715 265020.36458202347 43240.39289765653 -531571.9292140426 381735.51069465827 -440106.11364077043
26416.013513025468 385090.35727075604 207177.70136719296 -258190.9090960552 33657.016068696474 -184492.9788853953 480636.51750333107 92147.398070572
-516158.08747503994 346461.87889434665 369628.32120311714 -247006.68906101442 -227037.5990505712 -402019.6956114054 206692.80153237947 -400841.5023476396
-225916.2347897463 336956.71264880087 -190806.5439255629 -439686.66984967585 311932.12167675106 -301122.80593536794 -481617.68180214445 -144184.2679862023
-1894.3316495786983 -279055.7069461697 225141.67042731697 6538.818282562389 214123.27515704487 38570.157529069795 132905.89769804 169485.791238883
-148150.9022341333 417701.3956061199 -537532.4007338191 143003.81772226698 -455666.20923566533 514906.09691336023 533733.2174953514 166048.0990957044
-126587.90122417081 -286227.5675105799 -462319.83177896 497458.27931872493 -76112.27758397273 495603.2400189809 -200133.32413352322 -388194.41108884313
375203.1374518712 434282.79672997596 35993.957953976074 -346539.099459487 -131271.17071415755 -44457.61008483955 407526.39908741013 391577.82551675907
-484181.67206622334 67509.21808923986 -488891.2869422515 -342804.1538620516 -522679.02282250614 316442.8300363555 -107668.38058836863 24220.574884350626
-415168.1816839797 -159320.54396546484 332609.12547681504 -427850.11258164095 -480066.3773571008 163193.68828950406 -443634.77575077297 -279920.5519734135
214083.42631892095 -38256.32737991429 -314105.43851328903 -491834.7758991508 -130439.78108362123 138371.31469472437 373159.4327557379 -269618.66234033974
-288152.6306308326 215577.83513974093 -303978.7218883115 275500.62015516125 137237.89847004175 -218291.94255643134 -498633.57091227075 86354.93520290215
445554.6696353234 469341.46886866866 -510689.46456441475 -365567.966238085 106043.56707482738 390303.10513084085 -148261.22387965742 113352.46647318333
268772.43343239505 272512.49003876594 109196.06489171911 -84127.55370173848 409364.0701534432 401651.4411019279 -149768.10071490795 -200505.50199855678
191975.4436942188 108400.56833975116 265694.36961829924 67342.28004281668 -532459.4318769434 -196989.630479653 408662.49151064386 124464.28362322244
-402976.79194949317 364000.7779341793 434110.9320050116 312365.6242033831 280408.4304853072 319043.49880717974 377214.38767688064 73151.22175955467
528535.152682001 538117.8861375432 526863.7743862479 -180800.89087373464 -114638.49690391435 67012.2610898537 -489792.1481595469 292221.00161294255
-91265.54435769704 -97127.5613346763 208105.07151016043 -447133.09506452223 195015.8534592408 -151069.34446500748 -222440.90680320715 -323130.55103553913
-41599.93147494103 458508.9137992957 -141196.90573100763 -244573.37991509683 404648.77544195036 -406344.5632693466 -385837.85033604415 60266.02558991465
203307.95525233477 224519.78417378198 -249189.9601119945 29080.667123784588 -506430.90181863355 317999.61815531953 116312.33888774509 142129.62733546318
-55740.91373196741 -352298.51325030375 -426461.7735783011 483466.72281114926 455815.81515569804 -50714.229774261876 -56744.68494915368 -254963.76477376427
478324.1792547664 387294.3165682631 288155.56311745424 278903.8264863845 212031.9692362205 -388219.31494027923 464917.61335026595 287098.2619295164
502170.87445209455 336910.27338376694 -357405.3515173818 -326644.4904463393 484963.8672424752 233209.17924026796 535897.5080397143 421738.53200289863
474305.2726832965 -259774.08619912143 -369530.0023332666 -510831.5380175088 -435462.2460711997 -90004.837976558 496389.59099343733 -416742.34981172543
-369913.1470957354 -401745.10107539967 -72330.8574668857 326124.9255951119 -235375.06273251545 299217.8862581134 -70956.99722431636 318822.97964138637
-116567.50376713944 -475875.3572785072 -216502.91576340064 229149.72315184982 461550.45903817273 -480113.8810716161 -222460.22855140505 -312538.59627759183
200459.68269873507 -387854.42874052335 13661.669431351413 516030.26255047816 -430446.2222881225 -36661.04998027761 -26006.086632382106 238003.22677390784
-384485.6524930068 -78938.62428978998 71406.07625186315 374490.3833382597 466054.9362146212 -176413.42709561175 -312426.58086503966 423234.9001778489
-879.5409330086206 447907.4308350099 175682.5445396632 5611.022301079355 461610.616490747 -162779.28496979378 407256.01609637757 -110331.57133109319
-240615.08302029743 -451479.1543838625 112668.83129583037 65532.30135379902 -238865.12392355283 470779.1556026063 448800.7652819613 166726.66146790102
-258937.6167727367 -460875.4243427944 61065.29142584315 245361.2548504912 -472784.0106951464 -2981.838303711947 143674.48851150644 262460.59067985794
-34538.33040739454 258742.9074863607 109744.70434360616 -509665.03383403627 127082.85554791559 -207567.7470894394 65276.49858587781 136327.11443424784
-247692.75827731277 455147.7076382536 338042.71948174114 536472.5714659739 -15685.673983748304 -144630.1533110724 -133247.05216157864 -367979.52078879497
438432.81067169254 -288716.58966039284 -262124.47613873638 59389.92367328239 -299650.78638377535 -94456.92433425666 471557.86820476933 163541.98033046722
-335448.3168884136 152506.40271411694 476777.0671260571 -359548.14355792635 -386330.86687253555 432995.29689750413 73188.57442389306 465827.1822210211
-165641.5264972925 229314.20960026042 -266462.78752851445 350666.03908528964 -342491.93230012496 -7683.75715493755 -481177.4787852772 213134.1279437106
177035.63977144443 -332533.09108444414 20079.244520869146 495658.46700847364 -88540.94712001833 -105732.15042094863 45323.97640773393 -385252.8425395632
49217.902557235226 431169.5375021684 49568.10339429642 -37134.43325811718 468588.4619798103 307826.4075088505 -40392.09638957378 314968.5110906952
281915.1784144299 194843.67741552825 -201460.14856790073 -246698.13602721997 287732.9652883738 34708.23932732088 394968.212044357 388578.6314341255
151389.2001125653 534540.1693161624 -227575.8863891948 -279098.11422705883 -393164.1924675076 -60701.24401011357 -91848.59560783935 -206427.26147531913
517764.2788447115 19564.07658791582 -117249.43780744783 -127716.15517315833 362802.7752928725 471432.09665935114 388093.7380697553 105866.5272236022
-217087.98796854727 -191224.52635116 -424558.73417378444 -154039.6620491041 -339154.08842482156 -523006.7656174865 132820.5763472994 -502006.3644905228
159736.93060214532 -365601.9193050293 231175.11384816826 517223.88610930357 -82342.33910393057 -252160.635460745 96091.8537281404 418950.32694578415
476244.4514217782 285094.5771883639 180765.93986096492 -63010.16807560296 -60411.47300840123 279528.9704576975 -202882.15654631917 147605.17237312038
248883.77790055884 200667.41735693606 521931.33046849864 181691.52995175438 215290.41115567333 266838.5356034819 -10136.845564347303 345856.52816307376
356467.4040847587 215617.2427881189 -83270.49296582301 190453.886987439 -256701.5124853682 61328.820072860646 -431246.55684226454 -245312.4391110963
-313837.93845064496 136750.98199930313 -319747.64297179424 482350.1351476135 319731.18071324425 527270.2979465775 -310925.481035821 -324212.69395811314
366659.85016238457 192364.95631586082 -68421.23095079571 -367964.2428099427 -341259.2287159294 15997.095166411073 514187.7363394138 -419849.662652703
29063.345473080983 440974.6156811654 165914.4581824629 340825.2257771531 304719.75077730004 -130601.26471951319 8859.337560455158 -167071.9225235951
-487743.699793158 -45765.751928589394 291051.48738359584 -270348.992338011 118622.67619993522 -349417.9067127471 -353822.7042530697 293.3439177051015
-189415.88481621424 32478.376022299817 210797.6866752128 431091.82243502414 67489.16862293129 223825.2305269737 -343407.9276323081 -431530.61924344325
-336564.3834533845 -266034.06424624845 -173351.39731861893 -61218.17971658193 317572.89184138086 -403780.47613265744 -187333.4027525757 -360963.9378684929
472260.401753585 -383482.330281838 -495417.31716409896 287384.9017606382 -453917.6280273399 244575.37991966796 -448716.6299818684 53081.651095827765
-45425.56748043263 -231066.93221740265 24348.947420113338 -111187.2032607303 -3024.7085800093414 515027.6510531943 -44888.64206728891 15330.453911157785
81764.56076183899 -48128.59057245601 219781.98796716344 330028.6952394794 204969.15289297854 -120190.47271386042 -374423.0592153802 297858.0278490081
-338982.42876841564 -218212.11226539192 -71839.82944016639 537531.4351571023 501981.41401288303 293923.0765848279 442382.24608267454 32303.504107210905
232993.30844780023 233364.38414572238 30638.763346893524 395315.92071864294 -187038.29122317705 450992.9776296628 238512.44375833566 -329658.62880282756
-172079.44379890902 -398995.5704921942 264845.22165029374 -50726.17864017092 -110384.92158710596 436229.6993447206 310067.8578004815 -305316.88642509276
205996.46684193413 510711.06572009186 12712.137724688684 205051.07693119097 461375.19841627235 -357456.1266078252 -28802.336977779018 76043.90997692387
-414264.06221296417 -395647.63350205426 397663.77121724066 -254737.02085543534 -92307.48610317608 -125145.25553046353 487276.0138119242 168827.53694566182
-285472.88423086156 458032.8964642387 -390300.79317194223 -320116.9286068838 397955.0478159757 -535683.8015557613 123962.15374875169 77332.32070191132
-409716.5182615832 424760.59857950144 469067.31667943887 -484775.4651724344 382530.92937056586 213971.84960805206 172292.4870819047 247083.68586483403
2124.419901967194 73878.3567968488 421889.83766120905 161774.56164461127 -365426.0018600234 507258.71318563115 207695.42004307391 409904.36043007905
380973.2473834632 508462.4515619652 342349.97098597477 491614.44279824593 -374394.21801636287 511470.94187435333 -101436.35764823909 140779.2127720656
-326857.7817039187 -380280.56766586716 165118.24275448092 368043.3152318218 520716.3688180472 11658.827954391538 -414275.0489433824 385255.2355507672
-252251.25853553007 361077.6915508155 440687.12242631766 61553.28671029373 225730.52301027023 226776.67571688886 275968.82087516447 -113900.88097925887
-276117.0946277671 122589.53253397945 265213.0011196005 -57958.947756325004 383388.5114320657 -259562.31823836925 -221979.53246667434 261036.5041061616
-65022.922595676675 -368443.73239922075 -270113.1522451545 516512.55309651495 511295.23681108415 341126.9128500266 193484.9254663364 -24737.21236337589
11579.203780573087 15124.932657718093 -80656.89168750354 -492221.9811156511 100141.6103551708 -514283.72953674936 -477812.1120589256 24396.76902685541
-48085.47753847079 348271.68289539695 183948.23001792523 -223231.00891542915 -202401.73172968495 -214417.8307923624 49624.957082844085 -376796.8609798809
46413.28358276711 430817.0090208782 -437911.7127227583 146841.76885343905 439013.59750546643 305368.0077530417 -39326.55236463839 -244290.67419583898
470222.8691468441 519105.0780857184 -146073.06407804776 260899.2723716451 -427917.7426935184 393435.6093595885 -341046.5839793215 -7936.124637888497
-487006.0443849635 -78171.81064127208 169802.1390117781 268728.4553723884 19142.262616976426 337245.8296817262 -379758.58542340354 156098.34931125163
90807.24791359964 -155683.42307274474 210713.2459606005 -64880.42294979277 158118.90495002753 -451296.65357826074 -448979.99466385937 -443112.4475032769
143252.29138575046 -187137.44583694616 -252502.43347997373 -334385.61821539054 49603.95594598639 200454.04001635246 -290213.0941574034 530105.9425020575
-344690.55390511075 3713.453075543551 -475957.6034968323 225234.7847391627 454613.38579735527 -86020.53921736109 -488558.75349424826 440662.77142355347
15266.515990177706 448490.7113851534 15056.878176485914 434600.8676994039 530692.5549269322 489423.5993531535 261037.2615090484 227935.53515822088
235965.60050559574 9738.962442774495 246840.0763200362 -113093.29824985929 -248268.54938525398 56953.82852861299 -325920.32356717606 308459.91257613205
-448372.1204392274 -152501.93550339213 428485.90058910876 -49447.781852807195 305549.173678411 162070.18861192296 412157.0248796497 391350.3133682613
-210712.4036165441 517462.44210911624 348377.10327999725 -343956.1289991283 436550.9467244665 294297.7667209581 32901.0001875322 119416.77776037983
329563.5826322428 -460143.55997301993 334490.22725908534 -229369.62790912288 -295718.5202162561 329560.5283346101 -522353.8771828073 252164.87031742797
211131.59154891875 -500603.9986525593 169185.99959236407 -435685.8471197761 -255296.9176030442 -401043.5424317511 447238.5777738833 415281.589299217
274130.1693325201 520247.34659601183 171189.80763437718 230418.8562821197 23876.258775930157 -257987.3787507978 321688.7868754731 37575.784726367514
286394.5110219956 54228.94391676539 109117.75525419606 73966.07325078305 437125.393256747 33143.17754628975 110436.17841778716 368419.9685187666
414602.4612185628 17979.548685292182 -527221.0721526268 -232692.5913203083 269156.8415908029 452378.10723588854 213996.97453392457 -137861.38988731368
-9488.512791463643 347564.6488635304 371004.3347632986 -319012.4779303072 -352754.5414600207 161199.9083913056 -265281.6164218386 -243624.5503802724
162250.7024805503 419638.8275689307 417309.5372042555 310874.9517138913 -297067.19577226834 -184508.45557991345 -149484.91375540535 211409.76808470505
243198.21870353635 279029.9465419942 -275221.7696037437 -32794.07495971601 -9789.635585924918 295545.3044243626 409378.5809864928 -209931.8568205247
-181846.0129758001 -256195.8545649712 72292.47541237388 19362.095655308956 220403.30069415565 51880.19471099444 -98368.48465988584 -508569.96057004674
481089.7772226737 130418.42985619055 27881.595674574055 -412475.85026395204 -361312.05893500993 -39580.41267839096 253211.19436732668 393349.30686077947
67773.6060217451 107102.4276605606 116451.26226332124 -470908.8564671028 272588.8274751269 208662.49159136275 -433979.1903507177 -144302.64305609162
-334463.70200247125 -348527.28355829825 -285508.5703709903 50641.94035729183 -191545.44042278014 -510301.7929226265 444115.9097690996 -511221.93280215736
-98247.0271327109 -6222.8477208519935 97713.49272452775 -34547.94031960453 174521.82951237742 494589.19521875656 -364885.37273052044 141183.5123960879
-344519.34087803453 -325557.69000602857 252162.19461127123 425406.8876348877 -44298.622094339145 482870.2806236527 511513.3131919532 442051.7484252087
65435.33381160799 -256016.59918370398 365006.2765011208 44358.66669492946 201002.9318604924 53067.53561503642 322935.1040123078 296999.7539069913
-5538.760853783198 490672.1953978762 440273.88030702696 -4475.752781710983 322225.2696983034 89670.90154097819 146535.69814326538 -82511.58292511098
524470.1475716541 483378.01858203753 439301.112394355 343676.151297602 -378642.5454634991 396496.9557688973 46693.54332720986 455612.4543277878
-140585.9544349367 363292.60654239863 -9643.899569994996 355260.32018527214 -326615.8741829923 -250111.12340586176 305221.5511890412 -444758.40444217215
-213042.805182277 228579.756543827 -456376.88215660007 535568.6450465961 536409.7159879423 61765.280473295046 -20066.267433882273 -67207.96096771774
-343464.4569830789 224984.22031668897 226640.2242083991 -397487.3126431509 -391702.52779703477 365515.3753865814 -235569.2821929995 -287372.1220790265
-95775.54288263396 -97782.13572718731 4592.1092913870625 74302.45398837568 397760.0764325439 -250583.1202890178 -275149.7207126844 64294.25923108745
258853.166808388 233566.8375384749 61062.597264582364 -252869.9058537955 -238127.96536944772 -296545.12684248906 195165.5431788833 -418089.7924482491
146518.24490916065 111955.05127201173 -499139.537921578 446979.7514680689 141761.00177944652 118131.5035554671 496100.98396521475 200022.28404914433
75650.08128758104 -68993.67549951821 50544.36809833295 132335.24441896993 -171168.03659512286 193649.20633828954 -175299.82215804237 88132.88482186441
-495187.8656109956 -220954.1651316856 18946.57091753432 224086.00562963673 -217332.98271759477 29681.360094644948 26885.22072402141 421293.2531357676
-453306.61906975816 -471544.56271036254 -127920.58113037398 365644.1778159333 -399529.84025315265 176805.5433318128 24249.351489043984 -131387.62842415975
101722.52919651492 -377165.62855954014 92051.22612377784 93646.97615001744 -423787.27335717285 -90231.00003930097 -229253.42719714443 102667.26441376463
355845.38624803687 -480541.39976411406 -426950.14384550264 174723.40302628066 284952.11734677054 -383658.4892179711 -442148.2507684222 -242357.30976582877
379030.15809749754 419789.1960193132 211539.4808247717 144152.76570433434 -476441.52167325554 -437785.33531191084 -236027.79113726752 -303264.59126288444
-362000.83853029273 191604.79215714725 6943.925244450451 -508963.35084163153 224455.85304216447 -381475.19402384374 254721.6623287288 -165615.65987767893
-413463.62297530076 -167899.52410249054 -410981.51169536525 -333707.1145406538 -187003.6196598492 20987.35837642701 -91899.59073125292 12470.332420112158
-101577.93210820053 -382789.4695440694 -359965.521998784 158743.0809057569 -412824.75643017417 239791.0214428738 370943.2142135423 -462543.8846531062
400004.62885083875 -181846.83781927393 449921.13623686007 -60797.52357424326 -89264.00367688776 -400010.38524928957 -115074.85994252685 453027.94951219676
-313389.0513699392 131887.50244258612 210481.27631356232 -192402.16889405219 -98671.08925559152 -462973.48561008123 -73346.7208974719 -529551.6847098882
-171664.34197247218 130345.20206877016 406946.08951813466 369659.15010110114 432850.921121034 485147.1806085077 -306828.3109311397 520828.54042755533
535579.0750974191 380480.3227318591 434025.715776686 -24617.18182157849 236066.18548724215 -217190.7019645574 323672.6933078162 143874.90828740603
369998.37641313905 -281135.4658210215 93652.58673543372 282829.78916345694 119431.3508911352 -220569.23165133 339290.5904716751 -7761.555244076631
-286938.9049784048 94257.99580540959 -416716.96263539686 403397.95624359755 110248.45530978296 38016.83061769047 -441711.3988992651 -493884.84367047605
43773.957696847596 -286276.8884673887 -394156.990293074 -56930.69605884422 -17770.40068825484 -356465.60132128664 -29499.564658061372 -323371.4313452775
57928.59998651129 202215.87252550272 -395468.88669441297 -10686.054126901283 204629.87436267996 -181798.53293978918 -372232.82016699173 -114933.0294251875
-139790.58910160448 -257774.97533580023 434450.2622206382 -362755.43188751314 -382677.10492406524 417216.5787555314 128447.33647805425 -299645.00431635376
243487.6432460696 325481.43268681515 -330581.30619201635 23599.447577316543 441650.9309338533 -379982.48551208334 235559.14922125248 -124003.51885622884
-18412.82996570708 417969.00310130883 -253234.33061911163 -476951.7525852495 -290264.01098897407 -488594.85786951456 228012.297227078 -171037.3439122978
-12401.043859081743 54093.57920270197 240932.27228486267 401123.3645346 -329611.64980342623 120247.16790551701 204260.26260489557 -429089.58740174683
281250.4770570537 174872.3216661838 -55000.494510487246 -350653.06027968554 -434352.44506655616 -302591.796880605 45003.60607062422 523725.44049236807
137871.44714468482 -411010.2923939133 303851.8477077353 -435605.1753733594 -406490.3178011701 455811.1587000594 -142828.07770546002 -478758.5829267819
-276294.93792974146 -455716.7203422861 490710.79042600555 53570.63730183494 155841.1797702236 -436608.68175871845 -537537.7819540568 45612.887107797695
-13532.978136896509 -64507.51574672511 -168929.11609310147 284898.38319875277 -449112.63622111204 144836.88208116498 453094.7428666777 389518.1593419738
-165755.2059602754 -434220.1180642879 -80142.49051951923 -89523.12417820207 57906.554351707 378758.97877804475 446631.3746451593 325382.8427424462
360056.48974153463 371531.3218303322 69944.50898036044 -94911.13900457224 374065.36032266216 -534067.773943526 -403924.8467940081 -439912.8260295998
183610.39116308888 -177806.7433677746 -493696.2776752808 -252985.3866919585 409745.74098377104 304547.74061888485 -515147.17299820983 122919.26113140049
-164675.33985521304 519925.2470550029 -508358.78602536203 -393586.6766719408 -365151.3270426547 -261683.32953048262 -325231.00107621157 -172210.19879221727
-320075.0991676019 293190.86823973246 230136.572774359 -424512.5686659263 313949.6242914446 -459948.66821530525 -504950.43816238566 -198249.2590554624
322612.4832031469 105733.87116030372 -178017.9966064217 -335858.1943382807 68446.09661390986 735.8684901636069 -104602.152593946 507116.6590339294
414445.8924845418 -531920.7940656373 -11742.823771714497 129782.5828096114 252983.51087173398 -362447.3945543787 445787.9978209488 327406.370363251
14396.74262827957 -459008.5858168731 503676.8142705839 -410934.80598397687 81753.653828358 531909.8607023036 -276733.2847073304 424570.5054314973
527361.966801018 -501262.0702888366 -226710.7392356376 -172348.15906302782 -155234.77787267044 -123662.74739951422 261141.68935344866 -160386.9850322876
-476585.58313550585 418272.51789892174 -456671.0676227565 -420049.3251010741 -141145.19623716004 -429778.25662371906 273567.70717362803 68691.43953180026
-124724.96228323225 148188.95554220854 442664.2575045969 -307545.1400015826 -520879.5060685085 -100711.1577010612 -354475.7391294164 -53437.09657932218
-455590.2266079967 46051.673794213435 183044.39041277693 507855.134911263 -411084.9042614842 90539.69819492337 -151750.8708986495 -62474.27909985497
217478.08563603833 129939.63744019737 420831.86593442434 306351.45766520593 -54794.394871573015 523058.31064912304 -174028.44804314844 -211711.14043869823
-37796.8907900152 -135689.6759239384 -45821.64803608048 198067.41265348802 167113.91098520346 -346297.9184083549 -351720.6005516671 469237.0202260749
91747.09405234817 227316.95573993155 -72945.24869123223 88253.64485920718 -472220.93448271544 -187940.36808892436 429637.00316168915 -340016.6414662725
394335.8977997792 -183540.9300209288 352852.98254954844 103147.57619786005 307182.0211548955 -428212.0032143341 275146.16257508 227810.6943108697
126053.30343051328 266555.70578646683 424787.43970785214 -305455.33107849135 123709.80814428296 -96281.23322657312 -184136.6855810136 -450400.0352903546
467213.4432846177 -84258.22833947183 94167.44143181332 361878.44912617124 212359.1428463776 -169729.52609238515 234158.82698814155 -269130.0744081816
399616.6052795896 -251635.4366450472 58433.16143176748 115350.21131429849 -421020.27646696713 -300712.74252485746 68145.63478284662 -516654.60702579207
245899.8906062691 -184174.31284770553 -282013.7831972402 -439649.7601749198 -406261.8044929278 -187906.33005063972 -287425.26554519136 -2350.4516554275783
364056.3226469694 251431.93739257092 480390.0957366878 -225639.6234157677 -123707.01220440038 508118.6729841195 147805.9774627829 387190.3919266079
-55170.16878271278 -206847.4100541239 212153.2202981898 132665.2148859902 -160598.0446841516 -71223.48672098001 -202952.47820026797 -250265.88229811593
449450.90831657936 -314062.3980902855 -68694.95800356734 -391347.29826990515 -512391.09153981344 5106.116436609902 -55798.968177996496 297578.909237962
-314566.93321674987 303634.37071629486 95770.66100424845 262044.94304688167 -250487.26682410203 377549.5991280308 -481731.24750944896 130788.31433231175
405320.82245530083 -501348.01846808166 254592.73412355286 -193173.9288335286 -405195.4017446515 -525349.7980230508 69245.46950968727 -484566.3111658023
259153.6368533508 106624.25404477594 -65603.5444898469 129834.5111010975 375205.4521483042 -24550.899601426856 390535.492186729 491053.57624413143
492160.8383556625 17794.901749098914 -366947.3244257735 330923.82490863325 165708.63488362147 -329324.40545573656 356803.47580766823 -135946.87458367037
214930.0303770371 457826.11972868687 -300393.48147541675 -407293.48868828936 -199545.22991624667 519067.4651824112 120128.6611261189 507783.8084641742
241515.53281262706 15999.58079136531 -80008.60860264944 -391974.35747181403 397614.6151364813 -517857.07462924963 -74667.26138409713 -55240.16672389733
224835.82088984756 138346.13657124428 63337.52942521794 -176614.74504291915 -429006.1918642374 423310.9549643701 -271202.5523024525 399857.38327296457
-179931.90931493868 -317464.56054066104 -182751.04159012728 -259626.62601849984 59457.307530786864 515898.3257257875 439322.91711005685 -92662.66260121763
36324.76177733956 -208834.05801708897 364422.94874853065 94271.35471166727 -525917.0533576789 47269.79340996848 358374.8544887792 -200850.67297389868
-402761.8833422905 347285.3663181147 325038.81616080005 -330963.7308897325 -300509.91733875725 15099.219478940864 -399138.31478386576 400109.2747474882
-172079.9573665653 -174372.00538377638 -508523.8068025463 -28896.816454194828 -16642.819342381685 289273.17395571154 176494.39850117228 535317.4456251843
-310539.04728250316 -187170.3406536996 142658.40435443696 327456.27747518534 -105903.76683975337 -534612.5437317364 -462953.12803783454 434218.90095360676
-219632.0853515772 262009.18240446094 341097.2702284058 488670.52922808693 -96403.36752876188 -300908.1809025638 -434493.54968208855 -395772.3057651121
-64348.66292389558 -404663.414873301 129365.2348221595 -283918.25625510805 -443628.79748158186 -173786.10431788827 479727.9916949756 -106719.23433804982
-181394.56877690618 267027.3181290247 279079.4943692745 412746.54850579886 288528.110632222 -41257.46433563907 -353227.0088188723 -37975.97164100289
-206403.33033000046 281970.24108095805 -399078.5101481718 14238.326144718001 334370.14472036914 -369754.507552243 128509.01102889025 299479.43284109054
-238162.4287054898 270259.2066391442 -484257.7614582036 -127415.68223820846 -406056.3297826839 -211429.76559601896 -478588.5593598623 281951.1201787542
-95897.7861354956 -502817.97837493295 -385687.24423319247 480416.02000898926 -110763.37578922634 -329816.8258853597 -276129.45576192 -309460.36483265617
28567.342839220262 504097.25186244334 158069.36096793372 187013.10690562765 -425883.4424589375 505397.05910504266 -534499.6738673053 116671.43713688244
378961.0561764598 -68019.83318820702 -357732.3253262593 -458730.2257790548 320308.703390047 -528175.6728887601 208690.4746861424 327079.22823198076
391646.70846308523 -365598.08110036905 206223.8476856433 362753.5839194053 468292.8481724253 -437168.85945761687 -336925.21232898306 419961.66135151446
352001.692549908 174344.2178365638 -233905.398837354 263557.48501356173 184566.26470060536 -184857.49892016072 418325.8884955583 -139406.69039329453
-434029.9884733068 -380485.2060538953 -10880.111054998464 31182.692840099648 -229211.25051974074 -489227.48847207805 -168948.96408115112 -330210.95664134895
338239.80172203324 275417.1521055374 208693.4139438805 198561.39842642724 -123386.57556793347 -379740.55343443784 287699.01585344353 80928.78820540424
-334053.0942051566 -294976.69154806336 -182697.45148432805 -494514.3590234113 440032.25851124444 476183.75819046446 -55317.44409607624 -450990.59597803577
346031.4598208477 423549.79198044783 -139683.02207861046 -214511.24004317788 -338951.966469002 -498489.71652392665 223845.44119664992 299159.6306615526
-256712.19571345876 192993.49693911526 -244647.0471374172 -274697.41476823954 286748.43209985015 -207036.22595460276 -426509.6612983655 -504086.8682657094
160527.01289928445 -535975.9063606455 460524.22788427694 381730.53671805223 -329022.39608623175 130662.33515565447 -116453.06497108306 256014.82763168568
333225.11442445096 443188.0072138463 -290248.78244576784 313332.87885866605 397519.25367258803 45238.59552202535 -51921.764315124594 8851.167550961722
109975.41765540006 -408929.44757484813 312861.8731407068 531530.6805241841 -124780.24781263806 -37234.487472752786 165916.30107116987 -309226.22711457766
91638.55317811291 398660.7820462428 368967.5553280398 -245713.7221141056 -67013.66905706325 396105.71093702083 73875.75004375628 -264836.41862103925
-536333.1017844698 267917.90224485117 147120.395190449 -514473.2119553631 -270987.2419187209 -135131.31970357965 247073.74568731769 -77448.98988401506
-488867.77390225785 124519.95376990542 72439.59427867438 -150004.13157246547 361286.710280967 -365233.0790108138 229269.0147734637 45039.672445662996
-130003.2061041816 -493573.620788055 -5745.94669906876 380219.6877350323 15743.001940242437 538021.9528627594 -146309.26485383415 297347.40263432846
-193569.13112382364 -304606.2862257256 -34495.45163608748 -52755.98733257621 -17852.622627529065 213084.91082541828 -292046.6844057587 408040.4709692939
513559.3853217819 -306927.1259701793 287797.47214999085 -79703.07682094986 -1250.638275139597 423696.79351971933 159651.13919344946 -286619.2682788721
323900.3418629124 343312.32123980933 -495163.8255137937 360195.1891599422 394232.56679564447 316531.33613630565 429133.3063850556 -289216.437270719
500481.0779173074 -325918.4525124927 -70469.35507685991 -226905.00623600927 171483.85581150738 -42912.25509527253 -476815.7945280294 -303616.17998701084
292245.6062194269 421669.04259870015 210840.92651818236 68273.94661172801 443671.6282928493 228487.57525619614 -3126.886279735761 -182640.13803525694
101323.48817377168 140127.23462553712 491675.87483314244 -344052.9811465582 -114324.18948742293 422902.8610145733 61093.073526608365 -166306.4164446222
226828.1190672212 15014.602191108603 443979.90230387374 103356.99404683574 355242.10508985555 -292328.7548835267 -260405.46091592463 -397847.07283380325
488025.47434007464 497302.38330560806 368699.25778385956 -183224.5727831202 -325715.9625919685 -270876.2759995794 185771.2452354773 405914.9464725676
-194382.92649644782 -236868.62963541035 -350145.6216940669 -24257.321302410925 327638.0694517611 -93965.12950720848 -398147.4537709798 194735.2599004152
-303596.5065891528 203546.49886716448 486166.4377865621 -90371.89126583947 -197043.6050882954 397025.10644834384 -476476.85304798034 -5488.085929248558
-288660.7907910948 459096.0846755563 317482.331593267 447394.8952322365 303726.44170962006 -502078.81489461503 378537.7086365797 -79336.51445223924
-108284.51223370791 359036.913912746 492325.9937804687 -455922.7114735957 249949.8089449753 -281622.5707438441 354430.76922283514 122809.90791196686
-144.0067502355885 352428.73167875776 452684.0219363985 468574.7389583604 276611.4150354849 168642.78828945884 -295661.5904655182 142996.72395531222
340708.06355303223 -109443.19907847705 503988.5987033768 237745.44933443068 -354223.90372910514 -440192.1315139339 -95987.08228066363 -37614.14988751116
-128551.67188599941 -444386.2260483678 210638.31317318178 331415.5096072464 -6511.216094577054 -157099.89367305336 -479343.80923916464 523137.31219401036
432159.46205599257 159502.57111620903 354642.86846662516 127610.23313998233 79631.21642406454 383314.2033342905 -524597.2637430565 345360.68872317066
483253.32960291934 218769.28079964986 -468102.3161653659 -147349.75423609582 125576.88835115568 -16826.80585240221 -92534.8101024042 -529584.8856967826
-529675.672686842 -217637.30510971564 -384698.8349370027 -537750.3510301559 -0.8912064962753109 -208288.62556309145 215310.763417602 -145941.01881281464
-341513.61589792743 -133778.8002023377 266517.7806727953 -335119.83354323864 84947.70054428058 161895.89737638843 -313813.36123568396 -44009.86460586779
-70296.38235000985 -342205.2727121063 -250327.15350708345 -451605.1969472559 -534066.5758426635 -117471.27278044751 -386632.88269748166 -172799.37479521113
-531581.5768501016 -340497.99496170983 -498445.59923669236 -171534.75759777133 521710.7956727785 -108090.3014831539 -480822.70748917497 372158.70662221115
519928.66513601097 -137494.450148316 -234327.8348428805 362180.2753011795 419460.91008245543 -517180.08393559133 -202136.7725933424 439761.34858121065
-57768.16924151992 -465497.11946938303 -188580.94891694482 528121.1804305149 156393.23690571997 -45704.76684530026 -128447.23239017997 -283865.97045738506
471797.6982529723 -208173.63746246148 -531049.9873788068 399452.43065419415 131531.32644127498 -326062.9792723727 -12931.68285259051 387401.9747953489
-405164.1280544454 -97736.40666576852 -535960.4665761474 -251390.0166005086 -227418.4414515797 95281.31050593776 454859.4438874911 -75289.98924570753
397865.07231739524 -102991.34780330629 488375.44458005024 -514059.5752223258 -458787.12433393614 180535.77703480338 -117656.04504378836 -225904.5668232107
404933.5682053464 62047.012859906645 -127254.78881395911 -499551.43388554855 423267.0184695485 219435.0528079533 -436668.01530195045 -34382.38547391699
323906.40344150504 -373381.912438093 -48677.43583299886 -256951.61468716964 -298945.8947014356 383074.1440278024 199831.74692267342 -179423.53310519888
-484122.0388334695 65321.65317668812 -401732.26519793796 109384.04640271986 222603.59808233604 436237.62486633484 -94289.24662717251 276187.14576040546
-100032.6257613918 -272242.8911873625 -290236.6954265919 395400.9502225358 233800.02156139613 165685.3461895962 -329103.4717479876 44647.3045728861
-469008.5625032962 347866.3453954266 96907.36293107418 269511.6224018941 -444423.8169188459 -158793.99206419944 104399.8252886112 262763.35610263166
-205681.60771907496 -327662.6369903281 223312.97644935755 305750.08372469817 99923.39211843841 -147549.65932604254 15463.536840893019 434006.61055216216
151439.63018926862 -214876.7425344431 445806.11321313056 66613.41162268154 6561.223730884092 230858.85867204357 -241115.47601782734 485762.9261955791
-148554.8148367087 225082.56705091332 426776.7712793841 503907.7884041875 227718.05763994082 -283920.04386769416 -299065.22540384345 -148609.65098550316
396323.3233398896 151112.29894598428 196118.7915417103 78954.08919216224 -192168.87117230336 396361.6377696717 202883.581017089 -450175.73663326993
-158081.96982903694 -306256.8814323432 -450862.41123044095 398162.25424951414 13672.747220836594 -334024.33612891205 171552.40300498222 -169023.35171502206
86278.07592295848 96639.16284034612 56063.85147720992 78577.31226862181 109114.09349450648 343317.7970946249 341921.55190906255 -236142.66840525775
496279.25664367044 342197.66838108865 414866.06354331685 -4262.097077833051 414155.4648573889 17234.03779341409 28124.52166282217 -428201.68475908967
-110708.96362013885 -478116.19415498176 -140046.013497625 30336.68725612429 68154.54210153146 -286673.363561712 501491.4855371187 187105.5977617669
335211.83452346874 306576.67963772116 -30772.24369022318 248354.22228772473 108310.97824424937 16764.872647968434 126772.50191572767 318542.8128557608
430454.43752975325 486171.1862152641 -84760.5986494561 -134361.56778975093 -320129.496759777 215025.7373325951 -511862.2721604842 -54024.22215826398
288019.86287995783 -25858.445595102072 -492104.40499550756 -160295.1789682829 60966.965228416746 -452322.00837003934 -304921.6382784762 79509.66219981585
192980.79573564488 20733.438085604863 -511184.0298509927 305228.34089148574 -533456.496000218 8705.68305654651 -31637.214404124596 475107.9148341184
-207155.90865727636 -486273.88694405166 -187095.09141489596 -493070.05289962696 -141920.13492063846 -186491.98336608696 -65546.93849827009 47402.98803391253
-95991.85317336822 -390611.2883086099 478608.2783346084 520236.60821936425 -206639.17806452778 192790.22053922652 -214997.58590514242 -18753.343331970547
-80502.50957508243 138729.50476276802 67921.50696838126 407608.23976473184 204586.4844493846 -522825.46331206925 -135412.45580148362 446433.0286942592
-491038.70986221894 -170686.0145917555 179296.14120758744 -383380.0195263315 -396532.4100983271 -44838.25895376516 260886.07308235293 -442999.8942941183
48645.2376272264 260014.60402018105 -474257.07141958014 181231.38741531453 470104.43548534316 -64787.300275023 157648.09793845285 -509830.9610596417
-374588.6997926545 124621.721691902 377292.22815085226 -53777.75683651501 137391.19048268883 -195807.46146884485 -182296.4079987548 365250.65286796005
-47117.86780049835 -67179.5237550283 492103.89407615404 -164291.16992093466 -392274.70940489136 -42920.03570053434 -486163.7372036642 483852.9020662179
-515774.5822345976 -458927.5010861423 -124046.41329301418 63900.52138814432 80229.10919369012 -30801.657560917836 -15919.176120248161 235666.21950117376
-10881.71570747218 369423.8200736311 423265.6576809931 -336677.7394354588 -178751.25856543944 -259551.20198022146 -472897.3101415998 -329727.73860634497
-330715.32502460014 -278432.775468362 196637.5521353171 257787.0646848276 194607.0749816737 155703.69960424124 98763.23191476945 393068.8285604171
-312218.3770507773 -486004.7391473516 200906.8795657855 -487144.8993648696 83647.06359920507 -257584.56211859273 349007.97607151925 139299.51646433197
-326534.8738945548 -489921.383058787 511852.9100626311 89119.46931490896 148556.57851965548 499575.00735409843 -340346.73578624637 68628.44549767645
-108789.41315431564 -7580.9733266921085 527925.8828320475 328889.76401427516 102143.76410492882 -412826.98360731435 -371716.767599711 219508.97468085162
468922.27142634435 -290464.81290266576 420655.4457567806 521537.2564258205 350689.8673159615 316999.5422122382 31209.485597819785 221859.23029694177
128849.2149621966 243259.1293289201 -332935.8200643967 -334691.6299164448 -488666.76359989296 470047.1466792335 369221.48156870634 170986.61881740054
373192.36565838335 62646.62514010561 523582.7661813686 -534613.7641498995 -204725.42417000717 212101.40033766287 12675.753774257 387693.90626921237
-381463.64187046234 160701.32725175953 -227668.36140593767 308297.7454309455 265219.9405165344 30861.184331148463 -515997.4172724207 27522.30729001425
189956.89897528783 -355999.66515439074 226619.66048269847 -482571.64533759974 -199970.71012938276 -148206.10512514037 -446148.71681587904 337958.4620754735
434869.09157540713 437334.89176038303 -526738.7266948933 483297.92203019577 381171.53301544284 226104.17873216717 -28493.137949722306 -506111.2696335728
346857.79549362557 -134750.34173992486 171348.01321194918 -181911.91294798165 305052.4578211 230518.45757438158 -500010.6967383604 -444582.33764701296
83575.52998378714 447683.9217908454 -188889.8056952507 -200983.40441338153 -5256.267457435933 -440069.85389622586 110724.03338750191 353857.6610233136
-511947.3258547982 144234.4142990129 -272367.90927684854 53288.93207238716 -45306.84535938337 -246717.91083583987 2063.2896802785235 -241678.05395358294
387494.6435924837 -210654.68390837777 286009.79103639536 430273.0344522959 -143142.41477858296 448425.5427690331 -399444.0385035166 -379526.66632740793
398909.89332403534 151507.06682130572 361385.3080323031 144108.76283503958 225331.4677695987 521355.8053894504 -352322.0031580597 257108.27633050302
-188536.68734413467 89705.92503245671 420913.8660321262 475505.866225397 -3876.6275139624686 19409.752921332478 -482438.3770938844 -89384.19767867734
-233622.61220485735 -520039.2423232553 -173996.47603835643 -362896.72887098306 -253140.6237814876 21288.173371314206 247364.60230696684 -163909.80758578493
-284831.9346265039 485848.64769431786 125468.74379073834 243831.50905245522 -144270.21522662896 518937.86704406416 477775.19159560156 -480025.03725045006
488575.39145310456 47526.732061066425 -34778.19063869863 -175251.05350319925 134004.14133752885 301364.0545802489 134498.53136280086 281513.0728944482
72009.0017278899 374836.76320217364 187185.62089386873 54681.05346864518 -197004.52922132268 339426.3168457836 248229.85042673122 -503261.5721437328
-148691.5112158904 -293199.9304126832 -28171.091653552547 -498071.40640450997 520483.9793642311 -177541.56525410275 -457656.6240172995 122225.17284737926
-276060.17235069064 -155086.6060752902 -77846.46877471352 238767.95666258264 112388.23391621612 -311316.9655165571 98258.72982691319 386116.60198486544
