7612.292481147026 -2899.304605567203 -5881.314649753082 6658.583802954741 9783.101545285514 8669.984275315746 5404.0707036774875 -8245.230293340102 4499.520312263012 9268.738561964215 -611.3586312052903 6461.652979302751 8977.85645306901 -4730.669959786928 -3768.6527895741892 -1391.7123217958979
3558.13619328813 8119.1117414006185 -2237.736800596548 691.3418413974632 4173.915303968339 3573.362834025602 8429.037949181227 -6137.431811598779 -9606.556140353396 -1753.5149657929214 -1015.3133047780066 -2565.387503477594 -1331.9893929016598 -5881.455630785679 8840.931612571625 -5711.168688588326
5475.111639483815 -7954.692056919572 -7064.321319943805 3199.6374528598917 9030.37798268061 -6147.66665981016 1790.3505679066475 1575.324404755609 9434.18704176811 7200.015497924607 -2423.741662089853 -7281.8801081957845 2310.0518761450367 8689.634476543983 1914.260480266079 95.26098765418647
5299.928418934131 1476.411729547628 -1864.49288277696 -835.9148406194636 7695.73870539511 7792.635860792572 3472.702132573453 -8531.051596387913 8252.583941223962 7023.421296694305 -2837.538507057433 -5157.225077648164 3918.7895301562367 -1071.4743325136042 -5751.81169422196 -7903.025265047468
-5151.941097780365 -6554.295970139294 4909.793787378614 1320.4840564757324 -4598.949951529296 2474.4793769030384 976.9675894361644 9835.893030401858 93.4449403552353 -8988.223039432103 -371.02371667453735 9735.427821504923 3368.069735256009 6562.4979366638 -3443.7065542798127 4150.213936501952
9300.669122491825 -4058.7584804767494 3061.4912464219906 -4134.492990571214 7608.901490731892 258.1424623776802 7251.657463313171 811.9807355757894 2730.3946097356984 5561.804756370964 4147.054334508495 -5565.640068924898 -185.41469789424445 -8985.748871377204 8029.982663187133 1078.75968140009
-5997.129310506338 -3742.015240250241 8335.399035821523 855.2972395526431 -9288.225677209548 -7268.1534184493685 677.9300616160381 -263.4285221069367 -2366.7601740812834 576.111504695471 8345.952274823307 1247.8229521838857 4385.657182342722 9059.614474413647 -922.0017354070224 1819.2978397614297
-171.1971655924699 2003.9706840385224 -3425.9628768524926 -1399.6280285801513 -3287.588858663391 4311.552482246068 4091.0504235695043 9313.482013007444 -1820.290892579601 2589.5390603253254 8466.260612315134 -1359.2974921350742 -9650.428267372004 -4735.327385116279 4252.162825433479 6447.122452023301
-7832.981476301788 581.4390240680186 -6834.377588805245 -559.2765782513579 -36.328647883003214 -2455.8670156614617 -852.5548667563526 -9278.059183199306 -4265.098976316593 671.5194751670169 7391.8240694469205 -2523.0795163327575 -6110.895280800366 -9363.125264997196 -5257.341207811978 6103.0910743729855
6712.017437991952 -4425.60310486565 -7902.13905066002 3197.0270466913425 -9864.844367422475 -6467.741472043449 746.56919007551 907.8662099688154 6117.952705197482 1951.3162575710667 5135.810316861251 -5240.382628333353 4467.208678507857 5072.112762602064 513.840777673 -770.0899166079744
-5317.13690870961 5665.223084918758 9962.703021665558 -9878.744677066556 -5263.855772369548 1333.6882975866301 -7707.314780848189 6447.115820622541 -5379.569763703267 -9796.532342822853 2203.089088365823 8189.388940219997 -3221.397456971009 8198.15677776585 -8315.269406565882 -2153.0421465607815
7812.493854388129 5023.254143478885 2866.9164433070564 -9576.840287855359 6646.331166054202 3695.308435738929 4520.9729233025955 -2181.9803165028497 -6398.316217479336 -9346.623137374496 3196.2829114413653 2991.844252519564 1891.6791827707766 1535.7080748207427 5298.809610224071 5638.810125446602
-1199.7790040409836 859.636128514876 2634.003248497678 -1088.3135041027072 5541.5989469026645 -9213.153423953208 -4246.248568800633 5116.839513049665 -9881.957985593182 -3093.180537136417 7512.834677138242 1182.2696720351869 6561.736547603603 -2941.04956439742 8383.170539219915 -8109.627451491042
2698.4293967204903 -2583.9004243720474 -3212.4806009164386 -7555.232944390031 5567.625277998157 -4808.806645880919 2039.0490493462894 -5517.693258547769 -3001.512050895967 -1693.6666841264778 3402.879295614892 4895.547562096524 -7447.1721300813915 -1017.1957279494982 -5457.245504111108 1810.55936722142
-5215.67860416422 8808.943323219431 4980.012512762725 -435.3620549197967 -1936.5900317423893 -3518.500687205108 -2032.9196613313143 7021.577593972208 2509.342171190874 -8723.196132351683 5644.008999157801 -5617.206730050859 -4904.051725630023 4789.092963282183 -3025.456874561547 58.36866036580432
471.1149147623273 9545.008886858162 -8459.62191148594 1360.1327117890505 -1576.6459819879237 -9179.613971884857 -4670.000918284556 -9511.346615008359 6248.017601807116 4355.600837327684 -2920.2122955683426 4475.214589663026 3632.5420107496957 -3168.9442551934044 5745.528806700428 4360.7709221032
-440.1286835374649 7946.141284736375 4344.715105902587 5391.899439080631 -8168.993163846599 9227.266838241558 -764.2363463804522 5773.381717495013 -4107.543071912652 2697.8608543807986 4298.87413943223 2228.9792293142746 2303.5590026207246 -6180.530502486372 -9037.785583009882 -6283.085674115277
1902.3912374553747 3942.2844584911963 -2713.295294193281 4857.546551120693 -7422.610428549942 -2593.1979109918448 2777.743239417592 -3159.260054699522 -6146.327404633569 -2777.927513763465 6417.484308969833 -2907.7308895254546 -6888.502632083477 4145.151373171922 -2864.699582871249 -7822.220862167568
-898.7945906511486 -3280.588828011146 6289.457797134119 -4597.739287597784 8221.385048185748 -4400.792785136971 -9038.180688981849 -7264.775825189485 -7655.566035666843 -1107.135106594089 6157.968290344381 9694.559783896544 8397.853213572045 -8783.834530583368 817.8804087824756 6145.218164847174
9600.846371699103 -9651.568051509159 -541.2407091174846 -0.8241855871856387 -624.0628786289017 -3772.047928866995 2459.1678708294057 -8273.373098482863 6575.224693837874 -9688.719109317864 3089.3911354931533 -1043.3710959066357 -435.2960394532256 -1763.1399577608845 -7591.043338263521 -2545.880463271422
-4876.679421570054 7838.722939551852 2443.587254655533 -8669.860836486474 8155.008668500843 7694.289521372266 6683.515202450784 -3277.0832343874545 4507.293423210513 -8219.045840286419 998.2935756948373 -5498.810203150167 -1554.9817508000124 -3562.6525901525283 -6854.166308760479 -2285.1555351463167
1533.6758111611853 3678.984300849501 6270.294794587557 -1322.8646812477 -5691.850874574782 -9821.54301290612 -1468.3656073957227 -5048.213585603865 -6173.4192263384575 3248.803997145689 -5139.33853278913 1390.0723649167376 -8733.436954830646 -8484.65193846136 482.51553795514883 -6220.185452091691
-7201.829597957423 1993.0783291390471 -3518.017861948948 -4608.156729103547 2621.1849538871465 1015.3771741614619 2623.7767370073925 1918.6329382439908 -5845.118550417663 -807.1023311303361 -6145.529077686467 8557.613421079925 2419.432115532549 -7843.061263536087 -4989.792475400874 907.558964275011
-3490.7120267972577 3767.203713034529 -3610.7250330467577 1030.9431081126295 -9661.415243286458 -5987.0164461407585 -6805.211068788036 9709.787840335033 3361.36813709168 -7490.264432429043 8236.082829702213 -9908.509327096124 -8635.558911551369 441.06032316176425 -2064.4834402535 -7120.486653492082
-7661.119292229677 -9399.06054251381 -3010.6142238008624 -3778.193094034137 -2783.2244765737487 -2817.673113283905 -1331.4758685837442 -457.96412618833347 -2438.082320213237 -8812.707234962041 3039.983725222637 -3655.715069500081 -2680.7729157250733 -2941.0940463218767 6287.10416511595 5163.316861683739
-2853.831539431382 -2215.9981688137796 6714.337004766683 5535.8457193493105 3720.8790515889687 -8859.10694329357 555.8577039677621 -9622.925403358591 -4370.571013965255 7650.1395476506295 -7696.1165979485795 -9140.000609310347 -4852.296450956075 -455.6166068429684 -1927.488882751849 8769.028165670108
-8853.72168679355 -3312.7812592842165 6406.222420283688 -8831.595698788193 5809.915196035687 2559.8787007541323 -7954.298978313217 -8233.872662358066 -8369.794360409203 -9371.908904295928 2284.217873094096 4046.2098147430333 -2952.65156566717 8349.763206736388 -1135.4906194784035 2070.6589576859496
4873.853622433899 8064.765094387742 2239.629183798772 -6232.137870227408 2562.6541232518994 -9013.884442421091 8286.890200421429 -8601.697634284254 -1595.276650460146 6049.148146692831 1490.839836103194 -1495.9029684126363 -3137.806120480049 -8356.331733256115 -8751.998676369063 -8377.065842348666
7836.490989727234 7015.779071174198 6933.185835123539 -4.1325766436184495 -7827.632620507537 -1721.0338075830005 -4824.496202501933 7601.208047037388 -1837.8548916796199 800.4526423835941 138.1149999194895 -5500.802575852251 7228.787318597755 -3732.094008638607 6219.633883467752 1218.223965050236
8805.248340666763 -229.45621454425782 133.8375123870792 5146.192014098215 -7283.354481439699 -2572.4255743836075 -5049.414480822825 -4902.241710199045 9437.551388828455 -3312.1185231488525 5713.932807418536 -7965.2704396752115 -2175.3525875179894 109.45439227534371 -2325.056560390246 3014.3104433417375
260.2678935740132 1153.6301759161834 -4139.994025650104 -2640.9514459838438 -5434.794203004927 -4742.278340631127 -7576.270230134192 -2567.8798666878365 -7315.302441599853 -151.63632582164973 3682.1716621680753 -9747.706053897276 -8145.172481815403 -4621.109571113169 3741.6538012507554 449.85316297270583
578.675714912215 269.46643201285224 1441.9180945211283 -3875.9296701763233 -1556.899069801124 7520.106903271437 3385.8394277554726 210.72333002059895 2135.369477176706 8861.763513830927 -4428.610911381943 4693.21836743789 -6919.570051644264 1193.02217618742 7495.925260463551 3799.17593763856
-3048.605962455211 4223.809427166061 7698.716494125983 6537.023059809009 -7682.302407559485 -1859.1729360051531 -1906.4149428720611 5000.358902863616 -8796.248868879788 8210.363392179454 8952.09396506237 -2525.4494997304964 8574.74424474299 -6687.155956645243 -8923.416377430267 1444.7051554721638
8608.673922407437 -7998.817103468096 -8809.941092264455 4501.513507418249 6427.40446466122 -8532.307949430116 -3026.584859480806 3092.8022438642874 6558.054221572118 -1775.3590009854342 8510.95159316625 -273.68480342849944 -6965.549607538593 -569.8120152983956 7808.019140051889 8963.516806047857
-5790.6649121077635 1056.4322579804666 5649.014513221964 6725.225795812621 8544.246249167987 -695.035477054842 -1556.663917345868 621.0168208873547 -1153.3429667623732 9407.991420007518 8152.702195022241 -2294.4131313181333 3042.078954763165 -7536.3903954553725 -7065.994871888859 -4605.984732335195
429.3416023978498 8259.473210885659 1061.0742011163002 -6117.225224731391 -5129.055215016862 -6909.986364232935 8496.087220486326 684.2415263933963 3830.8063718831418 4998.446155740905 -8469.240123241196 -5645.337942279185 9955.711669259272 -7727.249427009333 -5805.004916991476 -3293.2827700597554
1219.457069509439 -4092.3677210327396 -3848.5558181336273 -7795.691348204264 3502.214643464051 -4435.118384504455 -7993.958419674036 4387.444104827458 7876.691717012327 -5226.9967576515855 6945.251905103643 -2779.030417887061 -2259.114579460086 -1953.9766425350444 -3737.672823124074 -6602.426749670629
6793.636923569942 3170.2089326558416 6588.400212763987 6223.458164485559 129.48350554430544 -7113.021959870016 -5724.267807658119 -2419.6751768924933 2497.1638582016385 -7207.9513955448765 -3757.6915389848045 -629.5972538098631 3906.0593217352907 -4347.585575690656 2687.1370909201505 33.83562337388503
-5040.900057648268 4733.856005235211 -8836.2802478649 -7408.899895785795 5474.818617847224 -4014.5108105225827 -9576.08145035455 -9213.761678977917 -5377.482397850417 6485.241418239279 -202.70819854305046 -48.685846196525745 -4458.102915962818 607.4264379626966 -3835.2001181920705 -6290.117650407561
-7099.95206764976 7882.591165354679 -2540.246596540279 238.6929430585842 3428.044175460236 5911.312408374859 -6612.587964292571 7367.603777337212 -7629.914705398674 3625.4793668019847 3164.5315821804434 -9971.566458844572 5137.655608644132 -1613.6779067867574 2203.2416946846115 6785.691914699633
8392.16692722174 1773.0818014299857 2450.8725670411095 -7284.966943370019 -1600.545643551246 5682.074888307117 9205.710807654352 3408.8214854861 -347.0779627481552 9608.014716046891 8715.63152578695 5674.095019110438 -1313.0347098515067 -9651.927386228248 9179.970553487849 -113.79030620686171
7204.207981267766 1122.4580771846486 5967.611333719795 4621.606522920378 9720.963692540121 -2812.5970129561238 -815.1441673160443 -9981.53299954621 840.9184385441622 -2105.3838782789835 -7941.9122743088465 -2419.098708571303 -9604.773613654683 -4903.601064813581 3825.630601331397 -716.4166515568886
-9494.2519061707 5325.258715008269 -8582.68429917239 -6241.245063571663 -6586.944719753329 5900.2442445371435 642.7548010901737 1914.8299350052112 3815.0205929427993 879.1567132191976 6325.568197493523 -9173.07885643795 5730.281252328812 330.0919837454312 4843.0310161278885 -7236.6071994817285
4500.572591969034 -1469.8143798551682 4547.303213934289 -379.39707085974624 -2545.996006254605 6596.267069782007 -1807.587932123426 -4402.730389540432 -9835.343633118295 8657.734881736495 8866.21415963634 -2434.34887666544 726.8872069242007 -6305.176438941946 -961.3595266118482 -3416.408305351024
8137.856543520913 580.0204876693842 832.9456820278174 -3983.8177289708483 9038.445096419371 2940.7498364698586 8131.1857422586945 -9668.833602137069 -1142.3935980211245 9706.983894834026 -2492.947536048191 -5599.341689711994 5828.569252128043 3110.5260415387165 5417.366360662751 -8200.637829513133
-3335.8426134250376 -7445.681926562824 8169.454493569083 -9059.62481461548 -6872.341454033825 4086.8550212607424 8792.503817790723 4812.998006817086 -6585.9759726800985 -2928.633442842938 8622.42398365994 5463.130619136842 -4276.56991342624 -441.43152626404844 2968.803485842167 4116.580586235954
2939.777352409008 -1483.8678020238276 -3643.6165758965935 -3891.9008861857837 -9969.327563338335 9834.955871622376 3505.5384581421367 -1967.2116295468413 -4314.984042585576 7002.076339580362 -8832.314769951343 -5620.893342561712 -1027.3437617350828 -9020.537316281383 -9451.096819062292 -9031.04998550585
-245.19081743916104 9056.59256668598 1764.7293163291724 -5922.358020015281 6093.5762654351365 -958.1305416024225 -6469.695790928671 -9824.254876942407 8742.3070787256 7389.475094341386 8876.145851959074 6898.76565056109 -9700.56505733695 -6604.379700247289 -6678.913216804592 8086.673240103046
-3101.6885810523463 7670.473020901965 -1897.7157407496743 -4876.30369185488 9537.680806236276 432.1262391859509 5026.041177907671 -1423.901063806963 -1053.3733470620027 -5653.484312609396 -982.6176833207937 5971.760560868503 -4944.621936939939 -6501.178709427307 2292.0252332803193 -4925.4643503501175
4725.205165133566 -2984.08352503454 3318.1939140755476 6033.567019297525 -9646.842543298326 9169.873891467272 -8078.659449475179 -9686.579283553998 2208.702093040789 7567.143143879472 3669.3269019681447 1003.3314308232275 4195.981009920028 75.13206912953137 7240.513576325975 8727.980123093846
4775.181479650535 -6549.039887218631 -4148.03635296467 1639.5869542512537 -336.6441166457771 -3650.634865040254 -4094.2563012405753 -522.3671892487855 -6314.317899370228 6150.867395936131 4760.276203703435 6324.513362846839 -6763.050901191424 352.1007830607996 -5251.0969419615085 5360.162472520489
-7809.181032249712 3418.2713643038114 -930.5335732131844 -8549.271445310422 -1703.6670577241675 -1071.2623025603025 3067.805346607751 6026.161682833164 -596.6312866951084 3707.3858517337303 -3190.2887695465524 5118.46221860006 7986.817628960307 -4470.29172878382 -6318.279838819778 7992.281578405909
-1142.1339092498292 -9057.988122229592 -4937.081097281186 -7257.58758536323 -6111.436380856101 -2185.06017572796 4751.227267102946 248.22812566072753 7015.771291547291 2705.5205549423517 -8644.996371062838 3420.8416048400577 -7247.657884364695 502.9289124379229 -1216.2986526142977 -4307.646690717987
1712.0451989896756 4323.141502392695 -5736.313748690136 -2880.6943544711894 5629.571196197676 -1589.1802600973551 -9700.984110810925 -1302.3033803180697 -1480.4941610186524 6526.138194724015 -9416.202211115144 -9536.102518079428 -1176.9617365161157 -7434.634041798545 8236.943397034556 -2627.1899910945804
973.3002231852133 8047.735023437435 3930.9085279005103 1723.4877191211435 8914.262623331488 -5854.652840532384 -8845.90458856517 -6855.56265606506 -2099.0318537821186 -5765.420732711963 7650.193133500899 4491.025109187656 -2978.5100911653008 2604.759989952796 -5388.778616848406 -2771.5115689179456
-7803.043846907034 -7136.888889031565 5526.641258063535 -5127.224211041552 -269.9460184153595 3744.693981718321 1339.0956870631053 -5539.240209109493 9529.57762041811 1625.8011436413126 8526.923283141605 -7578.179309750716 7796.866199162563 -7859.078132558741 -9500.977421651527 -870.9461515660823
-5337.576209536212 -7150.191406993927 1922.1111590794917 -1556.7096892950321 -4109.462296440484 -6715.416411285344 7714.714941884693 -5557.508929471424 7346.003234156338 2197.118704269087 -485.4716529240086 -8844.409996620865 -4156.904447056884 -5093.011176683422 -8394.669365491754 6958.762557589376
-4024.2466769038065 -9421.163081432642 -8957.881339453495 2123.7834424362354 3744.2419786824903 7756.437353465179 9719.848612399102 -4844.648028254137 7692.686631377768 -6210.74132859288 -9637.170086228514 5933.067013002163 7506.072833339887 5084.4095300184745 7780.306510009836 -3346.1815670605292
-7895.162314020794 1012.9893087056716 -9145.638895776045 -2914.978094099308 -3128.003626395426 3775.087697788029 -6390.869250136617 -7903.6298327916165 -8920.984789062444 155.25600226835195 -2563.40246391042 -2498.079770218833 9941.89878480095 3310.464607873433 -3496.1561116543253 -7558.427980630138
5783.884113407561 -7747.320912710931 6413.681927979305 -8612.23545333833 -1696.9949100142549 -5962.158272243154 -7645.126590832326 -4833.730640034568 7167.506808821894 9680.644609809715 -3972.2686686166635 -3871.1681019645903 4269.765994158763 -6360.42139188632 -7630.8176207265915 1974.9990575032352
6032.732231801574 6821.575577597552 3528.7913260426794 -2124.782919694848 2441.276897330001 3326.5083586216588 1024.4690591321523 6892.5757612480265 -6464.6611398555815 -3499.3083962479486 -8316.935237366417 7468.436090828491 5758.407846005444 267.3924497272528 -7086.834030630937 3112.894069339858
-4383.536643075956 6804.988040325174 -8738.39546638516 4875.238950095507 -5632.957372164969 663.8222014864223 9603.588385940078 -4929.572653691512 -9996.14033640922 -8629.609548420516 1145.5273154282822 -3177.5385005316093 -6872.048559469335 1650.3145704236304 9410.442584049746 -186.61803002253873
2119.779424320539 9826.582020730391 -6193.274900683862 6625.187636864073 9253.606751641375 -1221.8884310149133 -662.3285313936285 8121.706214647922 -9567.88687073429 3329.7897522947023 -4377.774456357939 7991.506068714509 7868.606724649726 6470.949084820393 7225.641182975927 -1843.0084822938416
3100.288861832618 8190.1485600066335 4168.214788343645 -2069.831465285083 -551.6874265617625 1887.350190894018 1345.2861622303953 -2585.8510725088 -6502.873896999668 -7947.586384898921 -7554.741641429004 783.861206759293 -7259.714174271195 -1460.9528237069735 2169.664105750815 5468.949139875645
6776.011461174217 2039.792509364961 7107.974102817399 -5291.062180551029 130.84401599120247 -6897.806645349258 -1283.7303368603752 4408.335072698239 3698.574439810687 -607.0905605927837 1875.0274157330423 1612.3336502636703 -4037.7017846505423 -4365.4227417217935 64.16885085967078 4989.974522969962
-4940.421281453371 -928.514489554871 -5494.307164449428 1513.2857360328362 1437.6576764368656 3521.285215442109 -8399.24304490189 7589.056149833712 -377.4469858050634 -933.4001170272968 -5531.554041109088 7578.51383768969 -6646.030215729637 -5451.440055458654 -5277.248322284638 8060.9249529285225
-6070.863546661347 13.379062932448505 6449.916482363544 -9231.817863484586 1530.3265159009989 -7187.313384852552 -3605.0185857594515 -5319.717159370716 -8961.112073007414 -8221.286798793135 2510.808785230689 7844.268537736352 6799.067629354606 5019.651894499946 614.6498474044965 -2210.552876803973
3039.4800191476515 3796.8009738780875 7156.794652872963 -2385.0930203481876 8777.4488895894 -5197.411459671856 -2039.4635569133543 6066.504917933662 217.12273866916075 7454.442728272108 5326.503072401518 -807.4590035873207 -8743.184497652694 -3174.4779054361215 9460.517937947257 8910.627514778931
4813.900602089134 -4027.2843517300807 -3506.568147576825 2808.7398596606 1738.1093083754567 9233.314793996462 7411.927216843975 8703.588866019945 -5952.33239870457 -7515.387238790358 -7475.433616208367 6360.461360165224 2202.286295207701 -5524.883351543237 8249.488242676514 5780.644502237736
-104.04038655374461 7220.244022921102 5110.21112182855 -9127.291887171124 -8677.762028025383 3478.3229883345994 -1090.7275457426185 -7381.711448394281 7010.832556668018 -2266.5359128031378 4013.608620127201 -8481.026415376682 -4597.572047142915 -9922.648846461261 5135.863960133609 6787.988019120046
8519.653658373169 -4720.645563976303 -9892.625094980564 -9025.615969133467 778.7626336344874 -5133.962014288102 3890.986908756515 2834.31666287185 5777.762640099647 4786.262733305366 -5331.921959035993 6657.064372672543 7337.491630047054 800.7133565754266 -7784.51579008262 -2984.613701506324
4015.862519271006 4379.884561232449 6784.894777605739 -6699.453756405347 -9102.10127563352 3850.47050960217 -5734.738587718433 3183.9620758349756 7683.420387084556 -1454.9564186062835 9259.773864729697 6141.756450560704 1681.5171079648298 52.81531767026718 -969.7624336102836 -3859.280069724531
1522.800631382972 2499.972249179289 7717.495207370925 4374.1668369571125 1672.0420504791819 3762.9856322531905 -2750.1893799010577 -1430.97998713173 2812.170294794654 1502.7672677298578 -1628.1007813166907 -4954.446063389934 -8041.757851424851 2627.7039302915455 -6214.368670352533 2391.138909397947
2100.913852342226 -9935.333862592086 -9461.215492742249 830.3804727738498 -9434.028494032385 6322.889393246622 4627.563135179971 587.0553845723389 8342.428029879193 8547.538290466546 8821.64862341135 -8543.884255329205 -7032.7683655603905 -9268.630133188193 -3927.4331940472402 -2400.7227336629057
9912.267868379924 2829.6360392318093 -6087.439561281935 2207.1216216274806 -519.2271596472092 5398.817471588212 8306.946204962424 -3417.792553963197 -5395.180741025767 -5946.168060773751 -708.7006855918407 -4516.940545930319 5736.92496689098 2371.149672719175 -8082.419304281642 -2984.22719023612
753.1149666942674 7563.022637105078 -3270.8964475918465 -2022.3240195346716 4624.641564177327 3226.36599907872 -8497.283163138742 432.4165956389352 -6491.506335760011 -3521.3762628531667 -5263.630898750611 -8689.64581963319 -9689.044259478105 -8281.777300141865 7284.7893415975705 -1492.466108812463
8406.382110479084 6068.99287497401 4259.950241011096 7163.984196953043 -7142.491228972385 8596.849834377917 -4685.618420511332 2532.7792047285657 8914.127197916452 2529.682571921001 -990.6769710215085 3321.2799731574796 3855.4935627860796 -6136.63639114383 -270.8170820762043 5495.050214766914
