-55.881133493443485 6355.040949237491 -372.28211613722306 -9520.625928404103
2969.2149357134895 1370.4551663177463 8480.818479764122 -3072.502207685632
4334.860891734446 5526.714266013931 -7156.566587728668 3044.3160407338073
-9017.438358192103 -7610.962812137108 9701.308045703812 -1219.098173473516
-5729.570609509684 -4203.490157113083 -7384.185151436495 9546.62410821383
7560.122376106119 -7600.181338108352 -6604.201442870368 -5535.011345533249
-3125.2082986917485 -2689.389970523819 -2385.6768096621454 -1635.0205940167252
-9183.22485921264 5172.197944489504 6788.812939127638 4786.657352062055
4592.444903802059 -6401.988685849736 -7024.639137809501 1167.2172146759513
8063.552035430697 6712.290562244983 2652.226249269632 7426.209910213431
8977.633817241232 -1945.7692858479559 -2256.387827881983 -2142.4927389464756
5697.402820440775 8731.227741947103 -2589.9674766207845 2814.4700328849376
3773.861057078986 4274.274239933211 1920.2240491878492 -2679.5954520858304
2378.3296034898613 -3788.7247057599916 3694.993285850731 -4062.4464407069545
-7325.6307406392 1301.1929512222196 828.6173470952453 -7850.467364161206
-6543.664660799594 -7425.993092587229 -6521.962182953247 -8709.163152926369
7210.881014284889 -6131.671613793909 3717.5963976114126 -228.7080749143188
-4110.840281177492 6401.72755915832 -9961.052369410923 9122.039551084294
-1710.6346621959729 -5420.809407767817 -7463.026130109145 9494.565604532207
-9462.096380966812 1030.159589683988 -7999.046006281985 5393.412570855136
-3459.606220796616 174.8680030342457 -7805.492970122725 -1258.1475501883851
5289.09282394231 -6201.162412305035 8015.371005958266 -4452.345382618594
-2777.9142475191666 -3335.118349862855 7018.401656520786 -2467.3928965813084
460.7392492670697 4940.2076500804815 8539.590632305557 -597.8615690898696
-1506.3845100803446 -750.1086496216849 -1960.6627222294555 6862.496927790187
-1641.7116164372273 -2131.070553466785 -4268.939740619251 1544.7303944460364
-5737.786177556079 3310.5739798397954 -2741.1902338367327 -3166.198348804166
-5740.281541018068 5390.400259345433 -2830.0378184366573 7346.894641063202
-7721.942732819926 1620.4804661409926 5331.9513354954 -241.323038376162
-6993.284750113873 935.2403807877763 -9306.346433823235 -8177.611146692918
-9869.408306492009 -3032.1646701917216 -7730.68213624499 6066.427140798429
-8713.751301173077 4864.237237214615 7442.832234497131 -7373.961164399172
4970.558141147467 6809.857398867945 8561.15066507586 -1768.208307889592
-1652.2885605439606 -1939.0374608770908 -2447.0503523404204 1378.5892216238626
6838.115091816453 2208.264074449593 -3954.2437909686523 -1525.1546381127773
-6655.057211056881 -8952.398424899795 7661.604285120062 -4666.275955569276
2787.494118616054 -2772.412235642925 2923.280558207309 -6559.909414666971
-8686.149514614079 7510.273955010176 8679.025021990496 9092.638810189379
9580.35983055787 -2462.6473324056233 316.75446362761613 -2562.484265250142
-1245.8746151236446 1737.8639394993952 1162.9689639726112 -3612.585391465451
-7132.602511691255 973.7855939151923 3697.5409404472157 -8288.217614829304
9010.702910334796 7237.9009606947475 -8615.629869710941 -2747.076731400739
3652.9301841985707 -9391.960624143125 6505.749287534007 8248.541254058462
-8383.780331446658 -422.4488697801262 -8866.057759201434 -5313.887742618875
-7628.8305493554435 -1575.8108462274795 2938.227986741116 8097.866085339065
-5873.79269302512 1402.6119808312324 2967.6716123395017 -2944.812035731361
-7467.714550557846 -7704.826926966224 -2800.5334577807607 894.9243919181299
-8529.913460254396 -1801.5535428932599 4226.996130806525 -1349.04054197195
-2587.841621809297 -7116.800952731428 -5673.751732445238 -8559.876596338156
-3221.324484916122 2801.874586920865 -2485.724025641227 -2168.1545665049744
3786.01548726249 1170.8173634297218 -6783.114844112119 8171.357140408087
9934.94973330318 -5886.66297054147 5568.401436901468 8438.46717485896
-8300.518172887416 4128.485184898504 5104.973629567396 3971.9193569128656
7766.604651733785 -4844.037344654424 8509.210001223782 -9555.41309746884
-6543.578692391326 -7057.02609522768 -2697.5476497523296 5622.095625662716
-3269.8375609357736 -8326.154724077383 1142.1381437745185 2706.5320700078246
-464.5728542179586 -9911.993114811285 -2134.5952129665766 4051.8887088813335
6165.7694251385 -6188.27183667612 1703.1671978324484 3418.2068005868477
-4287.390742310324 -7752.044079739122 4127.588167255062 -558.8523285823067
9459.347860959479 -4560.732843257422 -2488.273103452214 7337.2772400045615
8336.100294455839 -6458.368623388293 6899.001093907398 3255.4788222690804
9234.117189528275 8917.058321487166 -9481.901395211235 420.9485936763431
-3719.729218120393 8764.926171552113 1375.7462001373806 8242.30988362405
-7716.7117254207105 -684.0062021905323 179.80229007705566 -8543.136268423703
7754.0840391255515 -7438.562941281867 -393.9129572473794 -6369.3787346967865
8803.693477328557 7046.715631295905 -8514.653695946874 -5121.09257805532
-8059.618807477509 -8332.687320647936 -3207.7431603013792 4938.50839208986
-8839.490379150386 -7619.383547401199 7762.197860107197 -3982.0635078740943
7929.89580577991 6.252735577230851 8905.800973370184 3971.4431586148203
2330.86016104979 2655.2271383288244 2842.732356316872 4316.483037317415
5334.081670055832 9538.418769095457 -5583.495092113473 -6937.075238558672
-7974.828648874867 -8253.770624965022 3577.5453877922646 -7730.080505966356
-2792.3372772076527 5919.581378350527 8179.24088123476 -1849.4822147361647
5106.958775030775 7763.683509325601 -9301.99208209146 9361.86328446493
-9375.010173048584 7211.449694742634 2838.319341328208 -6955.063789305301
8699.004363438264 1071.7963719225063 2292.0986299088036 -6122.8441539384585
-2924.377040308028 2810.0033151120188 -3153.5990395040008 2774.8232909764756
9877.11179912026 6135.30135727637 9609.877724539554 9255.563435279462
-6923.838393147455 1430.6185646677768 2485.769516291246 -2226.6575259882784
-8784.87452948355 -9515.954464788363 -4831.447406019795 440.38707985558176
4485.330565398564 -9534.896130771851 -3620.2981765764844 7581.063457419888
-8641.098851745186 -7774.080109897268 -5959.012111986631 1766.1811942596305
5649.087221165861 1978.4479093281934 1260.5918024176572 -2652.9361285387167
1410.3580298294128 -4037.786963475314 690.2222541496267 1369.1855462799867
-466.29392164980527 9570.262601634742 -4605.336963964836 -9177.828940363554
-306.2318496279877 -6275.060741526157 -6687.419767928186 -1780.0539130431443
-4081.357071550702 4772.552793364419 9203.446191967323 -95.02064632825932
7259.451687993176 8133.982470846488 132.63291120123722 4102.388635444004
5715.717751987815 200.09990606150313 -4144.640778491142 8771.73321275867
9482.810402993513 -5180.176968791292 -7883.370971953236 4898.0867992443655
-7284.837688148827 1332.9015546910177 -1716.6634204625861 8438.132225696816
-1410.738165143659 1935.8860781870244 -8860.473634405966 -4449.352133183824
-5725.99933185852 -4671.195216469985 -7302.142322019614 -8190.107564583782
9585.941746143792 -2309.176992939899 6633.6309198843155 -4781.448889287481
8450.643023811837 -4597.913425971973 6496.151073604247 -5403.168315665183
-1953.8839746592957 -6024.964667728803 5861.540244017007 5931.057255239099
-2359.9829383833785 6495.389151458723 -4256.2516470263945 3747.3041342835713
3313.003166948609 -9186.899202999535 -8354.983903609022 -8485.826939409013
972.3647616678718 387.21617142937794 -1485.7906915906078 -9207.752606294831
-8242.99527743057 7753.298747857421 -9472.113900227521 -9014.955178788327
-4074.3310185736 8504.559531348998 2034.199529905065 -7130.651954058716
-8829.36001864398 -2724.3121277056352 2017.8424250349453 -3218.64905711581
-3618.403087354276 -4324.890969131481 6393.481318081085 9808.448660832339
1834.4277203553156 9821.168550833212 -6987.50460703034 -2240.2581113350698
-6538.866512128738 4313.002241782895 -2463.2769233977015 -8267.705452428596
-3441.8272889848067 -6480.847227990671 8533.198086699009 9201.735816267581
-2437.5748768107705 3174.576821890636 -1971.0385707395026 6446.656711524378
-4070.041026922402 5291.025602196236 -1737.0428778597252 -5935.0457537120365
-1304.3229266922372 1502.570732366834 3263.51822901424 -5010.512649926928
64.28866996382385 3678.0249814329836 -2805.9622720173484 -6524.148128820766
9513.727178129655 8193.110159790034 -7319.595110562685 -6129.442800179312
4628.4360141143425 9794.99278105452 8537.807705479194 7607.297442241215
-9662.046375915112 1902.5930157334533 -2046.14170692289 960.8528129778988
-178.43601795693758 -3318.3368707522613 -7133.60686352178 -2829.943520673879
-3980.9548665217244 -307.1798788377364 -4755.490585155151 -1325.3419064752688
7947.684758384756 -5918.944641019383 4977.102199745579 -5229.517194534567
9153.204939085379 3087.915224090084 3611.831014028685 -9522.814187102053
9409.911194584496 8121.6632340905635 -935.5883163979979 2428.5296029280526
-3097.035475012155 -1113.1780031921971 6016.137413668681 4572.094668955611
-5969.413548293498 6892.341463453511 -2450.6666262678455 6127.637705326579
-7976.743244568194 8487.155419528837 -2295.6867505948894 -1981.480000576279
-1780.7585119680552 5275.333114646981 -9956.403550070125 3569.541608663565
4604.784175251647 8608.501577518608 1577.263001187459 -9790.028451421404
9483.589126252784 5003.678704217567 -3782.182824562714 830.6983065445056
-3622.943207473146 -8182.841048676837 9910.763104191145 -5183.326946349846
9074.272998930577 8763.197142727706 -2139.9721521456486 269.1064826486054
4885.156379850801 -3031.854881437921 -414.4642277509938 -711.0349804749021
4821.472830716224 8617.489318842276 9708.399216203306 6015.503624638728
-9366.118160039714 2716.7053319923034 -5326.154269609162 6437.299929744477
-4156.348382785517 -3489.433397894817 -7108.185578300252 -9684.274862089671
-1983.2199110383517 7230.490881226731 -4829.71410365578 -8097.624560760361
-6081.759843015003 2549.6371180090973 3780.3556818136913 -9724.330621347084
-8829.688601116104 3046.6119833658904 -1834.5405028192527 -4661.857328005274
2336.6271590125743 3035.6711880305575 1346.8255925195044 -900.1950976201533
1729.599935654167 3844.5877721825455 -7666.598595917929 -2816.009505220516
-1894.4937892822454 6044.2338493139705 -6624.288141706702 3167.579775537597
-4221.734065212606 6818.546861061011 -2111.456864603192 666.6033263935115
6423.061310297126 9758.148640541618 -1759.5727223076392 229.25670987946978
2391.263045446074 693.789624487903 -3255.4993233552714 -4155.221920939691
6331.246091478257 1009.6837962756163 175.69089916329176 2925.043132243505
4421.314371529603 -3461.3012563406146 -4350.872134906387 -9340.261916202755
-1155.5938417859707 -5450.288087065957 2086.5653975418954 1100.9725145984576
-1397.6242844681856 -5344.624843001202 -1902.5745051930417 5917.464799536954
-3478.501190460408 -9925.525251795669 8046.9521922401 6705.412160302374
-3613.2996907173374 -6420.451004914577 4621.204152386657 1957.8310901215373
6055.95190480044 -5894.9211734129285 7598.843229220456 -1630.7212542186571
7371.457356931049 -8106.872883571157 -505.5257860791062 8480.165415012209
-1254.4124368455905 -6319.920900047005 9421.266775110576 -4977.767491879857
9249.772952376301 4886.740604744564 -1668.6661122868627 7370.036758225782
5586.942927953774 -3624.7993918022466 7768.174906914963 -5303.149370528473
-5920.785996125602 -3437.94745465883 -4776.805681983554 6848.449839114197
2376.461822236375 1651.0075797379013 3937.096792284956 -9439.568846617607
2953.4009970692114 9081.93903148326 -2190.589316260627 4997.567742058645
2111.9622226181236 1544.357118265043 -6592.184776766626 7782.869315528624
6194.484085399459 -7237.039834497383 6300.7428144674905 2507.8237453046804
-3211.4866118115406 7404.893804360727 5149.67213142131 -8234.5233945678
-6349.877426320454 6776.332351425921 -4071.3804186999414 -7594.129593264108
4476.664683325789 -6383.3504786945605 499.4177316900041 -2302.4139338671957
5564.11813524965 928.0917796231897 -8591.408055250246 -3909.653726122051
-4425.210048242001 -8084.971153632086 9549.512230060416 3445.2201884757505
726.037483230084 7669.968424685761 2547.315753620911 -9581.409059613714
7579.7519922995925 -7287.727120527912 4115.031727518961 3952.6546934953185
7895.236701280566 -2654.838087838918 8197.34626541868 -8079.21183417523
5708.301709815953 1134.1829638641484 -8544.003582502837 -5724.357946611196
18.469675045060285 2014.1389216250445 792.7146970912963 3443.738046924882
-2190.8695189518676 -7134.277126307365 -2190.355196183431 2379.6355821798315
4255.253673127167 -5518.9945399590015 7646.8656180456455 3308.042124753116
5750.054058855085 -3725.03876119131 4175.057603328016 -3569.525006953935
-32.11329628518615 5261.748512460044 5043.687152283663 -7087.754649637998
-286.61721659121577 -5893.6042777234725 912.1768598926501 -1594.5979046620068
4386.285086323936 -6928.974650042623 -7313.35352693528 9834.351401466316
-5604.844203245354 1546.966209227523 9508.777952958488 9472.722900458379
-4506.862493729164 3059.3232216530014 945.8070557820447 710.0125747225447
2129.3408000666786 7210.175945210674 1145.2563242571741 -517.2125643572836
4077.396225949211 7705.640574597644 7842.707416764173 5343.912337087446
-7700.087626877088 4067.1541119809153 -7886.5694035599045 -1723.7216263379632
-4876.695255447367 -2041.0956482159845 -400.39455965520574 -5882.767285401666
8868.241801389926 9115.905678661402 3134.9680896148293 -8584.046719313174
-9053.068567113525 5925.0045279314745 -5643.42179162406 -9932.135295497315
3708.975042785336 -4790.430771298582 -7934.101826573575 3111.937371145965
-6577.978184252118 2981.771143691687 -5388.135646901939 5470.169943388099
-4456.75501689987 710.8419304223662 4007.4525466300547 -6649.011754633319
-4460.611029009274 209.51560122294723 5955.317339743524 4082.6135908284305
2732.4946723192297 7040.790250685561 8715.042813404165 -1985.6262249131105
7136.15550251292 -3440.756591013487 -6223.991020406199 9296.3946449039
-8638.985006354587 -9844.011304117417 9262.231774914839 -148.24437421630137
346.6852296351135 -6904.835793503104 3846.0394513977735 -7489.887543755138
2925.9550960952165 1985.3103190979218 -179.42818162410913 8703.996364419145
-6169.276695390682 -3989.7719034716774 7317.92702338448 2041.083949717011
-431.1853302012878 5880.835493458195 -3948.426217548713 -5817.962889377269
7257.102432179308 5691.805504876733 -8890.182452345616 -6606.260860454438
-5724.140855693067 -6848.001701200814 -4787.125865597502 9948.634648366256
2388.6273186250255 -5583.311169557297 -6158.01278551181 -2525.827960321425
-3470.098043752767 -9325.016030612687 -6202.613600400293 6330.898546508073
925.6570503468538 1584.7513566053676 167.33820348195331 4203.232156688207
-8677.743662242869 5550.999471099383 2264.349899593124 -1448.1790197025311
998.0997522758698 -9133.835780332003 1620.4851886907436 4219.440907666449
9580.95078773065 -5690.290619506113 -7283.616205453372 5961.62623716302
3249.3257544139615 1776.3619665584101 8583.466311521817 2455.3861060896943
-2400.9470731759275 -9461.137963855912 4333.9051651247955 7592.901365770125
396.3820276772185 6198.985423658574 -6446.669517748729 3878.663441081153
-606.2941423866159 7513.533946522974 -6354.460646474474 0.5151613769976393
-3840.4102956231427 -9098.32154665394 -5731.03874251256 -5218.787560399827
-9154.237271651984 6044.614151287382 4842.356464864984 9003.005517717978
-3423.3127374970754 -4377.084736551094 8548.714744409015 -2961.3838710325417
-6125.980598474725 1333.583595316788 2963.9068063428695 -6505.566152346085
9304.342225931898 7627.508867884564 -2913.7740183184806 -6482.943724563753
4908.958879121681 6477.805510018159 8636.277246709204 4159.3260845355235
4742.667000388394 -1482.076887464289 -237.65321989982476 8714.722206902843
-7027.1378072991665 5034.238837283354 -7483.812260836183 -9622.395083885835
9695.97102318476 3008.7673669728847 525.0856236132931 2655.2440382436434
-6692.281456076683 7206.919424578849 -2916.4990396876874 -8475.073790101993
4837.9371028520145 2973.896225522967 -2781.661529859003 -6786.231228740911
-9317.993749733569 4980.968098369782 -2440.165757198798 3246.8263208620992
-9042.07158655911 -150.41954719531532 -5423.742890524785 9559.336304641223
232.53719759158048 6329.288742071885 6863.476920490382 7419.85710574286
8255.975631024172 1666.3337142045293 6449.8418345097125 -4563.766770526249
7330.97217374924 -2019.8417502224556 8217.32835634673 -7101.85048518444
6510.627083651478 -3499.116492223784 -4873.810479231924 -5401.230096374934
-4722.3961615230455 1534.3362309201275 -3697.0038349973656 -4928.436884409333
1721.316976166021 -4600.54557777444 -5712.873937891718 4474.474251549544
-5695.892979024362 4927.414032483153 9773.295088509622 -1045.3619926007195
3095.5630913748264 5756.069403386453 -6658.625803200011 8853.771857291602
-1969.0929181982337 -4880.379869529399 -2676.099510343821 4664.820316350808
499.2467352374242 2192.5205395323246 3194.6465236322583 2817.3089487753678
-8829.05786431421 886.3280707865088 -3293.0223002279017 2350.1095652437125
6417.710835754577 -5677.612370963554 -3182.375878525663 -9667.177127681749
-6029.716515918433 6481.876324233661 6782.016080174446 4671.186608276967
9711.326717798966 -3891.664047900016 9398.908888949296 9282.790244870106
6476.7336507798755 297.2576984212337 -7395.601828201226 -2113.8176977689163
-6081.126190330277 1995.5157391197736 -9364.702643530556 -7781.072699390326
-784.9802897666923 4342.560002938455 -4410.76215202036 -4619.699634041616
-1609.1421123748914 5083.328810711433 7602.653545563506 7267.061654148463
-6861.24242536015 -129.5434562063292 -9730.543457957307 560.07532113651
5068.462477272147 2756.939434978216 -3180.2606523215336 724.5326965401619
-3271.4511962878314 -6518.175004275646 -1224.1505982014587 -2694.7022848908446
1678.1589166263075 -8721.070162793716 -4189.33349858762 3472.032269753414
8468.18749468389 -9518.672484428726 8828.39904573658 3927.505449333972
2123.154178281895 9655.165938466482 3059.150226880718 -2718.475303805628
2755.3493972587858 -3145.638206954666 4540.931529716989 -9999.742626348136
1233.95811833044 7734.306620572181 5293.166601640678 -8314.70731608722
9032.73375650786 3764.390504605246 -9736.144208486869 -4407.862039632562
-4794.5418798395 69.03015747070822 -3841.1215794969203 -3609.424435207864
2733.5132923924557 -180.03617243511326 -311.6290541000599 947.3342573374175
-6665.145860138053 9663.481871574597 4602.648783758281 119.01528227422386
-5616.150097013628 4203.850005046705 2695.039466184624 -1040.6027814988702
-3419.1172954972626 2269.883890129402 8152.903467290718 -9234.633744382983
-5479.339552451137 -4478.36039654907 -5165.301158286437 34.92029506614563
7738.027620003188 8759.780971707569 -1622.1194692869376 5376.885193606184
9334.380822776908 -4401.421397538475 -7788.581407162127 -6359.307503240732
2667.589511937327 -1688.484999967579 3326.774001870459 7242.333230894103
-3468.0779544135085 5543.203562996483 6202.153864953958 863.7217857365395
3029.7996567023856 -8683.118038476401 9329.69526947683 -8983.28613572389
2819.0400222957596 -4035.7935745234745 -640.4108660182501 -9256.709852952032
-9160.06217818004 -6345.642401998988 5006.808317456505 7714.0041267194465
-6314.939990056371 4854.925851873577 8886.479869842304 5010.6429058760295
5860.252777797319 -2776.4611663570913 3438.741578918578 6645.513556805759
2091.53413390272 -6050.518286541542 -585.8574934201188 -8116.378277463831
85.10751449175768 5587.407052117724 -2619.648080669872 -5772.925470680583
1650.5530372288285 -9843.443628830697 -4462.433531730981 9244.260606663389
-9136.465505067068 -8321.508174335375 -5053.432898729726 8952.446500847036
-676.7752396195301 -738.7841410095116 -5060.361058314993 3623.785962282953
-611.9255140501846 9328.657325593096 -1615.4259881913567 1087.6878514555337
2421.3940267431553 -5733.365857024753 7965.92350091134 -5741.141380961039
-7145.3578699502195 -8812.835222184282 -1672.6739020844543 726.4550989487834
-9303.602058374632 2739.783245239234 7902.529804276946 7800.16046742718
6222.824622281576 4388.842371358873 7267.212546643175 8841.789823379793
-6783.211411345073 7691.82304805268 -6950.0502736964045 4129.521279004171
5378.365539578725 -2300.9447744365734 3646.8848676463695 -6304.864894867356
1642.615843656642 -4264.258168486439 8237.205284573247 -696.9733007425202
9791.277239400144 1448.945748067079 9944.86484012207 -804.6075868135613
4120.1165642711785 -3049.8194922190014 -5054.782664110462 9618.3579404825
-7101.277929937848 -8044.197574145726 -7348.534179893502 -8537.271901769529
2254.535625755765 -9984.016785919193 -6490.349331408435 71.07285812745977
-6247.427111100763 2451.5588774423104 -48.72034126415019 -8049.912364050993
4019.2687092544984 -2695.91561958459 6492.416074349952 8320.958912449529
2540.9061382651726 -9542.216473726014 -6836.722422872341 5580.983116937745
3633.8437367584484 -8636.020137221114 -4594.869623617204 6994.605550963319
7055.635225217426 -9071.45305791924 -455.39888184531446 -8550.02610804307
8832.381297864915 8354.857938776775 519.6516594241602 8273.27994372353
-8503.57537333879 -8034.851676516603 4380.120136683594 8774.115281493941
5743.866196924209 -9493.229577096829 8049.287149994525 6473.850998544953
-3430.561643214962 -6881.486886213006 -9847.172709957602 -9799.97298433433
-8458.692708318951 6660.376232209288 1367.959324303849 7857.577344364687
-5245.895104821461 -8467.269453544011 -1942.7991136142646 6291.607287656505
-3328.081611883582 8066.972925212052 7132.014152037464 -764.9392143586792
-1643.2414684185678 -6044.413715857162 -1819.2875885340063 -7427.482098230996
-1530.093317146504 -9480.205784619846 -3271.9229337294346 -1819.3241019302268
-8056.103424860586 -8663.396493138282 -3948.4539836585955 7556.734888306211
-3461.208956163273 -3810.9970816476825 -8369.898261077331 -7914.322501571143
-9572.66026383908 -1276.961142077742 8445.709933257669 -5114.545979004792
-3748.4474317162594 -1845.9778690339772 9917.470312767477 -430.69849374268233
-5386.012579231665 -6696.569017994249 298.2756790947078 -7528.045467358235
1461.716581210976 2361.58133842389 -1363.3225577871017 6385.6464077724595
508.2669660719548 -3954.1210139665827 -7895.124694411923 739.2808589489869
7813.621924898955 6028.742147593022 5616.865389895167 367.68597941210646
6844.289955226945 -2823.9990349770605 4436.015048202486 3782.904723423717
9635.001889854178 -7863.303283372298 9031.583289417249 188.07514942485977
-6881.483491023353 8231.623612639018 -3706.0106404256057 -1874.0735348721182
-3355.9107167404263 -2748.845144896417 65.47136095981296 -8795.180686905449
-3703.190945355681 8150.701928853308 3699.3904339377896 9989.332825506222
-8158.38688587452 -6127.4081136636705 4169.176070245336 -4933.011335605457
-1328.2193270276093 814.5558465358245 2190.3649787493287 6336.085157440493
4453.436826725805 -6775.405100542486 5867.385887111575 -2417.6783329203145
8858.31381271116 -8457.220555392412 1415.1393305756646 3684.4772765180514
7768.2294118303 6208.991013306655 7412.82456637076 -8163.798381308896
-1577.9475583147578 7229.5261585395565 1004.0084239269472 2195.4058639255345
5767.426219923958 -1944.9675548397254 -9295.698958313747 -5805.449094350574
-7474.2103301389725 -7935.393397645145 6206.201148649023 -3108.9440371044684
5246.256241650048 6211.844475593885 7626.0681693714905 -5853.364863033948
1091.6896283035057 3515.734497695168 3626.9844864083716 9230.646761246873
1457.2496469397338 6473.554378995097 4102.648323712232 -3101.656548865765
-4737.814954518744 -331.330053276115 7602.75430282695 -8280.186723463012
-57.139212209020116 -2907.694434179575 -1670.8016765882767 -4407.694250809198
-3787.059246372255 -965.1990900203455 3226.81299366611 4605.9166217517795
7348.937945944039 -5316.5733620164565 8176.925826184488 -4520.1117046777135
8605.498584056448 -1521.482912377991 5247.535664759389 9642.363717710436
3985.5359012967765 -1391.838655988011 -5364.819632870128 -2940.649770528734
-6803.92027194461 -5762.869383206772 -3791.2160119800346 -4978.266729308325
5174.809938324068 4526.672111534061 -1632.2695859227788 2032.2118444064745
-9496.46026290968 -1682.887980163874 606.1777572426145 -229.8968549580968
-3670.7869473168885 6901.532327689914 -4876.323876406723 -4474.2817469666925
1463.541972401792 7573.391848757761 -7950.242661885447 -191.052884356699
534.9332143600841 -6085.7257578094395 2081.623390892426 -1865.2632720411466
8286.94374233222 2882.0949290913413 -8898.437335667388 -3626.5767709310803
1244.5364702671723 -6691.778278255371 -1216.4973695199824 4574.732246717664
5656.367570928349 7047.626105232626 -218.41183840377198 208.33477696916634
345.8758162841241 -7540.053166306524 -9082.417457560428 9433.920433089661
668.4679252960286 1842.3964339045415 3635.7279196920244 1821.4140762593051
6454.730783345458 7196.946115398372 -8350.037023131212 -8811.040937692758
-6965.1195327538535 4990.364309970189 -7863.484828422711 -7967.494669945901
-3135.128785971382 7711.496642689297 -9968.144959988927 -4087.54209099327
-1593.8676065140116 -1165.9701465234193 6192.898102027495 -4374.586813428787
-5942.685051344687 8127.57994342157 6567.497389435452 7674.976898689594
3357.7244081452973 7255.077251801249 9218.475630592813 -8138.694938767528
8700.550467718247 -5550.900178835865 4538.817136317117 -701.9193015491128
-8525.1591766327 -2845.174596802316 -7424.248515259699 -7205.169779774398
9041.642836447281 7051.094757572475 2050.097642246654 7537.234076624343
1051.8693644200011 -4576.325020209835 -2893.6942949172417 3557.712123646983
