4046.1563903286187 3449.789389049938 5009.911601847914 -1641.2081435912278 8777.354603698008 -1596.711784850857 2992.9637110941057 97.00733510869031 7796.616013177449 8755.85032598201
-7719.369488936525 -4035.5868932219564 -3273.697462050589 9692.942128320225 -9617.773382650345 3423.9216969124864 -5251.485926446997 6795.039828443376 5016.315730758903 -601.884612258611
4985.208721682357 7668.461983487097 -1319.673591957635 7449.229007177291 3390.937669424722 -7008.374839970727 8472.99238603437 2228.001223211968 -2005.0391415681388 -223.79494511732446
3941.3037663005052 7951.4349758883145 1706.9346759016971 6685.2950624916775 3328.824323759556 1054.045321267864 -5521.655211030387 -6115.955859851729 7860.711771206541 -5119.479506286708
-9034.696063388998 -1487.223161101163 -9495.830913322096 3818.873087772383 -1702.3245594560503 -7124.993837785705 -9355.614181934448 558.6769476071713 1304.1004962436527 8287.704369684663
6977.003317619252 5841.838968897233 5119.7966003995825 4787.417439641149 4618.149100666225 -4218.64663464407 2472.629418243654 6338.344253775867 -8907.912836332356 -4713.674887696975
-7075.274415042516 -8132.071701113839 2430.5176080710207 9309.026234231653 4546.104723423066 -543.2980081507885 -6002.908499573105 6725.545231859927 4984.238754432019 6884.411378503413
8439.573725736747 -5695.189253122361 1630.3487978546436 2740.6748163158463 2330.802204837086 -8743.162909831923 4389.879891311944 -4462.616028574668 -5529.1245617052455 4712.2699182143915
7561.0374674577215 5720.272888592504 6206.228239072629 2618.5653840581253 -349.50001974738007 -8075.556543417695 3452.7492303475974 -8927.9411392474 805.9829613757393 2084.404598115556
9222.909574014677 303.2730013895871 -4535.880574765638 -9883.831617217493 -4677.270706563474 -735.156876620731 -3915.401798821461 -4055.8776892199667 -7887.915404757539 4063.212394307742
3993.556538909761 445.8341961851129 -4413.1840610834615 241.47031041051923 -4358.684250738572 8717.674232601319 333.6433072080217 -1663.52602198175 1404.8695300062009 5648.958572361498
1968.1554428554373 7571.106799762696 8187.659482979307 5820.149690940665 1797.7020575259048 -6501.093186675278 -6340.0781516861925 2645.2786306216894 9213.717707908698 9478.61161822137
-6913.055477187107 -5244.270622717746 -6230.26782051922 -4843.646833504939 24.41276166671014 -6733.374111321313 1261.5373591874886 957.9353900124861 -4663.063040615023 -3037.670966727708
3873.4122235143423 5239.092739878535 -4232.433181616908 -107.60257125222415 8234.141455665776 -141.32435778739637 -6216.991282440627 -6253.226259000137 -1071.5471972923478 5367.094708792998
8202.300279204752 7760.197928591919 -6647.470448451265 -3702.050041039799 -1280.2310249759867 -69.08693073291761 -3588.7999152631855 9084.723845361026 -7901.400751958823 8742.356707885276
-3702.1671833353166 3174.3497220147783 -4514.272242756163 -5820.1521094905465 -4590.0738444781155 6341.325025952656 -8329.39071247021 -6278.793515422199 746.8219874689494 2132.48865128579
156.8344176980445 -2932.8720013113043 -9684.344874663453 -6990.3138680215625 4943.643407209855 7850.583937576455 -3357.538046770741 7952.884313045484 1530.979856289683 -2936.3183822312403
3993.765452352867 -4785.83701407522 358.00465269814595 4764.911046216699 5714.371845850066 6343.4822421602385 -3570.255933112072 -6691.988783701976 -169.29381286525677 2053.7457147612877
-5552.620497647143 -2188.2059767024466 -1351.1010895678774 -2433.0173193559785 -5405.723350081228 9737.918967559712 1636.6927078329882 -5889.12670475422 5472.7567416507445 -2601.5151307462856
9997.21361440598 483.0154746801927 -3276.9127309295445 1984.4706563794225 5230.280757065089 -6369.980920602121 -5372.6943684838325 9076.430061562729 -4233.216901947683 379.67380178613166
4957.475855977698 5.535241195826529 -8351.128834876221 8594.228395284481 1449.2268156904083 5922.125833972959 -7087.376881256131 -9126.576535910486 7628.858749527935 3207.2517902886484
-4880.412507226049 -5415.168903788219 6575.83381743262 3984.6280624392966 1448.5009866569399 -4242.758362397299 -1248.3984086429973 -9272.74767005016 -4584.7344197827815 -6714.92230861545
7099.704978178797 4882.714670446843 4602.6114859477275 -2897.064607219544 -1332.2527972146545 -8505.707499077278 3480.5027235419857 -2777.7705302959803 -9906.687773251935 -9086.783672655201
2391.041440240935 9922.782969319662 -6110.848211391945 2164.1601485540123 -3685.572893948841 8177.58475925064 5207.981825447958 -4202.33242644686 -26.02482818867611 6488.12706218749
-3383.3990660834415 4259.1574177228995 -5473.3213691833325 9499.398796983536 944.8179202487609 804.1550686845658 175.10338774322918 3508.715369551681 -1986.9091379509227 8433.772793907745
-8262.711570538184 4894.178008185434 4188.983583406323 -2381.326671413568 -8015.173294989965 -8438.577673703625 6409.352160603867 -2370.1842172055312 2255.3872299396153 -3351.9302180581944
3144.095580403826 3784.2515134313453 7959.821945170977 -2152.607535848423 -780.4706271710875 -9640.25213904358 9671.83476732059 -9730.46991103296 -7391.760062205434 -8615.18197274388
9990.831182127647 -9576.502034236995 2514.1192513655533 -3866.4368386852075 8137.4036512726925 -4511.972911602389 -8401.833673152994 -6578.895787749124 -7892.6794701704985 6811.022577111489
703.7917981242299 -1381.6605453153315 -2229.0001682790717 8084.82427452624 3258.861052974771 4240.418272656354 -413.93852251109456 8172.215777724225 9260.779102974273 -8179.021371020074
8251.454688079222 -8270.334295174987 -206.28114082994034 4810.517339410137 -1434.2736895846338 -4473.427545642141 3323.1022003084945 -7249.641866866465 9591.443435702422 -3118.5678830483002
-8991.12115703842 3025.8198647699355 -7933.805032693148 -6920.074047635072 5118.2487160782 -4630.145707801585 4141.382470851944 2123.421595348933 8740.65783738207 9796.899395628156
8776.569729835235 7435.7162113619415 -2863.876243312897 -3964.968468089578 29.499955801951728 4217.6186812550495 3428.7536546040355 -8595.148103930906 2473.6797929550667 -2680.9368577380947
7699.860418595745 2771.4038285234346 9566.901640142816 2414.732893096454 124.93772538234407 -1431.1874797736946 2025.6366160450252 5810.344877320918 9185.193136524624 637.7869643211252
2712.7518740369396 -6361.0648845353635 7916.818723639815 -9250.223767202322 1915.233820020363 1176.0917968007889 4492.384611923477 -6101.283604548819 7465.279843562901 4021.00478490943
-3753.863804413304 -3682.7552759301007 390.8615179256176 -5679.952670380552 2996.847747855705 4978.470321586221 -7817.843203364012 748.1712955608946 -1766.7406515036128 8385.43124058724
1823.3733398619115 4074.8833274793215 -7103.458566308929 -482.9468625030149 9569.88407749829 2603.4188653285637 2742.457234664449 -9223.959835342168 9783.074907800954 -5722.349335257295
-2208.5890137047827 4852.384466746078 2677.4125602729746 4351.564679811361 -7833.03566980789 7139.734278777876 9064.959163604457 9181.531120616259 1128.1879443963462 -2808.068382777731
8622.069395197454 2546.8593707950768 4356.53481789885 4441.642994226169 1250.6887933574817 -2516.1909288138377 5841.163225270675 9000.900041894914 867.5820609389248 -4158.924503426034
1832.8244685516784 7931.923439260008 3330.473408489481 -4223.497592896654 -919.8040210601939 -5878.79633085263 -9733.586462018997 -6664.047041662194 -6360.2870389425025 951.0714502657574
4274.798341098842 -74.92794147253153 -6454.246884271275 3981.988913888181 -7748.196388161641 -3950.0714002288187 -491.59932160625067 9443.747804510622 -4932.1829070749245 1566.81586059268
-8083.630340490781 9651.166386474844 9262.289266234624 7528.919462756508 -5148.178560239931 -6878.219183456728 -1204.4290662087824 2974.290771097383 2690.3100986065656 -5708.658775734887
-3581.91115050217 4894.198217759624 -3626.4609130325125 6595.995015330482 7770.481463524407 1509.6934596661868 8313.95431438959 -9299.36355239807 -7917.604834603591 -1086.6056549781206
4155.485442812538 3999.9614424789634 -8155.237315244945 6691.083823866826 7629.1401400697 9081.196255045026 8636.525350405718 9560.290093839689 -192.37767481627816 -2506.801158323806
-4843.017702298431 5683.371686881575 -2227.798752935346 7743.199141195884 7702.697435600647 -3675.7305834921735 -3146.731637316182 969.8715279348598 -5923.403239630919 -8297.842292340796
6457.155307097099 -2615.1216680457965 -3458.139073336144 9417.604356373206 2543.379921524189 -9963.407307298938 8532.838068134737 -9676.401156729564 -8290.487489417508 5095.818555508276
-4252.454541421922 -659.2825579277614 -5207.916790736429 -2620.0489034139255 1741.0610532188439 -1614.2847183297326 4206.480736270552 4069.033742187534 9773.331357991301 -3598.0250563014306
-8890.16839139418 6269.8709174377655 -9064.40426913091 -1840.7024663145585 -6971.263690591884 717.8177236093088 -7834.417805607785 4816.730189948867 -9824.872758202702 -5795.754037724379
-6966.830554587981 -552.2222280830229 -939.8470011247191 -4175.579166967591 -8605.763914081657 -5447.689173996233 9113.246025180935 2125.3395923269964 -2794.750997584556 -8000.200581264971
3444.0233005681766 2931.682626642678 4133.346676917969 -6524.267609974559 -8562.268991751353 -6421.6666480668155 5652.8801747356065 -644.0444051778031 2120.716307881803 -7151.296090584154
7710.726143884996 -6028.188062091899 -9581.661954892861 8790.121252164692 6387.539632391839 -2393.756260261275 5499.013560618778 -3975.6182011909095 -555.2952959224604 6958.575223838736
9146.032659226174 2155.664322018567 -3723.0340933762564 -4387.654947501592 8306.426057780707 -7332.548042694607 -7019.714406757606 4272.850384394491 -298.635792944684 4881.27579863563
1144.8224403634085 -7214.857669914658 4873.3626542323 -453.6864161716676 -1239.430371607683 -5216.105737193473 -7353.934311463943 1198.8784292613855 7779.853468966718 3554.618702363581
6631.054414084574 -9463.261958659292 -1996.4080602145514 3863.6821467292993 6642.441778615208 6751.951934128436 -7143.025612653053 -6907.787118227804 -4336.455420412317 -7169.727306009816
4310.521287063533 -6475.245794306156 -1187.91785535302 7618.134060101755 8339.263135415695 9054.186645640337 181.0973487316296 6904.75132466594 9538.157725859837 -1612.5186741329708
3767.964944208992 2787.516177808706 -9986.947050152026 -6885.072781357769 3608.6991004155316 8370.664247988469 363.9786026820475 -748.2138838325227 9452.125197838544 -4783.837067603856
-9186.54605807929 5758.666092144307 6425.747953438822 -5025.392758929963 4498.099843351225 1355.7577379140512 4659.759589793224 3105.9870926419044 -7112.008511782044 -7207.671027269307
2235.763401055865 -4899.2358530055035 -9107.37323792202 -3600.634676720362 4913.092029548703 -0.08535193625903048 6439.794647700528 2266.353549252386 -2215.5787055778783 -214.8917390243805
3366.3739892371523 111.92881300233239 -4776.937291649423 -3005.5375442398117 -5966.501470504732 -2374.813832932652 -775.2409297257836 3860.5102524252616 -5200.138172601989 -80.51658123266316
4379.3663382794275 8900.192297080514 -339.55760933637794 -8459.528453823297 8732.889884730226 -655.3398368442959 6926.2683545501495 -3157.301941103008 -9576.54475557088 1393.5946047867892
5782.101112576025 2781.230723558805 -890.1044475101316 -7344.701860853946 3525.836049574158 2986.027827742855 8444.220864872666 -7875.000908578611 -2421.230704854389 2273.6660233705043
-648.8246424790232 -1702.9314574801683 3869.058045151158 -8291.671268574566 -2986.1932569766996 -3694.0878279051103 -8240.366614609702 -9111.730557323319 -6535.219566131038 -8212.943754758717
6608.375779821734 5446.501628102769 5351.695190928418 -4915.807213267333 183.2152011491762 -2245.2892065870046 7959.474658527088 7865.509285169897 5124.025425532531 6440.689552405929
-2528.0979117929255 -3319.0669477337087 4009.21776930371 8818.587133347653 -8412.582831188922 7108.32276153885 -1738.9251458329236 -2284.8387508543256 1098.1255652070213 -4413.681246738343
-2824.060820222001 -7086.562109840824 -3132.982595469778 4003.3603997488717 -6032.101552981255 -5950.231979003765 1561.2898079329025 -1411.682955461658 3448.634183589058 -3151.120061124191
9481.408097232612 4397.070538787064 6684.678610661085 -4418.634574432201 -8670.478797858503 5518.863921704313 -3768.851834735332 1982.6354533462345 2262.7859602911685 758.3760953569563
4678.912677549464 -400.8388188076806 8954.694253166661 -8631.033558811612 -386.95531600999675 -3531.455922963076 5854.5311697791385 7477.013689777399 6027.941056974054 5845.972853299256
8581.426505936517 -7323.247740229479 -1086.7813362827765 7552.642971494512 8746.205555979403 -8703.398311733086 1595.0460342465212 -526.6001656268618 -9556.44956818212 -2076.261215212454
-308.0850906579326 -8415.382880899251 4971.4804457944265 -5733.13551867523 7207.3152488648775 -2029.5324192540875 82.95538182300879 -4748.018687221811 549.5283633784002 3189.825003274478
-9311.229822280751 8775.335122873606 -3755.571778092386 -1452.8016549467375 -1638.6428425418744 -728.8012117650451 -1276.07652338558 -3422.6574702433263 8337.76036115516 -8179.258025758316
7040.339226680429 -9703.0935296757 -3802.7376687556643 -3151.400223885914 7331.6781219707445 8705.653086504622 -3310.991413402937 6633.274306598509 5870.928135250944 -6895.106106150146
-4360.177381943528 -29.305607455815334 3211.748021361469 -152.90335373989183 -4323.680215900143 9235.890392516714 7644.246739228965 -3150.9178693116355 -4113.042569315579 -2472.4520812327964
-9266.435396120354 9066.465082983876 -3703.5887370959526 7080.185848436384 3594.730416587763 -6250.013373111398 8197.425121211618 5609.841109548035 -8344.24728959514 -7626.1514708918
5486.803046064668 -1805.6485510528546 9582.535454277211 -3604.412533009322 -6692.987111352793 -1494.148235787674 4829.0425817572395 -7702.997130364207 7655.578062669669 -2876.1525116700022
1444.5207405567326 4204.657166580755 -2989.722919140365 7623.190685199104 5275.859779685983 -6670.881719429851 -1241.434016185356 3585.108069829399 -7753.079589736535 -6167.089330918305
-2413.0166622613315 -4270.391496110717 -77.1751537185446 1726.9467211629744 6486.352838333132 8118.699580599572 -7599.508888086492 4234.890803894967 9082.649995229109 6382.764476673166
725.1807831864389 225.37571670322905 142.81392990866334 582.5758653617904 -6473.350783892555 8621.695805395993 -8069.137095806316 3389.8010024104733 2814.6371553907775 9790.692252876881
2684.6109066266818 2277.0271657213125 -1662.788143861404 8942.742526553891 -9590.56926791235 -7333.355232794385 -547.7842682979353 -6286.148161220917 845.3503178098381 -7836.11290597213
2851.2269722306555 5808.407022714087 -6328.250050050375 -8721.28335298955 4457.75156325201 -222.91079241376792 298.73181536139964 4604.902634459717 4516.322187839423 9062.55984716606
-2610.420040568022 -9277.233331632713 1662.9429677607004 1149.2393573980462 -2551.409801794728 -7324.120212096894 -2855.922185549817 -2367.1951357322005 6982.101365870702 6534.031471660703
2886.516314220182 4421.1089780376715 2288.3782386152525 -5392.929723621329 4198.6229951336045 2803.795874224801 -9249.733777630103 -2999.5356235347745 -412.1455491693723 6611.700204392739
-8445.602498583528 4148.886326386682 8696.835190810856 274.79865470125515 -849.1015370168789 -6281.312032017301 -125.78250496279725 -6325.971172880582 -2088.180438597884 4999.510328215922
483.5704635822367 -6170.685063168539 -4492.07869812968 -2504.527744942535 8233.004460966746 -5202.677153598307 -389.6954467667274 3942.3439042584687 4234.521578625576 -7909.7581727855395
4940.533533604272 -9481.92448519038 -6065.312602146353 -9663.274917283183 8298.999855045531 7321.480166341771 7817.209474917574 -5362.983038086475 -3158.6145803551217 -6771.812029907805
-6561.56142888493 -8281.153000867243 -9571.894562361185 -355.23854890902476 1352.4561270711547 -7798.884696434123 -9346.195323178872 6419.617585664128 5414.663422965477 -6548.854976497713
1240.5120115939444 5120.7889666607625 -877.5585391098357 1590.3941772950639 -5820.790567099319 -3704.365620600509 -5850.107286925457 -9540.603368444406 6443.713862717075 -171.65568636450917
7903.710690869037 2544.534914290589 -7888.984371263177 2478.6321823080907 -2373.7940238398014 1387.0523223347336 -7064.669766607947 -5565.097935251284 -2583.541531172348 -5244.868267263676
-726.5624079012105 -9945.932928467239 -9363.21088537455 -6322.692753810986 -3278.5631440760208 3084.313663665871 2809.20797534795 774.7143884562975 4287.1708417638765 -7960.654305557855
4716.750222013818 1829.6113723286308 -9739.04568437032 -3123.2642318044436 -1903.4415066949277 -7988.159147423168 -8281.895027447335 2113.7436174638806 7033.237219181847 -496.44528474669096
7652.6494728992075 -5861.9365942893055 -4545.059565211313 6709.077374658449 -8900.82602008748 2134.3335125580597 -2798.0768103860746 -3169.0687685024586 5433.652757548822 4634.488761435627
-3912.5714360122 -9784.301973613627 -9033.846917645058 862.2925508831431 -5856.80224481594 4970.158344129519 5497.888079513759 -506.81660360100796 723.308927340302 9565.36456358774
-7231.3553629093685 -7466.954354725554 6172.542471704412 -7853.783367589422 5477.830156691069 -2189.1969065286657 -5873.51670009527 -723.3704980006023 -5361.942423578554 -529.3011374256148
-5714.213916803778 -2228.730931894811 8711.582876574153 7363.906817039628 9338.744910282068 -9405.463996637154 4738.093327157425 7376.938006344542 2599.9348382186454 6152.594465582542
-4630.377032264839 1556.5184989968056 -6638.357832372659 -3062.524034022651 1347.5550577217273 -3806.6011736232167 4129.331843642563 -4548.979332428542 -3815.2756058211153 1656.1429785284672
2231.1569485528853 7431.417359979743 -6505.595914569587 5494.370854272229 767.8683672568204 -712.680907061469 1911.9184025387858 -7285.663587479003 7677.590061523795 5410.363655342322
9250.951481544362 9537.401540447569 1113.0766457985083 8831.434137311582 -9503.703634291938 7002.000273586578 2556.7192481467446 -741.0576572587142 1064.3892549496995 8841.711542245223
6632.734012307461 -1287.003875468903 7310.239632508121 6629.534262157806 6633.700979635141 -2634.0997097224035 -5825.5728260708465 -254.27500896905804 7428.799117999351 -2028.9120303342197
-7860.831754701432 5556.015064925996 5981.6932441511635 -2622.089806581067 -5211.414844392257 5061.043139355723 8131.2776247339025 7745.669978518879 4149.671239283776 2612.567485826521
7883.932177998755 -2605.994730982992 -6272.184803711107 -5064.649078224046 5960.919640338772 5656.615921341081 -2595.6789509906675 9660.749393363745 -8583.002785995192 2894.182042445502
-2313.793902071684 -5252.576408272993 4678.317561242817 1937.1517743626155 -9526.263964764732 8132.626191444684 1786.9507495124726 -7263.017511179779 7743.283767637855 7496.6067919214765
7668.991032369002 -5096.113400472253 2953.716473963812 -1138.8416642751054 5507.715390970281 8771.017899832561 -9705.235675994078 -9232.304982875992 9997.085550291566 -8028.498140731284
-5136.757605959297 468.6131163368318 -2787.309277140206 8111.598264774188 -4823.175248738001 4646.275473737094 -8632.433723422406 -4307.186715390494 -5116.407683253754 9975.440056773092
-2184.581040246263 2713.3546511470286 -4986.667435548433 4314.560436707612 -760.9576934561428 9664.26118124981 9015.793467982832 -5696.16614949439 2711.9913032172335 3812.0646123114693
8426.374159511786 2823.0348476505606 9111.053140812954 -5312.415835553621 -7991.122715682204 -2706.53143863083 -9738.837669447335 -4115.492543213762 -4258.761548784604 -6187.083934191189
-3515.9944578968625 -8919.041506871961 -3068.755257564264 -8396.910528824912 -2792.7449011770177 -9403.953956869602 -1740.1957093121982 -310.57936245735254 -1143.784917831843 5598.968678041887
-630.0482178857619 -7579.26721121234 -16.98586806273306 -5267.537825342061 8108.824047176153 -8851.146031933415 -7931.6188292270435 3762.9398373982403 3402.2876953465056 1242.0558720089884
1717.7835834413909 -7359.586927014945 5306.238706244458 5240.199647219308 5370.716132078009 -2521.630504818173 -5800.724498018189 6044.373058788733 3692.7938668770403 4988.79132392897
-5242.890550051331 -8177.0484562411475 -9695.707331914506 -218.11436417235564 -4320.784589091407 -8494.310056271368 1808.924058993085 5715.5077945765715 -5886.879970300552 -3090.5410462613745
-1150.3547861185943 -5270.890609538838 -1254.860043940771 5060.30022651738 9685.603682564033 8858.708131312076 1406.3310740518828 -8986.915568192038 -7996.9655102004335 -1994.5477852110962
-2554.343981063261 -6683.697677442106 -546.4591645346991 -1821.9027033367665 -7332.358987244101 -7679.29953179519 -8006.906972384087 -4603.726102577443 -8808.246827471881 -4633.841891680786
7841.504897231742 -260.53823706204275 -3289.6417468398777 6404.795099929743 284.9480656474807 -7965.747902708711 4087.3532191171507 -6839.277924249085 3766.9936112815103 -5867.989586896243
-5238.055040834129 -1535.1567360337885 -8581.511810842316 6490.431494738477 1695.3963531921054 -1394.31658215282 -5290.121074307967 6002.361018466143 176.43032731639505 -3280.66700966347
6258.483082029759 9275.849886736203 -6507.333856693149 3767.8609558741646 4591.185871861455 6465.284323573436 -8336.028673402338 636.075610506683 -5403.192147354627 -5728.678623547019
-741.1076979577374 -819.3310500551652 5489.277779330061 1786.2716536463558 4857.038085812443 -1906.0226953275296 -9949.524391617222 -8860.870404039073 2130.0358506175708 -4564.899911657112
-5078.7479444746195 2635.6095713384057 8548.219819316295 8500.371983036955 -2519.967852736331 -8553.033998699102 141.99893165244066 4402.242293178455 7871.908438225866 5011.458910017365
-4147.928394600597 -6333.860915433677 8181.198007034705 -8949.004493773771 -6267.675473778987 -6698.61601108767 -1371.1021283529972 -1131.3042546299057 -4732.006307895291 -3612.705408137229
4016.4300288240156 -894.4476482845894 -1178.5655412150281 7437.25654097816 3275.060197448216 -5161.60052709814 257.2060412626106 1284.1238897460644 -1120.432684825275 8387.64886239174
-5541.896970573976 -3834.9060565871505 9536.884755931525 -2871.1916330513995 7752.855403122841 -1557.1462393892507 6388.326833188326 311.12347391745607 -7528.965695382742 -3292.056822369873
-3563.9197710296758 6720.213708121108 -9312.539359106602 -5475.04994417751 9677.101686519996 -6517.737788657933 1292.5197188041766 -8220.59984113391 -5169.815321353269 8951.546079683278
5937.144147770623 -4762.942469116604 3492.6792558113684 -8946.014240305782 -5240.71436664921 -3159.952614250521 -7494.109060882385 7568.711915363856 9703.656516686937 1050.6729194682248
6118.339896939915 -7491.8176929397505 -5517.934306694409 3800.83136960945 -7742.235629923797 -5304.9291917453575 5127.422247535809 -8096.634556319764 -5593.503273082933 -5547.718929943752
8574.93606728789 5139.139765050362 -2439.596594730622 -4056.206828260156 5853.997851945358 -2828.3276967807724 -1171.4513242641387 -2224.3848620928165 -8422.625497727084 -1709.0733208635029
-5991.807164732745 8275.720643900579 -7016.509613329107 -9517.658081284759 -6007.763241927883 -2373.838225744833 3643.45340251953 -8939.715001313622 6629.599447324352 -3940.9089317557973
1937.812866504506 -3428.3117895991054 -9517.428175951582 7622.767480465707 -7202.311608054761 961.4552703520549 9602.653960833202 -1181.0844255431311 -3662.7818884250837 4408.343207301481
2882.8327330965167 -5791.549260614137 208.98778916468473 -6182.753297231622 -2776.5014751061744 986.9061464162842 -6317.525460676863 -811.9734025458511 2210.958911789705 8663.572324043525
-88.91446185667519 -9674.357223065086 -2858.3271671282782 6377.585889239288 -9154.581399540793 1064.7661526572592 -3669.776486150975 5118.725477042994 2018.6690479943154 3734.4330943938185
3125.090807455057 -6432.011463776787 -1213.3360236804729 4234.915916064019 -671.4965001676319 -2307.253799741149 6540.890446131714 -7636.690401159849 7737.657863469001 7541.774477372735
4132.949812974684 -9314.47632002726 -1341.6054796643148 3022.020011569288 -6247.595078747659 2905.1341776316895 1638.6651032143745 -4966.97668407126 -5672.1503709336175 -433.43781641802525
2339.0115264720625 3269.363459102193 -8916.089924467216 7236.777072625726 7988.106691648689 -6124.179418642799 3676.20547539387 -9839.918421907463 -6633.608320886215 1140.6087011287873
-1876.667677378441 -7951.066936276985 910.4864521466588 -1507.8342515959084 5205.130127742461 7082.340861552293 7507.48886193279 537.051405363196 409.18769496141067 -1942.6631200945985
-1153.2660252490623 2231.4067426084857 9392.57942511034 -4042.3718281322144 115.13365165854339 -1542.6816315672768 -7666.490788478959 5608.073586799934 -2642.7089824792674 -4015.5741111470998
-8876.619046666501 -7848.936413866742 -4913.981949183232 -503.2257493490906 325.1015679242355 8942.827310058867 -2434.454905109331 800.8833184662453 4583.85759039579 -1978.0394995740244
5546.640225818392 1630.9549750915921 474.8659152810051 -2357.7996261269727 -2348.2043240022413 311.9878419620509 6048.474211596616 5344.577917586712 -5065.077319579803 -6070.657970439277
-263.8883410225244 -8579.893182235332 -4031.4501630555296 -9158.253119342413 1170.0197417323852 -8264.969734611459 -9047.272571402209 -5051.361356562598 9963.053564284608 3237.6965331721567
-2164.3977099898048 -1586.3969438355143 7070.07486954681 -3540.788342173395 5872.560056398219 -5223.3903582583525 -5363.032483238233 495.2748442361644 7776.210833663557 -1057.0883140720325
-867.102885330447 -6856.230628439716 3353.6778736846154 8016.180654340365 2684.5624551289675 -3156.3375828220505 -1928.163404147067 -3547.40265612417 8669.17825476162 2358.3767595893805
6262.40448557022 -4115.743332396395 2879.287555854684 -5157.367872458584 3310.6466950083795 -2707.0525538151387 5977.959718748152 -2816.301010840103 -8580.653894165742 269.511011111299
-4283.437989245979 4322.628620691852 -8370.385493386108 -1861.7460803641816 3073.7146128026634 300.98524564754916 -4524.212309741527 -3123.512260853192 9422.484814883039 6751.424533044312
-4287.954110366945 719.1917746620366 -7720.906066385733 9125.123147123293 -544.9627514167605 -1303.9664010756278 -3973.4513278615505 -9852.34253623417 1117.3447395083022 -5820.166605489774
-8337.941907123079 3887.870145668774 -8973.747937337967 1235.4610284093378 7543.380692287519 1321.6781184456177 -3458.5691982803637 -8816.118621302887 1127.7119768699758 -1656.6487178633433
-9194.926652822898 -4541.031738593481 -587.4446201730389 5600.026875456546 -7097.046855052942 -5275.097283667323 6538.099211272456 -5182.943614309821 8259.450202473032 -9348.33896110617
-5559.294215779171 -5897.102935855025 9894.640307294983 -6500.026582212222 5424.699262035587 8435.778952340417 -1679.2460839910145 -8173.055173504788 -9380.028355188719 -2763.054770236011
-9383.558658502325 -3381.0489554075575 -7979.1780837796105 6862.952592488062 7937.362924376965 -8842.93130628315 6407.778076051938 -8358.122317766607 -7280.392972969925 1986.2676634266336
-9766.339446840568 5136.344188982634 -5711.508047381244 1183.8758022545971 9261.313866859044 -6508.483068204547 5667.745903714998 7798.679583713452 7991.471274463369 1824.836908712352
-9198.522807562656 215.8238241505842 9692.977067852677 7026.919455447187 2989.070593966264 -8268.304891508347 -6340.986370187613 138.75334546734484 2792.0052091249145 -1652.6875886358557
9951.500914064614 5464.439347013855 -4180.0310511699345 -9285.627842770897 -8837.61155896172 105.0795585682099 4245.171768748605 -2302.0396691636115 -5788.53617921294 -9090.137960508402
-5417.796036986407 2830.130046110082 -9139.25277636959 9657.572381733491 -3317.8799196361733 1922.2026135078158 7259.579377687762 -3626.595604402005 6060.081721592802 2308.9543120350318
-2773.1499574480113 -7815.829236012497 -6976.135516664954 -3018.9941186409387 -112.73880747961084 5.5080730364916235 8773.182428225558 -1077.5908712072905 -122.86572421837445 205.3901336522831
4101.359186875336 -2902.1823299293146 6093.343024125588 -608.7398226373825 -2633.267820455958 -6149.271674667975 2929.889764911395 402.0205050837576 4604.322690016081 5600.475143161077
-6411.841106256208 2719.9272961999814 8811.887995976052 8456.032790677295 -4104.187495163856 -7324.2338779751635 674.7129962312792 -6323.512920143555 6679.787153255016 -9463.177223729039
5595.957502595462 2431.4495027461853 8633.211173920565 -624.4821460461153 -8685.032651332069 -1498.2255247339472 -1815.5092927810592 7987.240657737344 6312.116518538149 -755.0878484613604
2670.946117516609 -2135.944365070115 -9341.823325828862 7884.8452918143885 1577.931033285784 -743.6895043210043 -1907.4990974109314 -7111.933308329206 6253.303301467216 5445.407087691216
-7866.695379281976 -4612.260979238849 -6710.8200195729205 5604.186197689338 -6635.069349984284 5113.785927542662 2533.1363058265197 -9553.99772604562 9092.021276807915 -7838.487989016367
-9320.199411971826 2309.87119219299 -3398.467271531298 3517.621105666265 -1445.3323151159839 -7344.119274752335 -4628.492954302313 -2496.9877410855297 9086.328734127354 -3454.602531763054
3440.5334218454154 -1304.931289160304 764.6979779377943 9668.13976520875 7048.528717322803 156.3382821191699 2188.939990939145 -4540.659354489773 -3522.3176117214016 6526.551312747753
-5391.507519102245 -9160.066900172265 -1439.1875850241195 9680.534440922613 358.71007481609377 6383.3250453862365 3000.199114074243 4495.277108139293 -5401.6129285982115 1829.4593394024541
9092.651478625026 9003.918226706472 -1633.521349685041 3390.9591067131096 5875.553392319705 -5053.831890358935 6637.726596257115 -6181.429268448244 -3260.6744760084475 1216.3168696250887
-6154.644414395343 -9274.236760381738 3699.0561942323093 -212.5412329758601 5744.828673821792 -1177.7932357489171 9665.913951853 7473.838871495889 -7116.837434400045 -6776.031426026583
800.7160674962579 -6079.031967375748 4659.0413252808285 1816.0838900207636 1137.336314582768 9742.88370556842 7769.403598189696 6531.114867835357 6863.876829150056 -4074.3490186475674
-7373.310343047478 -9398.435897223373 7430.907257027629 -9988.192291439642 6835.079842481067 -6420.666997235103 6681.568307435358 -3765.3034963504388 -2997.1917871920796 -9060.147184631782
-6074.516643791776 -5573.643819907356 8139.9227620022175 -9790.466273032926 -1824.4824686587235 -3281.0494212121785 -9184.820564438776 6622.842478133811 -3454.7672115486994 -1514.2964197638867
4562.0729781779355 566.519095652844 -5093.3460221590685 -6206.590483820196 -4513.895014002563 -7212.658445088285 -9867.17941496478 7785.908174496279 1019.6465793554871 -7710.240763519247
-1143.7196860127897 -6493.16239739294 4007.372508183771 3500.513602854313 -7864.575074576525 7578.35467801859 2847.9366558415186 -1385.3669493666293 6488.545825772355 9034.88495790421
-3426.07884861648 979.5488651677697 -6556.908213713177 8089.027918497097 -7282.255856085294 -6795.275759055317 -7984.02290279306 -4722.833515388565 1184.6916785432823 -6473.75968827137
9876.531784635648 7344.1878350928455 6361.7073887578445 761.474118771579 -2367.6992777808146 6701.7838571027205 -3877.217865777283 -1669.5610257661665 -7741.543248420632 8463.899662521177
3063.8216725470556 5367.364370736917 -4818.223776713331 -2447.789712449122 -7788.71945933574 -2322.2656149611785 8387.719430311845 4011.5678638700156 9674.436115355104 -3420.2886126150725
656.2375135066995 3809.955443506682 6411.451081835148 -4515.407836795944 -1373.0610990900223 -7126.1313748931625 -5609.461039403663 2072.7031679753454 4785.728889913 -9666.676982112771
9533.483138471041 6214.050849194948 -6201.695340240934 -8881.103501322983 -583.0258114865992 5094.8539328389525 1621.6688347735544 -9073.621151491649 -1478.2850221124845 -6632.804858254864
1247.2874955382904 8485.662067170422 4667.517022857111 7252.16986060491 9383.994783617505 3263.982410074772 -8291.131604836128 4090.0571400439458 -1416.5773506630994 -714.7643985622726
6338.00932093365 -4531.49474405997 8834.99265824966 2373.522569521798 2117.3779411953237 -9748.957892927494 -8367.30995992845 330.0865829367576 7402.706067601819 -5758.995452715015
-9244.499150729096 -8980.51308465695 816.0545020718964 -1225.959938872411 513.5273693602066 5342.737581250674 7746.194607430476 7104.950251488663 2117.981759887729 -4610.883296210455
-5717.939484473944 -2539.2118796032537 -7180.748612537955 9524.101969042295 8901.158242423913 -5153.868395825829 7020.480421771357 -7372.667890671157 -7903.721128191701 6970.940714069715
-4660.910966205843 -5899.489225600148 3092.848378300616 6792.633548180882 6008.834929014882 7260.766960181623 -3483.5574621588376 1699.8984160530254 -6882.165907553839 -2569.3996190131793
4868.004518609478 840.6622881805106 -7984.497514019815 728.3636543931934 -5140.701902956679 -3030.6997445893403 -6620.0610353112625 -4216.938116439972 1774.4620327813172 -8167.217420962685
308.8027266426325 2696.3559006684227 2442.0339414997215 8222.509696325691 -6499.673384222577 -1156.583346887699 4421.8658948369975 -9260.807726595513 -4782.770587839944 -9643.921071661387
9576.526277034947 42.15117424086566 -529.0703689771872 6424.973249540508 -2921.4310454642555 1393.3142993156398 -227.89152417581317 -828.9754532442203 -1155.5102542319546 -6595.831273946713
8594.171923304082 4562.831359734873 -2933.304623438801 -655.0669592220711 3106.0784938403613 8664.438741942045 9297.925504654588 5407.80555693741 9183.83357304753 8329.561215375968
-2586.4348010534814 3884.433159059674 -9863.092332527696 -7395.784250942827 3057.538216941766 1948.159857954015 -941.7235902651082 -8311.361252356442 6530.796467719025 430.8390084293733
-851.5044563964966 5011.190477657272 3473.843648748998 611.9371497336924 6983.320912100244 -9112.70129253791 842.1039403357117 7371.102402672721 -9244.676101373465 -8907.891251477258
4902.407084089884 -9922.412095004924 3238.895892257153 -4790.501195859005 -9838.757911872915 5421.373014711566 -8712.060043888177 -9898.959372693147 -4938.88599652355 9708.683458720592
-1435.3742988718677 434.5277185140312 -432.30192821302444 5549.964006920669 9198.631969902814 513.3283350504007 -6415.436590954593 9229.670748865203 -5665.7169182502985 9894.634804248624
-6670.594189478383 5058.99930979935 4866.556409107408 -5196.253425110024 -2780.1478702615204 730.0449235610158 4423.402394187335 -6374.956790408183 2637.6143340611798 9631.971655813115
6373.586512727936 -6651.396582620866 -7948.1033716652855 2266.3544740930283 -987.1184805121466 1160.3659203162715 7787.58261382769 -3642.607380144156 4734.240772108789 7059.8072709715525
-1907.974692134886 1165.5634066567636 -1309.8368622956204 -5536.358015966165 -8563.555277354455 7270.4909798090885 -8939.112509950011 -4597.196551672513 -4019.1317788472934 6977.144167245817
9671.6436382428 1622.725272295549 -6532.741228474297 -4842.423030969278 -4883.040867640291 4225.492304982712 5643.693346476333 -5081.035175450377 514.0557285562827 2513.6627123036196
-7663.573271809511 7227.614218886523 4863.115855039714 2702.366043301674 -539.5261585403896 6596.881549511927 -5054.499605235294 5893.487130778896 -3669.104565017491 -6232.592273472219
-8905.88386674935 1847.961392382771 -1122.919295830201 5515.357480735196 7501.706385304609 -9000.924725284169 4354.52455931093 -8858.564512183502 7303.01532980119 9187.145361967578
7574.447107084932 -451.0784090557736 -5326.191655230085 -6633.273183149655 4662.086738262153 -9666.631895615292 1193.307372617388 3451.3563529736493 -8887.427037132362 4766.845278315774
8108.530481978996 4816.988463572754 1623.6498435005742 4113.942396732471 3988.523560915828 -4633.587313837539 6243.613488144125 2982.611470603433 1283.9174725904832 -1955.000192175764
9573.361050915915 2965.562396487634 -122.32780304372318 7449.972575737946 960.0943343961608 -5802.6169233444125 -669.9934908084906 -8473.848847955673 8924.980745011395 -5219.60550763288
5244.669754721332 5900.293547626765 7750.459619417314 3133.9016715336766 -4262.382416564105 2209.0818086856398 3188.4701614341484 -2684.4675220313993 -7797.345290159336 -4617.4639817270945
-6770.920769638091 6307.995586376159 4248.920352691868 802.0202134299798 -6699.119701381402 946.3579585091011 3106.2133203958674 -8421.978731086287 -7381.179034184735 -1761.4089393807153
5280.646882790199 -832.3030997269125 990.9058880177108 -5274.635180245499 3428.4332677757193 3642.7845977010966 737.9487165859136 -9852.095594531129 -3470.576566877612 5673.468177412617
-6637.526839797572 419.8055248207038 -8420.248574685042 762.0797770502213 333.202711711283 -8182.1369037584345 -8063.174370461285 -4798.066683087308 -6455.628027127081 -1298.1840359458256
8510.509337279495 -2338.543743053383 -3291.0967323807936 -3315.273421172813 -9392.297205478124 -3545.449383760959 -330.8396912612061 -1633.8492799732958 -8193.560490868844 7504.561319235043
1233.7661061115796 8614.977969132571 9807.599057694908 6781.92349593966 2819.0262646331175 -4267.2187324771185 6374.901835588136 -6779.18122502706 5034.000272432104 -2095.0778689077733
-279.0083982700944 -1202.3586378691616 6329.894862138974 -3865.8378614533294 2119.1657974906393 1447.074623347824 -6461.792346191309 9961.79267635996 1167.066730307979 4357.1607326041885
-2164.2038314605807 -7662.061796808311 594.8080338044765 6339.611727975005 -9773.58959717446 1847.017523651155 -4933.510521509852 -8259.3031819472 -5177.382489783351 8776.922540831652
1940.604515818146 -4527.124342837372 6929.283780659105 -9351.194946465564 3155.9321376403605 7942.086224421684 -6674.503487235883 6001.58099821768 3040.733120965946 1633.2553096425945
3122.542701359791 8081.23310065057 -6411.665036166203 -2057.8245461934566 7491.913399540117 7688.983409467219 395.40693644827115 6174.529937768344 4450.787519716463 -6472.7181148836935
-8580.172157020343 -7464.078347720071 334.6240451091271 -993.1046257443904 7401.413678776062 9573.829964975059 6227.3050716826965 -6523.670124196493 8542.252583627887 -5784.69274353514
-1141.8436291042635 9635.135875161282 -2722.450039683391 5456.580661685841 -9211.73288265094 3616.9569940338824 3541.5118360880624 9970.628488205166 -5599.9164660246815 4341.506358599623
6894.194050795471 6097.4581450078895 -2390.4486747927267 9531.992678574345 -3702.6986907358614 1099.326221001009 6781.664816516921 6457.294702806474 7536.944134052832 1278.05905432082
9690.514070944599 -3515.020505926489 -4781.220360281184 9746.496559373769 -5811.573423594198 8516.135448487774 5699.88396149417 -190.57566949555985 -6599.761436766879 -3991.988033897349
8581.397037525974 -8537.928133104633 -2024.4801749324079 9866.495425872065 8068.075957979807 -6625.327556118649 4467.810876826343 -1040.0022220948576 -7375.09025387773 -8790.105553715486
-3809.117645817936 2780.306201700103 7313.948236470918 9434.770067152444 -9181.46701591225 -3952.293481612679 -5720.08160122917 -704.4135553028627 8912.627720661196 -3289.663959608757
9380.759162316757 -4432.256597258705 -244.81101886595388 5538.63056744841 9713.398621394459 1370.3911414192098 1154.3657879329312 2737.0561115387354 -9884.59466364395 -5548.436527839691
6347.620601511604 7940.352318457681 8934.601553204982 -6807.978214907011 4642.631841889395 6516.210935130497 -5811.80708289454 3776.3867254671095 2531.4572581019784 1437.2113357578328
3320.2245518818236 -1679.8346723873128 4507.227793969361 924.1642247367217 9104.537890391712 8736.087086946092 6161.0291838971025 9135.280672145233 -2469.531738306816 1755.872191195911
-9974.830182374622 -7731.893009776561 -2863.2253456238986 -5309.453415701768 -7635.6619685108835 -3901.9589703456095 6224.358299745891 5535.125228940475 1137.5836445788827 9864.699585519927
-9835.950394557123 -8926.933429645154 2815.7582797254163 2569.036242056589 5089.057478028177 2538.459065128536 -8334.50749372854 5390.85954407556 2282.1696409922642 -4278.4227020464095
9117.331115277495 3323.8113192746277 -6241.550708813082 -997.2228421378259 861.3725293787538 -7079.3478129525365 8920.694575870632 6756.834099017 7756.424671774701 884.5854921009868
-1239.8811647416933 -3017.657611070299 7502.463877226368 4703.826986936714 2375.8317577563466 720.3513104374306 -8149.7021216015655 -176.68817817573654 8452.690339798617 -8317.501961822749
2470.338745980651 5347.080242682356 4640.302331115849 -7281.014558316161 6626.826289591318 -6680.225748121682 93.56484392850871 -7694.121427628877 -3793.1563466094412 5780.933075973529
-3038.908257466078 -5147.787439620104 433.31864619161206 -5794.406259543339 -9612.416863054777 7137.103874543522 4860.350504541593 -7865.936477115709 -8708.680104937856 -7759.795382282786
-5925.147831368136 -2030.6783063891044 -3359.9842332208027 -6803.0356530944755 -2622.693903972233 -740.2089109346525 6740.712155543952 6841.976636563795 1398.4403786925031 6234.896951165167
1644.3594172806534 -6255.642162399134 -4813.494266340556 -7922.678457625794 8150.675145233508 8662.783632599378 2160.90075690457 -6496.339369360413 -8694.955966069047 6649.101492377242
9371.100519144962 5849.829530476074 4461.68279208372 9439.1756352421 6430.821406429597 -2705.4378622685535 8186.568625526768 -4836.250127575346 -4919.580542777076 8649.531539257347
7030.2834853750865 4045.6336740583374 -6142.858172280332 2139.96439362039 4432.549239389207 4620.704091597296 -2985.2552839944146 -1131.6750028631232 2150.0120777031934 -5175.66115974337
7258.454718467277 -8270.614220913525 1232.848014246525 3705.4904401267013 -3516.8531870244624 -2404.2624728499513 7493.822865861166 9063.334594025582 3526.011728796164 7552.804049601724
-2891.154795491204 -5656.679444649013 3639.278200503388 -2363.0433606896695 -8500.85269770563 -5937.560834723678 4345.934432752199 -343.66701838653535 -6555.930843880631 6713.060048852745
-8285.922917213204 -2504.6069696741943 -2194.1360510615505 -1619.1538378005916 -5000.161679033655 -8793.88002188164 456.4582746762353 -3761.7975586793937 857.2049650135832 3413.3597119737115
-1547.7484744886442 5649.496210554857 3065.309909153548 7297.835038292178 7710.1420295442185 1016.5236029929019 -5777.0433522037165 8758.22494528818 864.5094624535814 8139.563916863426
-4410.140184524993 -1896.8837646547445 -9144.190876811093 -8808.912076030325 -8837.166497899574 -1908.7164282836393 9326.25816185891 -5701.73274334888 2682.472823844011 -3595.088462766247
8913.43645841023 2883.2548331541584 9126.855985366914 -4352.982949064821 -7902.083852673063 7378.240075164511 318.89445239961606 44.8488330678847 4240.482267344401 8477.934879470115
-3655.0590216278715 -312.66825065607554 8249.788293206144 3393.6101740005943 -6480.874550169148 2317.8054556993557 3666.044346630486 8804.056540215413 -4037.5487294169243 4348.383357074947
8328.365968304337 7773.545790110547 -9190.65962084491 -5074.351802568304 -4206.775882122253 -8285.8137135303 -3174.973593811459 7414.0736233536445 -8743.745225938184 1186.1890748413625
-8527.35886612283 3869.385211759236 -5472.000360846146 695.9805789386974 -2945.1582900634185 6209.019224162677 -79.72278218724205 9970.76221936262 -2309.0618674391217 -2477.241851368468
-8066.672481661976 4982.79633006489 4770.002721295319 -2480.6231810527215 9462.835373251906 -5944.386134282469 5843.2817551809985 6089.6539654929875 6027.336491505619 -1220.093099478372
-2937.4713077893302 -1689.602505687386 -7079.349043332084 -6206.78482672296 -7154.439517035485 1609.1435070469925 -7328.027986013605 8908.660126544739 3148.045477229396 -1587.4145577598902
-5453.478739988919 -1123.4674511883804 9650.448030151518 6683.198177111146 -2189.4776598202516 -7690.915900678201 -2443.4671641906643 -2705.814163442921 3579.1344837947327 6321.856444642433
-3468.829654295356 9735.90352984965 3934.805619953424 -8142.608106490701 4236.710143695907 -9719.76723753388 6400.259559742302 -5427.301241671156 -1153.5272193447381 -6045.632945469586
6819.4726645656265 849.4480626720306 -9975.471233129252 8211.436816645826 437.8546266276844 9845.487412886734 5670.882980283412 2965.818504757881 -2573.5574203244214 -3089.3959949001346
9554.304182315955 -5771.846007351486 1957.8427145265305 855.1396790501203 -5663.906326352386 7246.459766204916 7530.98833596232 7656.209800384946 2937.538375670256 213.57213897519068
5267.562512305931 7086.281797119529 -5925.322305220076 -4985.776498273979 -612.383084934323 -5138.54557260218 7735.326982390645 -4139.113429113677 3367.852413285924 693.0164140724755
7729.280349007131 6595.686568113881 -8511.140759525331 9735.762751060298 -9337.041974583222 -3072.7951418285857 2983.8656601672556 5966.8909462159245 3608.4809189838343 -1564.4004445228948
-4748.515394933048 6705.855890673614 8283.062959123032 6831.228973311427 -8522.248903546862 -3091.8803113624517 -999.0358187851471 5700.995024594666 2684.014036717159 5988.76259014656
-9905.977090499126 9265.134811348002 -316.8733623937751 4543.977223285921 -3245.9959456920415 -9504.341507421603 8002.925063130253 7856.099318751891 3951.5340388577024 -7172.250158592184
9981.49957378038 7582.357192687388 6322.452549623495 -1266.7804806839267 -3598.705808677045 -5210.500480683968 260.2218748272553 600.8127254385381 2096.978148746537 -5538.34235803585
-7120.198184270254 586.7839292286917 1652.9410779811296 -4816.6441704793515 -564.9361103035317 -9619.050336615966 -3568.3756684893033 8296.956376620084 -2469.9664883818987 5.575478068079974
-236.32372262762874 8583.86377110875 8700.53768282738 -6589.1101813547775 -3053.3714789603673 -6988.616295521655 4422.56964026226 -3416.067669728668 -8512.228101911081 -4712.547251682775
-2098.1296985171684 -9353.956341410023 -9623.257303162354 7867.316940596826 4663.13722791357 4224.494731809429 -987.1462531918587 -2678.3337375674064 7666.542949825758 -1751.7232988585147
-9574.483186586014 -6958.8867387806495 5392.301783492156 7336.901791006672 -6202.970340995004 7463.25921707513 -8747.299972844374 806.6190115183563 7613.617514881022 -8286.896380925762
-6227.4856750470535 6474.012345425253 9457.982792129853 -7124.948116847798 6992.080676562611 -6373.924049038353 6664.837782851475 -149.33377296557774 8120.047689018058 3308.230647595068
7481.578627748269 2099.5260057749 -6063.994554125569 -3554.6686587610084 9994.05548301203 -6261.982819375362 -211.71833232253266 8436.19600224799 8432.148074605684 5776.395408554861
-9562.060390002047 -7339.346930666539 -1202.2111642744276 -4840.572898891702 -3853.6441483975796 8481.97075483726 5447.626214204411 -5929.757319632603 -3645.4718789493936 633.3686854479129
-3186.0938022745586 422.30542485218575 -927.76865086221 -8000.900686314009 -7462.933767392931 9907.532464396543 -2206.187612680912 6442.04224839497 3455.1860023327663 1543.909339998192
3840.861528744126 836.5046862907438 -4592.406904450244 -9801.934331474751 8049.059075660702 6049.63066310594 7043.153386294289 -4913.370269471619 -454.0062918079493 1987.8408688885102
8307.497079989495 -8098.841871720717 9242.965035695084 -9429.957396890755 -3231.5789432140837 8480.497050363621 -3811.0750830098787 -8046.648332071382 1603.3388056359927 -531.3279535223137
-2583.0512873986036 -7753.82874992008 8316.019796696804 -5670.355596554533 4164.844895296435 -5905.682482963375 8705.358854505626 -1920.9434240968994 -492.8477894034513 8127.58162538067
2113.8749551692417 6484.761958725587 8005.6788628115355 8239.47209137884 -6244.122238470569 -4781.780867591759 -8934.94959473274 -6933.858333494802 1828.2979755088109 8841.959636465224
-3255.017453318669 9964.335379190801 3073.08379571351 2734.413482645439 -650.5477700167976 4134.143711931363 2384.885059269094 -1682.658654855375 -7460.178711734322 694.209681209586
333.40146442532387 1288.70035153762 -2113.9963835919543 4509.47423554874 -9390.986870834528 -6143.175737582687 -6503.025693440548 -7256.943301063075 -645.2981145013491 662.6531163268901
-3291.488371304127 -9201.207427135021 -3455.1541499350005 -1146.9479809725308 7287.060618869193 402.9326910614218 6777.877223914482 1808.3451616085822 9269.362112521841 -5251.865169888328
-524.4036388066634 6248.863144542642 7613.124634925782 7892.170614340164 -8777.543849165573 -9556.129075471194 -6954.834417377824 -8578.61719985211 3627.407851599808 2043.0482647219997
-3462.0208090993265 -7888.963523324792 -1806.9601189701661 219.0317288431561 3359.107186263058 192.3775678673628 8949.822544375489 -4913.047474948286 9577.207871350121 -568.7708574838052
-7385.938226509756 2261.743429141594 530.0558468687595 2642.4822946020904 -6744.204915814191 -3516.7920521586775 8724.536280383854 2557.2487183368285 4290.717842161936 -3197.8809029547483
5468.382226327332 4258.9799950646375 5711.168225299407 -9413.934600491619 -9058.847988656333 -1395.652661526019 -7143.667202697652 -8295.451861908346 -8721.64841390896 -7206.5863029428565
176.98848183286282 -1927.3244031573777 745.5546898586126 3166.469803663598 -493.8882048347223 8006.379619593608 999.2948684052444 -9928.856197473617 2180.983019024943 9208.569565318881
8039.080464883809 -3265.962573667378 3023.4250860280627 5199.193377346564 -3840.481201097463 3039.637053557957 4674.968485835447 -5131.72137714071 -5736.938784258663 -7365.351024131594
-845.2942405365666 -832.4753229354865 -7703.323934215847 -5749.461130286475 8264.756296431286 6170.71961320851 -5053.323911408305 9088.433642021413 291.05368788886517 -111.31500655180935
-5913.587000683388 5844.779799730439 4277.7718089575355 -5011.577339369353 -2549.7896341792757 -3431.741009511873 -8699.731712248018 -8586.243612428414 2184.100956946655 1898.8432366522811
1523.454373774528 -2300.402969359132 -6702.405661579989 -311.663943686759 3731.0737500797786 -6022.918346082275 -8691.040720515759 -8543.992750375293 6079.229761898681 -113.66426954287454
-474.59169909224147 -3001.129341818465 8264.733965634721 2678.1853235460694 2767.320903606136 7244.402057548294 1799.4303932773564 -3479.8557315841135 -6559.616860217842 -7773.104011418112
-6002.516728512899 -3178.0723239009712 -6921.031048820403 1739.4924631360373 3325.009858357944 8950.962622407798 9354.507449369612 -2490.4013527375655 8742.881555834716 5506.789450622242
-75.578622630459 1120.6612741455883 2836.5700867034648 -6316.471951229388 8329.85033792468 -2500.0020534680734 -2804.155814710248 -5909.075367144487 -1057.9327567172877 -450.5551174323118
5434.214591171358 914.5454353571822 -4363.434717934846 -9287.372304650355 -1667.383212392002 -7380.524658592573 -2661.306004942863 -8099.993548375919 9000.216069641916 850.3781066849806
-1307.7479844980662 -4392.297879302478 81.28672690791427 6406.179836004965 -3197.0313723895297 575.4172229206106 9924.650258470028 7464.758107576901 -6375.05819554074 -2968.213315019908
-902.5172181103917 -7918.673071477324 646.0478698439747 7756.856168349743 -355.1721469960321 391.5315316088072 -8939.945332064086 -7419.3805760502255 5515.761809439795 -2188.32500990074
-8911.221111057175 -5863.996737749318 -780.3560932969121 -7804.753744159425 3305.3079936573668 8049.414804363198 -4055.656910941996 2201.896072718073 3462.8681248500343 4086.6032482730425
6117.677441376032 5353.193695228923 -4632.8410269747565 -4077.186283904506 -1769.4622250018256 2300.0428848045976 6823.254165983562 4943.366138885989 5520.557326116072 -1384.0900557817877
125.29501216391691 3024.2965633459808 6598.548221069013 2967.3921575581226 8860.353041097205 9315.37302317092 2141.5817321953364 -3293.9169060461973 -7815.223944160268 130.91458000517923
-1160.707476608899 -2508.474643838974 -9223.63897323525 7871.098380104111 5904.605414986119 7397.95403554702 -3542.122128525054 2867.4841126657793 2388.3847243537384 -1344.7666204373418
3121.814292360583 4670.694490622127 9563.876733898363 3670.0338892046384 9634.312010748432 2422.36377077824 5898.8442641751335 -6358.478662203693 7632.936029253786 486.4857190571274
5732.609031473383 -4266.970648460324 1121.0344488934497 1150.793365816371 3643.142256326404 3482.441568364522 6792.499108599379 7272.687107283826 -6668.422370017613 -7148.244097903227
-5741.529326309053 -8761.720953796965 -6473.752011211744 3951.4194015218654 -6855.458595469828 -5275.76355550029 -6399.031536455244 -1458.3320043288222 -7350.468250925611 7727.167329791355
9556.597019552395 -7918.549247395339 3147.824448982241 -7036.396517053118 -9092.05397572948 -9496.587960830217 6210.163328860481 2371.5919717902507 3656.4233545597053 -7172.598978851132
9703.327442066602 -513.2938040121644 5989.775712694976 371.25441172210776 2039.1214172269938 -7206.681639352557 -8527.951348678303 -5286.280523827829 5508.823919583838 -8838.20926354247
-1250.6591727174964 9571.734008143176 -7214.318586560788 1346.9327207194565 8879.318594545293 8327.471050642569 -7064.718905283709 5903.851237669178 -8250.27081201247 -8721.021891375258
2374.1363479988813 -9905.251041063913 2291.762807606683 221.47866266069832 9882.228233468591 -4828.543086813124 7995.713195815308 -9502.589695525021 3608.013098449397 9415.548051125377
-8255.92830531088 6294.299651881147 4352.136373877302 -3762.9737982197557 2215.5026063366986 -1332.5269999690954 -2314.8187032315873 -6971.224823625126 9528.385813179779 6895.931882516208
8506.246203637227 3424.7913429334567 -6100.5472228830795 2967.1665423061586 -9812.614978609165 -2658.7993656173685 -5992.904459144793 -832.4769819131016 -9303.501160083973 6029.063654253783
-3559.369643429409 4296.426917777815 6191.708219337721 -4574.216975704939 7422.819828940486 -9679.091412161046 -5434.10596106393 -9867.559368237899 -9612.752265993731 8495.661196488265
-9560.759675124717 -589.1916418984038 -1922.1623681602896 7633.269535605228 955.0867191573507 -8827.014750055536 2977.8908344938664 8933.817358052402 -2846.5344179099648 -5044.371591124279
-9791.011091764034 -8562.067248866197 9551.673045118987 -1830.2895297108798 -6704.887157072515 -5997.86647706529 9329.820251815563 9114.086299490711 5096.919935191556 7064.700272050315
7962.402055488554 3990.960671155417 583.0061450575504 7282.264385144106 7636.127874067821 7258.973728831141 8546.570629118632 -5934.7054866966855 8036.375871662454 -3041.9499225465543
-4653.554594399172 -4864.035515665688 -7500.5843959801205 -3201.325335002499 -8129.197402835555 -4668.335759331501 2598.3663621339037 -535.7441246747603 -2159.977418055887 -690.109754840314
-3427.8164498464503 -5079.930782480089 2187.486743345622 4382.622566230992 577.6641230353889 6994.853397941173 -5610.570614762147 7933.493706424251 -2030.5731164942345 -908.3833475709889
-1098.8058291912657 -9982.464852338266 4880.7729129047 6259.552689732716 -5410.836492561663 1258.5468932771819 -1204.5924519068412 -1913.8671254148521 -9528.671066434781 -7068.330124247208
-8909.701515745774 8432.740082216467 7152.450102257371 5143.569629196247 -9409.247258903233 -8625.21036826672 9263.364119725185 1192.412476196454 108.49921428704329 7440.774523238306
1917.3833555261026 -7877.685059453503 1159.9766119273118 2483.5062526541424 7667.937204726775 -9966.780000358232 -5709.101482358507 6889.750207867732 6737.225835409485 5728.049891454284
2324.9152059761454 9320.558375823712 4843.338852199937 -1626.7885212268611 2832.9181878441705 8731.553481964576 -7220.313885289138 -6563.60701033668 3143.9189571264633 -9453.822582993775
6406.562775373099 3300.707417204465 -9013.60016352493 8988.014434239962 -3915.318883985393 3063.6204603172628 -7575.21257037678 -8343.436238608652 5279.532168060001 9302.635545557288
4961.308560066533 3347.7207320266352 6062.58465752078 6741.400919862266 -2377.680926972359 -5394.953679378956 197.19402254656052 7327.33226022459 -5307.694910764977 -2422.307685110821
-5873.514232905299 5951.780235348317 6843.2491156613 -2901.1569717393513 7337.2267899831095 8744.793635627171 4910.522059712013 -3865.747355936551 -6034.151790551898 6018.377038413742
8877.298002564534 6288.061048028567 -3306.616181588939 41.43756970428876 1717.174800810657 -5843.92700084041 -2269.247794412974 8834.849797190673 6838.861643404867 -2448.217721514691
-8470.480807653 6346.052507279817 3227.919938252313 2639.240342382167 -352.9842765327594 252.06169040723944 -9816.416272944642 -6146.154035313251 -9094.4999201068 -6159.220054394743
-6962.058848215511 -890.7513453289976 -5252.919847718036 2154.827418993307 -6388.533713259075 -2827.3297098577514 -5929.440378073234 4709.217732850255 6082.639260685604 9268.683270771442
4176.726432356667 2664.1569645289874 -762.1733616063048 1548.8547849012848 -929.2478678859607 -1766.0205182793252 -588.0721851813523 -8263.62433261127 981.8865667081973 -7402.479179771957
988.2133909703698 8531.818527360392 -3367.5252111611553 8789.268341269879 510.18200829173657 -8194.611516429504 -6213.555272823627 -6360.758384282903 2482.359767275304 -6177.28197736507
-2712.132432000385 1652.71080333584 6759.5948930056 9321.886319985137 -8050.721726953203 9414.332548154169 -8897.797828265042 3477.323796458324 -1075.2759110209226 3893.1780150564355
-2226.6620800788696 -9383.45120320303 7045.812745093783 2362.680760223766 -8081.714038214572 5432.906253601197 1907.9414011523932 -2763.5883325742807 -1899.5196175713681 9964.665225201428
9276.58278415959 -440.8159534804272 -1713.0722587774944 -7479.328111923316 8541.445164028766 4583.319509296478 2286.8087706172173 4618.517764293549 -5621.92989908129 4072.1509856254415
6311.402370452506 3993.1059468304265 -9163.879826463783 7370.512852892993 -6773.899142963495 -6305.911270075952 -2207.0835046825896 -377.5095888540309 8141.011574091815 9285.98002813915
-1720.4704237600108 -6723.5643501887225 -3762.1107320785095 6713.287524839681 4088.2958128735954 -318.1047318849014 3846.068279356332 8779.049144382272 8965.548180210437 -9252.554387635279
7698.1491863763695 -7456.673574684909 -5798.832273492394 4377.457287226467 4879.531469934103 5896.307406910395 -8739.020505292194 6631.941285550554 -7693.852871048317 1492.9277818263363
-6311.9277274631695 -5949.249698725056 9764.049898065226 4218.341820979376 -9443.070381206393 319.4971038826061 7381.990094819081 -1004.5717487335824 -7626.624817753431 -7555.717726713445
9729.29386821992 4101.637864953869 -7166.711327305435 -9854.01513509572 2310.9162121386944 -5767.817465575357 -1826.075442807507 3603.213050949478 -9064.760017386005 -4808.785457562386
-4415.505225510521 -9683.404567846037 9569.438887795215 8203.896887517498 -1386.9146676490018 7697.626905684097 -3304.889262591786 -4731.955600040121 941.1676390350276 7609.977417868606
1717.0446170965733 -5016.35319507179 3568.903575509228 -2789.4950688789377 -2802.688054966303 580.8590632575797 -6357.624622736454 -4595.4080241241545 4206.59853626812 448.16192404558205
5428.952430978836 -9478.662197809095 6483.338024478489 -1694.1078149620844 6038.969074288443 3765.823673718207 3880.196094327148 -5280.8749910841725 -9180.483657490375 8217.97629968878
-2411.3161884579367 7336.236753553392 -2795.3319640306026 1361.80935724962 -6591.491212800784 9504.628495903788 -3475.3836104769744 -1088.6298981913205 3633.5905379452543 6705.21162770599
974.9489104487257 8076.140382426231 -972.7534536879666 -8043.628083198227 191.65659150678403 1443.4023879195483 5386.960791351843 -4947.443590874714 -6415.437588068953 1114.3666714087358
3464.1024390477687 -9151.805034745918 -4715.157430653451 -873.9322558431631 6606.170697048961 -8615.003466830254 -7476.795248535331 7955.67559017042 6225.420711969391 5145.042391541821
6282.451382326015 4242.3789699284025 -4671.807563825226 2526.17895175336 8084.812934199803 -9086.460452968646 -2962.2250539885763 -785.425313908534 -6505.334511667041 6835.529649037231
-575.2339189232971 3327.3657072079895 -7941.334566011742 4710.993416162204 -2998.099404160799 -4829.8197898733415 3997.7586488658817 33.36135761164951 -4789.238867296109 -8200.65891207373
-9935.014772467513 8748.875972776157 408.98748833085665 4545.927372902421 -2169.7142100867177 8879.043366889535 -4293.556258325446 -522.5674420678533 -6980.622054594845 -7440.546024093655
7127.324671210605 -3155.0715929455528 9742.640728390219 1121.669996963983 5587.587807847274 -7823.921235001483 -9498.626837224136 94.4948059926628 220.72184746794846 2356.211149429453
-8966.08447389009 4261.455671109681 -8167.44376801011 -9278.012629891171 -6168.402939435982 5378.968883247171 -3609.2770347982614 -3317.3226569290846 2550.4370852803477 5882.082763250934
-5320.013535218266 -7915.44393149905 -7249.934771934539 -396.5076236105433 -9612.904179998015 8790.76617368171 -8866.202974466267 5487.801725659798 2167.811521453734 216.33833319527002
2958.8785030903837 -8731.041572130203 -2386.118098607748 -2006.2645140328468 -5302.732841588245 3064.6773612358193 487.1351016092776 -479.26571546065134 -3628.3901914321004 -1929.756454319393
-5287.174725566734 8469.913786641366 2055.5562182748527 -7596.4830087981245 -72.49663228330974 -3269.5248598660155 5116.2042518809285 -3375.360571503161 -3521.988536182841 4844.493572351466
-2537.397638278542 1391.6230588047274 -7465.494947014004 2993.505765834734 6064.116848070074 4833.690661021199 -2613.38428907248 6928.23397112676 -2392.026926228039 1619.2161683204522
-3754.2449448211837 8509.72670183788 -6948.427118002336 -8473.057337430562 -4087.6264586192065 -8210.662426170862 1632.4136887954264 365.38497886534606 7426.776660450905 -2027.1175099691409
9669.914160850967 1765.647589157128 6224.065366925535 4741.0387521963785 4782.434766668051 7664.331025604555 1808.1950990461646 -3802.3459202919366 3235.0392012186585 8592.527321406204
5673.684665701905 -7957.392444783904 9519.288632873653 9857.593722298156 7754.661773617045 6429.7684736729025 1439.5372800401547 -5505.500670370716 -131.1449479479179 -7459.013436963953
4786.070041815445 -1668.4555725790178 9481.762181091672 9226.2619929475 -5361.24366488399 2819.4238433822848 3121.3613967718466 -43.515467270915906 -7406.053857041133 1922.4308357300615
6795.0723527836235 -5203.760101394248 -6252.70305202334 7749.036428149699 -3310.746419965125 -6116.127260348887 9601.408846306389 6797.157559527208 -7975.47894210461 8429.780860174233
8798.455514142104 6159.668326594672 -6540.039958488913 7255.702586083269 -2288.8151009834655 -9540.730896057887 620.9812764011276 -3362.1545797461213 7958.478015938905 3273.1322242485676
3936.7047516954317 -6490.308369088189 -8779.44833486006 -9857.97156674659 9052.857677024156 -6864.7932968402165 3521.538921544834 -3922.259519976632 7142.837607117588 2474.107634050408
9639.677034209592 -8325.857744398887 -73.3877701986803 7231.531049447429 3540.4480093395523 7692.430659849717 -7982.392281296479 -1339.4781124170913 -7090.959631532303 -5104.229007601808
2446.2205515739315 6768.094328961743 1020.6300257057628 8520.294296502983 6698.881372860225 6096.193858679413 -420.1771148085827 9142.489804748322 3310.5584484552 -2305.2364493842533
-888.559236021325 -1191.917020259034 6794.142019222043 4965.982482810883 -2312.727631055993 -7265.267126012986 -4999.425955306998 4903.804472568461 -8687.275574869036 -5632.621576670777
-5520.355248254727 -9223.666320980583 -4721.004035138337 5279.317825360424 -9843.202710677635 6533.6950466566195 8879.389942483638 4.107216345908455 -7286.544922759975 -6100.446278862348
-5487.244776655775 -9614.240063676662 -200.1792305679246 -2937.014755029397 884.1157151084844 5727.185299479868 -7991.005228597672 -2469.0813401856167 -9701.411711876946 7142.893375738822
1092.6827603605525 -9596.675236743671 -421.90386165105156 -7358.692344889996 6924.62389289535 -9851.747932840386 252.61525993899522 1559.4179048046826 -1985.8967353302723 7437.576069078492
-3436.6362934806375 7083.166671395669 -3140.279633488696 -976.1695819852866 2152.5148400747803 6199.832460019719 -7069.908145833865 2208.4170493081565 1400.4072234098767 -6810.432508632236
7169.063334219816 -2538.642688993713 -3848.5478003980033 -6978.526389586084 5724.810699036932 201.72748398043223 -2826.8734430367485 7938.560773764384 4299.504661493993 4760.99195635381
-8995.079941825232 -6064.5799712199405 -2366.054175224961 9603.177752282903 7319.455318731427 -3438.6577650070185 8220.576350479492 1491.9954833697084 8575.47719792973 1891.2399689281046
-4554.00586179658 8136.481555794777 -9219.161312615215 2136.734498832444 1172.4404034219533 -4008.8400729399827 -5719.240701663884 1357.6146708336437 -9941.024276988397 584.6605783130362
-6342.242240632097 -4074.391720402351 5722.269208585723 -600.7807771764656 5914.215316187894 3041.1782766745546 7665.919168592754 -2421.199583134082 139.78030639685494 -6487.678971991518
-7389.927361910811 489.8003176894181 -9832.788348655837 1029.571938248997 8834.247377823172 -7541.854954495908 -6491.882212878634 -2196.9433674872807 -6652.877769464236 -9761.825476866457
8725.524629617743 -6349.513673297067 8218.302402318375 3971.136697576667 5653.96779926216 3594.851974602596 -5994.794717890919 -4777.6122816269435 -7525.740448890823 -6244.195306243998
-2249.676112502377 8488.553296660011 -8451.833223825153 4484.220563587636 -6300.5792019637565 -8845.68005954858 -5435.610225122602 702.339663665256 -7052.714024413851 -6160.045200431534
2471.9865620619803 -7501.035782433533 8748.996450642138 1509.8791693699768 326.28457654427075 -6912.6895201318275 8730.77245922316 -4449.449678716993 -5425.400301209286 7076.980705295577
-3640.8145032287866 7962.324927461381 -828.7159651040402 9174.528203921389 6426.551822664627 5023.799495434912 -2713.6334118372997 9698.679786706773 8561.147397625202 133.29389500515572
-6953.369116686769 -6694.854539382033 -3792.529352673324 5287.930095134101 9464.108677955595 -4403.232951236462 -5885.658153824558 6731.838832137364 5346.37902961982 -895.2732530888934
2093.223290457243 9725.245484437102 -9176.308430226709 3075.232749648021 -6833.556053511305 6464.482189557395 -8049.611557454746 2040.788979455132 -9749.348315065028 -8178.865372400545
-252.4786454330315 3363.4639934883435 1883.1875067823075 5095.87902502205 9899.283759255737 -2436.5148762102253 9265.190163336581 -6465.455929569824 1151.340118216287 -315.4278439189675
7862.1469130011355 9595.080767579213 -4298.549257043524 -684.4961564490641 5771.2395817160395 -2965.316992463767 -4134.440784627207 7821.250680914909 5178.381313695672 6064.962450699562
6776.445110561694 -8082.478155269333 5441.667748937791 -5893.72380734352 -726.474612707003 1290.1347897299838 1778.7584357774758 7542.199722365047 5621.089936174252 -9837.311654105783
-5559.161127334304 4063.7881332758607 5566.898227500651 9844.269674813851 2551.212255240036 -5867.881663678025 6714.28574872392 -6523.035271685764 -8524.501656949793 576.0152861133902
5214.796889997764 4887.571213046287 -2364.9915974924143 -32.01783750419963 -8477.093455549735 -6278.964567432159 1538.16568879857 -603.321447764336 2296.3035400226454 -3191.9092566895088
7418.555659613499 -4670.907146376419 5089.954122168812 -2633.4093695530773 -1911.4497380026505 -818.1332643806963 -3366.0858100521637 -1469.6072185754292 -2263.773048933548 5497.69823504693
-6415.985664249649 -6177.5069459564165 -993.6986206772835 -6294.951548270517 -4627.915685526409 6764.726785408278 2256.055084494803 -2221.9543090434126 433.65158776709904 -928.8764710947453
-9482.795017813112 -414.23490922799283 6598.68914954432 698.3261718326503 74.1826082528969 547.0667046152194 4123.579809886669 -6700.147737597248 -8410.586743140095 5961.6862261840015
-7943.532674213143 -1810.1721276550006 -4407.931821279279 -706.4618615998825 -3416.8550746043147 -2671.0183726912164 9068.494951837813 5561.668241895892 921.376498290123 649.6203118230078
-7170.719034417241 -9681.238809888893 -7728.033807360189 -9292.85352273729 7098.6698725159295 -8857.025760544046 -7650.9997258 -3196.463340248898 -803.0150898918073 -2678.520327846072
4972.292074842193 -2941.879028201275 5613.421983465141 1730.767507106897 6570.501554539722 4559.721465941286 -7096.649906845787 -9186.538877221576 2511.411939783651 5671.004104504651
9064.62266960314 2391.2871629504934 9480.57837060047 -2670.0342799291966 -696.7320671203834 -5674.566215271199 6966.300156428839 6235.74303163498 -5976.629337747812 7228.513192508744
8249.84940463454 988.8734725230061 475.21468349714996 1162.4348191541449 1141.834012861209 2940.224265277877 854.889196318336 -3606.5165860495063 3974.4812011156446 4597.5488122512725
7596.132871376136 -7924.018243398518 7063.046277674013 1486.4791059933941 6092.70033197488 5498.1003728231135 2226.897119419893 -3444.5342539225085 -2882.4093653567907 -4354.618004009436
9783.165638511287 1796.4867829106024 1864.7265570666368 3002.062992480365 -7761.170669516906 4853.581995148952 7396.857365981916 -5680.676922084731 8253.131169910339 1719.5160464491528
615.1163412857532 -840.0507089043113 -9075.015941145706 8689.999122053177 4832.019349841839 1677.2781256628314 -9793.850433339381 -8798.1907066511 -3609.953680674378 -3967.99355081874
-1245.8803494534386 9542.256610655426 1477.167041882809 7537.978255334456 -943.6614618813819 -9212.86409698868 -2505.3783321116916 2873.5728229510896 6050.745689022175 -6829.684461629919
-2323.9618471229687 1783.999423353751 -3588.1019902473545 3615.306885731541 2366.373492617842 -7819.202866677981 4805.097479750219 -8780.808473972394 -9314.724587284443 -9879.388116426122
3396.1029622625556 1667.4875468410864 5263.127902906119 3015.2288988541077 3945.891234199986 5499.197761917216 -7169.56926194825 2366.4591525492924 -1415.3635205643204 -2690.6100471878362
-9953.64309564048 -7213.493799641217 -6494.475648388165 -5706.003079964097 7774.982496111301 4971.919340414281 -9282.709528239164 -8968.306487242487 -9185.026999770567 7749.330384963643
-8403.25414266974 8361.07217440055 -5684.306925515601 9287.643395716383 -6744.996220077428 3965.715456793643 2662.511299223557 -6530.337084691169 2454.924741291319 8590.72924235198
3712.280967408271 -7625.548871264767 1334.5338639186284 6925.416636252954 3794.391817976648 -2921.7830853017367 617.3112163811311 -1793.0262910009187 -6959.6339916825345 -9990.084355397707
6566.097866327538 -6099.8372208294 -2117.9808359399967 4183.7197015683505 -242.80989599578425 1768.4552498390112 -5524.043145582933 3855.2494595898097 -6467.60600176409 9729.118499670414
-5715.231684654942 -7556.662699450913 -9469.951349095058 1305.2208300660732 1711.538897263541 -3978.3717697557577 7897.690880310118 -7591.772180390737 -6958.797339217773 788.3018767970425
-2056.215512056776 261.8663877494073 -4470.4879698668565 3456.418461330737 3820.430689942452 -3296.84552920068 5240.3952227970585 -590.9237556716926 502.86829144421245 -7636.668728476255
3989.9002438711323 6173.270843569859 -302.6875641566294 -5292.86675222888 -6372.065214193363 -2160.1943523441223 3237.239223159175 -4948.35299281523 -6379.231359763966 1257.349891893482
-9319.141546751867 7406.877735919214 -208.5443175962755 -5990.189343951999 3689.998176723 7401.703876457781 -9451.056243272398 999.9187914973245 -5549.167915732361 8173.489378433678
3812.4602369814456 -7260.604989442245 -8281.68564046623 6312.534289700789 -6466.549147416689 -4894.112612756503 3582.699331872931 9957.918038991487 3570.299287009755 8403.520782810985
9362.75484743184 -4558.293288755722 -4408.69501390732 3121.6877289422846 -965.5374684232793 361.18826023060865 8918.79844079629 -2511.758447526382 -9813.680373037067 1215.882880580577
8220.777726444885 -6161.772820397107 3498.8590241441343 1856.5853604987133 5976.196678501277 -3317.701941524636 4484.0127557795295 1003.457684826577 5217.945848395953 -55.365859634670414
-3278.4755064833053 8004.233351772142 9165.134714939464 -5152.183573049369 -4769.831503643265 3562.916083373366 2387.3792336919105 9872.649394425593 -3481.667430076316 7736.152605948191
7709.420968633451 -7200.553128320548 -379.46706435416854 5466.346259556467 3419.743012340583 -7511.457159288879 -244.04813238263887 -3500.5251013725738 -1015.1724973759556 1668.0413085868677
9275.943776016567 -1492.913337420161 4854.641298725026 -6046.814800227836 -98.9775688274949 -9572.222309758798 -382.48995431672665 -4927.67564904713 8534.676656316944 8432.41582601225
-5067.150703929544 8297.563368273804 -9180.376714173026 -8157.337020336857 -1791.9645951229177 2715.851103661542 -6876.422623968528 -2721.3678008845736 2406.5132503498153 -4382.7596247828415
8110.673403753513 -5563.051478351511 -5183.487493389692 -1118.4014594757973 -1871.8340621598118 -4716.542608221348 -4219.367204830444 -5889.7593419802115 8625.019323932105 2447.672098264775
-2467.092767048466 4039.98941805699 5368.478370280845 -7002.599478151077 -6328.905074234985 155.4035250985453 2025.3472786047878 -8390.480046997494 -4883.245992613567 9509.645512551884
3690.9928446449358 -1527.5897345765934 187.42920496704028 -572.419634705253 -1639.1757614196904 -9745.118930394012 -7539.933277583364 6581.475211523473 41.58498525200412 4401.125294719948
7615.942409655207 883.3982591509575 3757.730785735819 791.246124004987 4080.464303959614 9415.487956439058 9794.204734262785 -7155.916672307425 3428.5688041069043 -3735.0147070435914
-2567.2195499373765 4164.863774731031 -2226.845861782618 -7936.707889258168 -5306.507829375105 -1207.1370330607679 -7613.893236127098 2366.967695657513 1539.0357382983602 1546.510798858384
7875.040021994817 -6787.098178514281 -8833.177223686998 1054.2690838906728 -3290.805209633052 -7675.972114607308 -799.4794055510683 9773.11739400269 4068.9211403358277 5067.600920901183
7307.82921120715 6411.768023341545 -7164.610151035842 5510.1320561536795 -7928.288443570473 312.9086311222618 3897.412467444152 8246.05731772427 -7339.347980086352 7608.6873920217695
-4122.242647897889 -4788.1051608463695 -5847.858895163476 -9251.279434243583 -7703.236937318167 -1997.9091269555702 -5368.141330925271 -8498.633889511353 -9115.188481206107 9303.08703227581
6592.056794428139 -1543.187628273783 6564.510209418189 3727.5216481938005 3554.8321659401645 352.29723128200567 -9762.3201261029 -9936.690714724597 -9448.256123542751 3050.8538122407117
-7611.84918520843 -257.44571445697875 672.6664275761268 -2298.8834605615557 362.58435996917615 8642.795061032335 -910.8918650956421 -1426.567241691353 6080.66714764278 -8666.877538871713
-6160.999028951706 -7905.824486432087 206.7413338139595 -1387.9082300964892 -7998.4241553567645 -8238.629325081964 -6941.748495263586 558.6405555955225 -4866.34743553203 -6810.224058113104
-1779.0412358292815 -9314.43003909368 3892.4723263017477 5450.956340455878 1609.6529041032245 2043.7791013273236 4433.017741007468 -8205.690330838035 -4413.629533130361 9927.087871163669
5244.19534394125 -1726.2462845149876 -8050.7900941376565 3892.9420925555587 -4868.198458885385 4693.199170304933 1909.5518632019284 9455.14244672042 9835.98061439344 -6606.618129995208
3324.608570194214 -6114.27058011328 -9914.521613116165 -1480.445914135118 -5471.409338913384 -519.2597558498783 2273.545164270654 7318.047593749736 4090.061019866902 -5430.987458906822
2580.533862837334 3213.2284097883894 -7675.402256331527 2586.4792759666598 4324.952153203962 1294.8563662016386 7322.5779007870115 8352.301955078718 1618.5620146550664 965.1857456246344
-2224.6139590639123 -9681.996107133366 324.3428878784107 6510.119272437401 3355.461290941961 1504.9529700630774 -9708.474910593814 7579.813222549856 2774.537069424103 -4465.832522650193
-4246.017976812546 -1843.8971684512053 -9731.823489965487 -9960.161667402619 8344.06929807876 3061.70312550953 9600.203075820442 -6876.703750940412 -7796.645415864392 -3584.5724706726423
-6623.130464405686 8239.951421364342 -7404.896448594169 -7302.87022093318 -2883.7554164796366 6148.6276271896895 6406.70255914508 5472.681133811297 861.7247209554553 927.8201641276864
-4618.797493730791 -1734.016718859917 -4049.2539845075216 9924.29909016312 8925.140183046227 -2446.397977711523 -6969.472617849686 -9599.826063817909 6107.091709641365 -2545.6692873723587
-4127.299393125914 -9654.06738169293 -8502.318845821095 -295.62906680900414 7223.069953994189 2422.553984900309 1190.4633377916452 4953.545469639506 -3474.4473822709397 1769.1471152331778
-4306.448091585835 5321.37126727694 1395.452247420255 426.266928053441 8121.366937120143 8702.049427656217 6395.444617519577 3659.0753740030596 -563.9082754072369 5033.408490903608
5334.020193608962 7790.590019093932 -3362.2669203097757 1897.8922055346939 5985.582659818332 296.62801749870414 -849.9038665375665 -8093.936620684199 9395.82636143935 6990.307846273583
8267.807651744475 2707.862567834507 -2881.6371920777174 7865.328970108039 -9524.374491067478 -7976.539349206298 -9087.795832780734 5343.0444545472255 6796.6984854130715 -1720.3188195530092
-739.8129543567793 -3533.788205452777 -1908.6268459213443 -3307.6941340405956 -7839.808428553641 7965.727182282499 -3609.659114000434 9888.003699472876 -1129.1816549903942 2080.0442754936503
4811.850334860379 -9602.88413613832 -2765.839869548543 -9310.591182872899 5786.557735987391 -3707.3407420903504 9577.715733333589 -8107.612783667777 -7799.083847114179 -681.9109591825509
-47.594607979195644 -2280.989055278018 -9305.75538013721 -9951.253453573743 -9733.718755958065 -8876.116651626337 8348.844782375949 4726.846428533056 4035.831107338954 7186.917646647213
-5533.382675337193 -2036.402673176629 -1243.5218034450972 4600.691031402841 750.6391345173106 -2615.4093987669166 5033.73565152899 476.1704710047088 5030.59367845077 7977.294099084695
-6486.438563277206 8075.8058100649 6323.323410176576 3286.407772524839 8873.744523054833 2064.71702558417 3108.20087332595 5539.0146795570345 8392.882391854077 -8542.597361990158
-311.7842586391289 5584.699959210342 8837.28591520268 -2131.5213801042 -6063.73055188119 4217.732561933781 581.9978295279379 -5697.328170921967 -6330.283399625725 -3230.7458018675698
-5925.4358600877695 -977.0781399810621 -630.6493667888844 2005.0357219347043 4146.46716689602 -2518.7077768188847 -9045.257670604242 6951.639371069581 7741.640000230524 6885.260175042589
3318.3678097840857 -8694.736060035408 -2828.048544456441 4566.7830996732355 4799.037304382997 -6109.160803665454 -8911.19607313299 9410.62128872178 4464.3369229906075 9925.461440155505
-1660.1473655567825 -1126.24503572283 -2673.5764353660406 2405.154377424489 4396.670674879646 5347.720194777816 2604.5930562203175 -9393.962758934245 -6409.796500971621 -5005.943913672979
2069.134294671787 -8881.269012767807 2172.7999091032943 6315.520577667037 -2752.553053168307 4223.48402761664 -6472.7810232372285 -176.85274936966198 7585.168630965585 2578.8409970793036
-3282.4069343880938 -9894.19862073565 2704.263497973452 1157.0744080737713 4266.756030963021 3356.3960417424114 7719.347652129185 -9550.317216317197 -5069.060688068399 4582.050701456241
7957.402357304214 3206.0560493177763 -4868.986061533562 -6763.466122167763 -1882.0929992614665 1602.6623635656852 6329.965234418518 6482.2010488277665 -8668.555890286265 -8576.88181727181
5591.066008718915 -6157.561763367534 -3130.9742135808237 4273.537116253792 2905.058793819442 662.4784994659949 -3777.61681642623 -7232.6567579812745 -8927.290884773058 -3046.736540262733
5524.655378114332 -3136.7853950948747 -1907.271317835426 -3880.12249688493 7375.487230603314 -4175.013142082968 9460.887782973958 6093.946040099394 2462.877025340975 -5165.349948909668
-915.4022118525208 -1137.0160315683315 -8714.692928080729 -6515.727283166976 -4046.7110633623333 9002.626355068096 -6597.035765408635 -1217.1521914697441 4461.7363391706 -1321.6353060530892
-2958.5592420368557 -2902.9763420418494 -7086.818241101571 -1757.0229922558028 4863.238208291905 -8125.792048889198 -9244.804494959304 -8746.636593081936 -5349.636404198346 -8948.170192755919
-2085.7422302511704 -435.6628128262182 1948.1887809181262 -9290.251406436206 -4938.37512169903 -848.9177601092815 -1083.9091466762984 3944.4913014796202 -5329.921546666463 -2595.4595108999047
5018.969625566733 3106.921329669003 1852.1552471918403 3472.412210613884 -2440.547999534586 3862.326473098101 -4896.78426776294 -3545.284488540661 -2000.727129161688 -2916.45852805346
6098.605238274249 4708.551261259614 2273.534998608644 -107.46234935402572 -1784.1020558445525 -1457.8290988858225 -6173.91296328091 9053.977545600872 -1781.840291411445 -9293.422339391785
2081.53271495453 4884.797979289131 -5010.679398496732 -4729.491779039503 1240.670355074868 -8407.950935296556 1728.0510382409902 1376.6271381459828 3999.6587696459083 -9057.233351834548
4700.849426791536 -4149.772587851155 -6182.59069236643 -2732.285329969377 8651.140232999627 8649.828350372347 -4285.219112771725 -588.7149468805583 -9784.584418667951 3228.4126292127785
-9920.009353592182 5236.190856697718 -5903.0936657642715 7920.102113650792 -1914.9652508181944 7162.523428826749 1230.2160282115747 -2348.0069024911863 9492.434043782428 -2864.867217679508
7640.62546544748 -9162.435389915709 3207.0971853226456 6590.502334333003 2905.9969834932817 2461.9965233219227 9747.177296342474 2936.3916348257044 9280.626061797142 5008.802312494274
4640.720072551565 6870.355820428966 -5892.340840309793 3236.592750705584 8043.787842774589 6572.752228545782 2968.561019909779 9514.945307547336 6218.46876335872 -4249.976961007722
8251.309851001435 -9845.246535790155 2586.6850304399086 1036.5932132139696 -6255.541805098697 2544.339728209681 -9577.428386204598 -1189.5546316370728 -6152.7331300780515 8141.525466613581
4691.580384983254 5224.446212298175 8772.209675074024 9801.381020555538 120.14592004207043 -5083.184670626883 6627.446854168265 -7062.891860615997 -1911.0544642058876 4819.965354497406
4181.541458910278 -2054.72570445389 6888.326391594772 1592.4512733852753 -1768.8648753709658 -8683.395280645793 135.7253987236145 -3531.930707025328 7999.214722705568 7376.628922452703
-387.83119677497416 -425.4999273288231 7121.530602729588 3018.851667650104 -3096.0981778160885 -4854.488858260879 -6414.607060989539 814.6870429731553 -9753.99664619309 -8446.092009647507
-3093.703394326594 3890.658595245406 9656.098378982235 5707.780479125848 2745.1954479625147 -7976.284471420024 7398.825808625654 7298.713768645037 -7393.289425173691 8663.089429686774
-2260.500055493295 9767.247946640055 2974.0812497751576 2746.157814380884 -5445.6760155124575 -5976.964543168442 -2139.347111141732 5468.037019851412 -2314.206674406103 7935.0038816751185
3221.027742502587 6706.375951553866 4133.574422023899 -1870.9927911776103 4199.777214323229 -3560.042430571446 8459.78922469783 5111.8502317168695 -6062.5695279557785 4716.830928383484
-6143.649328692529 -5494.204004441452 -4987.984785694131 -375.3452937314687 -8810.060354288671 -1634.670250278601 -7059.90204261223 -8117.548504267697 -5404.111086469236 258.2222924862763
