-3848.6602725417333 2575.4774678717968 -2821.123431232586 6672.240759579228 4903.033302996158 -5360.45899401068 -5391.437972310638 -2322.564775182792 -663.0817375933584 5294.972504889129 6858.071474522803 -9497.120735762428 9886.336125597125 179.3146341953816 -2679.4357224400555
-833.8629435808234 9541.494097463667 8009.8955636863175 4289.6759108103815 -332.873498198971 -9762.859141684661 1028.294951542859 3739.1667405045955 -2837.6572527712733 -832.1479785053434 -7557.863085538627 -3047.8198664390384 -5409.332195004868 1910.4538020877699 3322.0512751379774
-1881.2630775932003 -2392.776442658178 7402.521140552435 1854.0102643121754 -397.71914810456474 -5651.099515530084 -9806.530949881904 9962.689876914887 4051.3542417451536 7986.398890510867 8501.733872665889 -7956.6825796787225 5588.968846006017 9210.966977035132 4492.370952291192
2981.867824148274 219.82140152570537 -1201.2740247357542 7948.141986347524 -2408.5612460350903 3518.3388465347325 -5073.755778075794 6111.736529360509 7379.909041013445 -5991.003233255135 -5740.820268497991 -5005.531103407939 9091.201285506326 -853.8570248293054 -3333.1678600721943
-7707.754990163098 3674.015926175167 5953.722945811845 -8780.194443516011 1683.2966699536646 -1981.8570526746207 -7627.157887493395 -4510.844400964016 -4828.353655567997 -5569.335464099914 598.8714401791985 -2680.789433306699 -742.9589217539487 9182.637516818519 -7622.148967015371
-8970.35682565722 4741.441989436362 -5705.49046007883 -5338.4770792703275 1502.5973280074395 582.6220159743225 -8929.39225804306 6933.7939532356395 -3595.1261277642034 -4293.200794772678 -6049.391415852539 -1966.1381767400799 4781.110533974792 6118.446633362175 -1582.8656757976096
-754.9459666350886 -1500.3521565119263 3868.1410427823084 5110.81355194402 2910.3150906764095 -1822.604288867553 -966.3758955117682 673.331500262926 -6561.291153865703 -5226.38246663518 9518.927568901927 -6525.058926634384 -6529.528213356774 -2392.875623506876 -3285.2537100346526
8016.451743941951 -4902.883134952564 -9874.458044392084 -1312.6933615004182 3685.18098353831 -4849.20816231893 7926.073051076051 -5080.6895278606935 5008.767454162238 -8731.4734167483 -3930.6473960827607 5614.506362232103 -6899.716807558449 6787.417240338531 9910.800238327654
-5846.040250783364 9759.862810179111 4071.7359971182577 -1637.0085304298282 -1666.0366827058751 -1436.811928599891 -6165.024501275771 8269.345471607408 -2412.6678328338876 6470.847525578298 -771.9491949492294 -1176.3750283201753 -4958.240876545367 -5078.46085721007 6962.319717196762
-6689.6017918321095 5515.455792580877 3983.5416479998185 9689.95444689511 -6104.27534224703 5087.586883558388 2184.239369144336 -9038.312898603492 9373.444725998364 8580.600918275726 -7836.740996813942 2504.662167513685 4910.656851891274 -3661.2161018961406 7585.413427048134
3561.9762635923507 -4048.3221662106716 -9675.73329326835 836.3726750216829 6637.034334993936 -4306.096999563553 -2993.0698658441443 1765.398917108354 8146.953541952007 -3620.742841677209 5410.798632503611 -7844.31418590676 -542.0559935132023 -2835.8994441717614 -5393.59859192919
8616.04303718865 -5327.066969391165 8015.4160845938495 8203.197506961358 -5029.45848512758 4443.190302950943 -5751.124912843961 -7396.913858467502 -7313.377063047326 -1247.7202044147234 -6624.728541535911 -1487.1513592403553 -9146.863858609224 -4003.1451121620257 -3125.12915095019
-1164.1783686536837 717.8675874521341 2001.6627992459307 5875.584855411946 571.9922242955472 8141.830510296237 -2357.9290725456303 9413.475973149794 6699.253909222516 8118.551135449405 5091.287992730931 3002.8298505079 5256.873507928989 1213.026899520717 -4063.6200795865516
3199.536214276168 1867.180247940245 -3431.0689425887977 -7043.39113262181 1155.1214463464767 7107.916346814476 -868.3068131546734 5470.343931700687 3236.2871734796754 1036.8495833090037 -9400.885959572817 1736.5927446640344 7516.838988074014 3185.779104115023 -734.9426916591201
1147.645862531137 -2181.1705986934694 8904.636694573965 -3403.205634840143 17.850623461430587 9060.732070797549 -9674.422525259675 -4986.495069686163 246.00038370075163 -5345.060491889131 -4030.411710603943 1358.8975002270836 6761.8961706574155 7343.386235275819 569.1293661355212
4402.478579160501 -6611.317888500091 -3161.9432618896726 -8024.801281890772 -2238.7380166347402 831.0023322897832 1913.8437304262316 -6147.89437119807 -4515.8448376558645 1772.9632709424732 5599.995313802372 -2829.602165305263 4293.0037599952775 -761.6427457615318 8659.581557316633
-568.9193964354872 8307.859667104742 -2009.1077939173265 9530.330361480272 8514.03489550297 8397.66299788803 4053.5691393806137 -6495.054873007728 -4885.08468919389 1723.7629088886442 -3073.978828039896 9930.809713991432 -5264.890554880341 -609.0721480711418 -525.9479425849531
-9252.701938591197 2573.795440051712 9461.173203482489 -5127.125257604393 -2774.378167744094 -9774.811416988687 3822.3233374804786 -4855.167599919563 3085.330927447274 4876.736238465652 4547.768496986706 -9108.061779627991 -3145.891094386322 9456.857519775389 -3957.9101852880294
38.47207213994079 -3356.702266281579 -5356.736311394609 -8076.372341007305 -2599.269760988259 5479.769700284867 -156.05934898541636 -9568.65500232777 -8842.297446217859 -6074.018541572523 -2298.7794290533366 3425.3526109308623 4763.071004697516 -5613.68569192541 -1046.1280413230543
-5838.660812330761 5785.671188116241 6720.848105959129 1817.9086780032558 -1275.7700863082264 2959.6482356900815 -304.81347901828303 -1545.8221912408444 -3923.4790260435393 -8837.85413406141 733.9544517879367 1158.3470291960384 2584.6652093824578 -8384.639726606632 -8436.20783517239
3721.6096655800593 -8156.362227108609 -696.7000506011682 183.4120609579113 5718.277362799374 -5054.437642692 9322.994369390406 9587.47673520476 -9542.582955841224 -6773.353694140305 9453.355750403298 -1817.8753687437556 -4810.316155297063 5916.211965652465 -648.365167218175
-7909.806452040482 -7217.551901812747 1190.3086290814372 8918.621493024919 -1642.5224097664777 8045.253650653722 1842.6206931929628 -336.07937589538415 1348.966223078698 2618.9044849070706 7125.387242343171 6111.282757610064 -100.02853331138795 1584.1358533694165 -9246.196403355068
6236.130345220565 -4480.538686434105 -249.08359269106404 -7612.9561817336435 -7471.555101576087 -2594.9566982681736 2722.2572588204002 4216.438082331084 7850.343670593666 -4029.74461013164 -3719.4242317409107 7704.437949215877 8966.845629131629 5711.453677948501 -1489.6144857393701
-2729.404387390784 -9884.841422788246 -910.1711313047763 3581.3525467489017 9301.395813542651 -9634.821891077157 5723.104320713801 5453.57825966812 -4282.436360707069 -4606.317609597241 9393.729042184365 -2606.35284279984 4640.523744434246 -9273.205869854502 7439.43944986436
7058.499950259047 -1133.7798818124593 -3506.6824229276517 4418.262270430598 9022.71155323317 7360.33105192471 983.6156568118113 9305.445635847918 7855.076714742834 748.95322010975 -2629.4207718646057 5568.7386786422285 -370.3502583555255 9581.66819905923 -3950.18041143367
2745.193601076555 -4454.3284495903235 -3592.621695051963 -7743.357367088215 611.8900284294159 -4530.436287636994 -6825.693116129092 -3482.1169732417093 -3666.33683819638 -5978.686562555258 -9453.298213238415 -4177.195879464885 -2643.4304385147534 3200.355873844832 -225.24607456314152
8535.259938150171 -4217.5396922319815 -2841.9915145704454 -5761.24498585255 893.2008764604598 -2806.2067535935585 5766.748617234836 -7191.162393875925 -586.4340828839977 2541.3002711453173 -2890.2247278170744 -1083.5460678000254 989.5655578020924 7430.511177684268 -2883.5430532285436
8227.086824017315 3990.924443492073 4852.939948671021 -9093.975431211531 -1347.762653039068 -6936.995439691909 482.50812100295116 -1260.4613497850387 8943.111335920956 9656.238772634588 9027.097224880115 -1046.2760700445124 5325.682650497543 -4821.9749018658795 -5481.374305308351
-4289.060875382606 7899.313788557873 4290.077376567429 2142.8791810263647 1724.1354016720925 -7558.559170194838 -3453.321206074309 4165.126644527856 -5123.151768759675 -4635.483491387524 1305.9166654915534 -5415.560348968061 9309.78660081434 8101.680797646157 9146.735558647058
-8602.662390794856 -7492.833228929776 5134.326783079994 -5689.256936433071 -9083.091055729155 4069.239024940627 -5539.848498852504 -2968.2384145936894 6937.50865266228 -8302.365904055761 -2141.1766902875825 1845.4677936612825 -952.9169216517948 -5633.014759166135 4936.850421870169
-9322.779819419022 3714.480156022024 -5761.604056556981 7539.925932156049 1022.7407805206767 224.84580273060055 -5155.685823400538 1478.7636625118557 -3642.877084111822 -4553.886288987319 5984.165013113739 -5597.821052549061 6377.864739775565 8757.943745055822 -8031.625014781589
-2376.5309215555526 3599.8603194065217 -3637.4839995525417 2507.036917205458 -7894.245458462665 1817.108835936553 3481.101803348445 4014.4163899780106 -1149.8121180815488 -5585.037451697083 6599.585320222355 -1092.7855789405876 -5094.095146927196 6467.746887865793 5121.127844793056
947.4118301604503 8078.878866733707 -9222.245810596889 -9246.313583221598 -5091.17735760235 5867.216609997275 981.8181750872827 -9002.427426866067 -5449.828626270541 -7607.863933434193 6397.524672246145 -898.1462498186029 -1597.0154595541007 4583.038175913709 -2606.9854258313744
-4356.616209002577 -8776.632207346836 7765.683503446729 3938.855416478653 6690.600104175344 -5279.767419161388 -5615.838684249472 7868.50408661001 7585.4877902089975 -9840.791133115583 -8004.566512553968 3054.2489788773582 -7991.031451584018 6881.5901024745035 -1537.2976394797206
8142.896612730317 -4927.677127714301 7986.452892250272 -7941.193856600461 -2812.348382057472 8824.44517115036 3691.9499965259256 5660.836000891961 1771.0695641848324 -8844.263562091368 4514.472508489873 -9072.29693602325 8390.358652397015 2159.544954172192 6493.889552335473
-2112.0148522436557 -3746.0378686551967 -3845.4314227344557 -1335.2299870304578 3759.7003927075584 -3565.5725987878714 -6059.959072445055 4659.532203076147 -3343.704729337249 4652.024209590771 -1436.3283658282144 8641.186056107752 737.6762437777743 8316.27264101139 -2225.4518531793074
-7157.150711440559 9176.741829897877 -2874.0816519042837 9209.129557450739 4602.978709237012 -9965.965654022264 1631.4981316397952 -677.2824130658428 7660.106888346207 -3599.5580369799864 -2792.1688572409976 -5858.289836259227 -4325.588896940413 8475.791164021764 2330.8436358188446
-7291.049343793837 467.29987546465236 3058.402137535768 -8355.595994205667 -6317.880183068661 -1625.6787728395575 5015.251619912806 3368.7854842176403 -1977.9902460013955 -5252.735161346176 -5470.435430882992 -1551.7030874167285 2386.2975099327778 4278.6198356525765 6769.049987240323
-7344.223805410516 4678.962155209943 9610.878698093467 -227.14899516555124 2289.3081939133826 7310.259385202622 6743.909653921826 9656.568773754647 3214.667159460041 -8997.639172387526 -8689.297637971355 -7123.47343060431 -2319.434588240503 1437.5255433633029 -7623.826084332319
-5770.851491987725 8221.635214528498 -7966.838185247211 9210.666119882419 1852.1306881749133 -7370.197614671186 9159.760858655744 5082.105734497258 1512.8820721892407 8130.539641095755 723.5837147464408 7640.083909211666 4652.9904267382135 -6860.390388407307 8291.712729844578
3374.5537575415674 5306.896892694142 9339.475288993865 5782.246178592874 -739.9222595162628 8551.106698029413 5392.789269993082 -5316.525858694341 1506.653046979187 -4863.99715994023 3288.505732897531 -2836.3105692913114 -4708.8288823474 -230.69579947487546 -537.9594480472606
-7470.7818984135565 -1137.5709079759472 -4494.726607032613 -4558.18199191185 -1994.7525045126604 -5887.855356007832 1323.252642237916 5132.985365753611 -9686.837964513723 2299.1230361876333 -9699.514606750387 -4933.29110778814 1340.7986188357881 -6493.224169222183 -2908.008061978384
8617.606081459282 9814.383728396053 -8771.954693987096 -6223.6082959344485 3745.0021037372935 -250.34238534547876 1669.1645959764828 7884.264251315413 3332.784906325216 -4018.6957581761963 -8434.042278603192 5866.447148038385 -2015.808013238916 6233.628327067669 -4834.4832292574465
-5406.3448649283255 5665.76854039152 -1447.3700948835194 -2808.8771422820864 5205.052803423168 8155.10732356997 5174.948635521492 1235.5478009637209 -1770.6371835478876 5953.786157732924 -9365.538538771725 -4372.655206450129 -6243.1768604822 1442.0867844716486 -8886.544979078868
5674.398706345293 -8957.354038786134 3839.910401368994 -2520.262950935581 -5377.273945470016 -3430.482490225968 -5640.480082040835 3672.6091142433306 6662.953669476814 -9028.647346618167 3018.844143539174 -3687.4945129711723 1485.368206701518 -6020.274534372767 -4439.699356756572
6887.079624514696 -9866.732973935985 -9708.805590376325 -5479.0182662314455 -3387.598812531378 7366.380705523519 4744.327122303825 -2192.553370133017 -282.8887328078981 -7458.512559789469 -8505.741111640677 -2171.0660694131275 466.36268737583487 7283.405632220449 -9248.958160409697
1327.352071253039 -6274.581625085137 5700.47848783898 3073.2727012490577 8094.0898398853715 8309.101893676452 -7703.857900774716 937.9173448403089 7750.226668867119 37.57595694662086 9476.514895991182 7245.544811173317 -5199.813686302124 1377.775586033922 -5218.064662480566
